[ 2016-03-08T10:07:34+08:00 ] ERR: (ThinkException) 非法操作:refactor
[ 2016-03-08T10:07:34+08:00 ] ERR: (ThinkException) 非法操作:scripts
[ 2016-03-08T10:07:34+08:00 ] ERR: (ThinkException) 非法操作:refactor
[ 2016-03-08T10:07:34+08:00 ] ERR: (ThinkException) 非法操作:refactor
[ 2016-03-08T10:07:34+08:00 ] ERR: (ThinkException) 非法操作:refactor
[ 2016-03-08T10:07:34+08:00 ] ERR: (ThinkException) 非法操作:scripts
[ 2016-03-08T10:07:35+08:00 ] ERR: (ThinkException) 非法操作:refactor
[ 2016-03-08T10:07:35+08:00 ] ERR: (ThinkException) 非法操作:sendFile
[ 2016-03-08T10:07:35+08:00 ] ERR: (ThinkException) 非法操作:closevisitor
[ 2016-03-08T10:07:35+08:00 ] ERR: (ThinkException) 非法操作:space
[ 2016-03-08T10:07:35+08:00 ] ERR: (ThinkException) 非法操作:space
[ 2016-03-08T10:07:35+08:00 ] ERR: (ThinkException) 非法操作:sounds
[ 2016-03-08T10:07:35+08:00 ] ERR: (ThinkException) 非法操作:style
[ 2016-03-08T10:07:37+08:00 ] ERR: (ThinkException) 非法操作:space
[ 2016-03-08T10:07:37+08:00 ] ERR: (ThinkException) 非法操作:style
[ 2016-03-08T10:07:37+08:00 ] ERR: (ThinkException) 非法操作:closevisitor
[ 2016-03-08T10:07:37+08:00 ] ERR: (ThinkException) 非法操作:sendFile
[ 2016-03-08T10:07:37+08:00 ] ERR: (ThinkException) 非法操作:space
[ 2016-03-08T10:07:37+08:00 ] ERR: (ThinkException) 非法操作:sounds
[ 2016-03-08T10:09:12+08:00 ] ERR: (ThinkException) 非法操作:refactor
[ 2016-03-08T10:09:12+08:00 ] ERR: (ThinkException) 非法操作:refactor
[ 2016-03-08T10:09:12+08:00 ] ERR: (ThinkException) 非法操作:refactor
[ 2016-03-08T10:09:12+08:00 ] ERR: (ThinkException) 非法操作:refactor
[ 2016-03-08T10:09:12+08:00 ] ERR: (ThinkException) 非法操作:scripts
[ 2016-03-08T10:09:12+08:00 ] ERR: (ThinkException) 非法操作:refactor
[ 2016-03-08T10:09:12+08:00 ] ERR: (ThinkException) 非法操作:scripts
[ 2016-03-08T10:09:12+08:00 ] ERR: (ThinkException) 非法操作:sendFile
[ 2016-03-08T10:09:12+08:00 ] ERR: (ThinkException) 非法操作:space
[ 2016-03-08T10:09:12+08:00 ] ERR: (ThinkException) 非法操作:style
[ 2016-03-08T10:09:12+08:00 ] ERR: (ThinkException) 非法操作:closevisitor
[ 2016-03-08T10:09:12+08:00 ] ERR: (ThinkException) 非法操作:sounds
[ 2016-03-08T10:09:12+08:00 ] ERR: (ThinkException) 非法操作:closevisitor
[ 2016-03-08T10:09:12+08:00 ] ERR: (ThinkException) 非法操作:sendFile
[ 2016-03-08T10:09:12+08:00 ] ERR: (ThinkException) 非法操作:scripts
[ 2016-03-08T10:09:12+08:00 ] ERR: (ThinkException) 非法操作:refactor
[ 2016-03-08T10:09:12+08:00 ] ERR: (ThinkException) 非法操作:style
[ 2016-03-08T10:09:12+08:00 ] ERR: (ThinkException) 非法操作:sounds
[ 2016-03-08T10:09:12+08:00 ] ERR: (ThinkException) 非法操作:space
[ 2016-03-08T10:09:12+08:00 ] ERR: (ThinkException) 非法操作:space
[ 2016-03-08T10:09:21+08:00 ] ERR: (ThinkException) 非法操作:启德教育
[ 2016-03-08T10:09:48+08:00 ] ERR: (ThinkException) 非法操作:refactor
[ 2016-03-08T10:09:48+08:00 ] ERR: (ThinkException) 非法操作:refactor
[ 2016-03-08T10:09:48+08:00 ] ERR: (ThinkException) 非法操作:refactor
[ 2016-03-08T10:09:48+08:00 ] ERR: (ThinkException) 非法操作:refactor
[ 2016-03-08T10:09:48+08:00 ] ERR: (ThinkException) 非法操作:scripts
[ 2016-03-08T10:09:48+08:00 ] ERR: (ThinkException) 非法操作:scripts
[ 2016-03-08T10:09:48+08:00 ] ERR: (ThinkException) 非法操作:refactor
[ 2016-03-08T10:09:48+08:00 ] ERR: (ThinkException) 非法操作:sendFile
[ 2016-03-08T10:09:48+08:00 ] ERR: (ThinkException) 非法操作:space
[ 2016-03-08T10:09:48+08:00 ] ERR: (ThinkException) 非法操作:closevisitor
[ 2016-03-08T10:09:48+08:00 ] ERR: (ThinkException) 非法操作:space
[ 2016-03-08T10:09:48+08:00 ] ERR: (ThinkException) 非法操作:sounds
[ 2016-03-08T10:09:48+08:00 ] ERR: (ThinkException) 非法操作:style
[ 2016-03-08T10:09:48+08:00 ] ERR: (ThinkException) 非法操作:space
[ 2016-03-08T10:09:48+08:00 ] ERR: (ThinkException) 非法操作:closevisitor
[ 2016-03-08T10:09:48+08:00 ] ERR: (ThinkException) 非法操作:space
[ 2016-03-08T10:09:48+08:00 ] ERR: (ThinkException) 非法操作:sendFile
[ 2016-03-08T10:09:48+08:00 ] ERR: (ThinkException) 非法操作:style
[ 2016-03-08T10:09:48+08:00 ] ERR: (ThinkException) 非法操作:sounds
[ 2016-03-08T10:10:46+08:00 ] ERR: (ThinkException) 非法操作:style
[ 2016-03-08T10:10:46+08:00 ] ERR: (ThinkException) 非法操作:style
[ 2016-03-08T10:10:46+08:00 ] ERR: (ThinkException) 非法操作:images
[ 2016-03-08T10:10:46+08:00 ] ERR: (ThinkException) 非法操作:images
[ 2016-03-08T10:10:46+08:00 ] ERR: (ThinkException) 非法操作:images
[ 2016-03-08T10:10:46+08:00 ] ERR: (ThinkException) 非法操作:images
[ 2016-03-08T10:10:46+08:00 ] ERR: (ThinkException) 非法操作:images
[ 2016-03-08T10:10:46+08:00 ] ERR: (ThinkException) 非法操作:images
[ 2016-03-08T10:10:46+08:00 ] ERR: (ThinkException) 非法操作:images
[ 2016-03-08T10:10:46+08:00 ] ERR: (ThinkException) 非法操作:images
[ 2016-03-08T10:10:46+08:00 ] ERR: (ThinkException) 非法操作:images
[ 2016-03-08T10:10:47+08:00 ] ERR: (ThinkException) 非法操作:style
[ 2016-03-08T10:10:47+08:00 ] ERR: (ThinkException) 非法操作:images
[ 2016-03-08T10:10:47+08:00 ] ERR: (ThinkException) 非法操作:images
[ 2016-03-08T10:10:47+08:00 ] ERR: (ThinkException) 非法操作:style
[ 2016-03-08T10:10:47+08:00 ] ERR: (ThinkException) 非法操作:images
[ 2016-03-08T10:10:47+08:00 ] ERR: (ThinkException) 非法操作:images
[ 2016-03-08T10:10:47+08:00 ] ERR: (ThinkException) 非法操作:images
[ 2016-03-08T10:10:47+08:00 ] ERR: (ThinkException) 非法操作:images
[ 2016-03-08T10:10:47+08:00 ] ERR: (ThinkException) 非法操作:images
[ 2016-03-08T10:10:47+08:00 ] ERR: (ThinkException) 非法操作:images
[ 2016-03-08T10:10:47+08:00 ] ERR: (ThinkException) 非法操作:images
[ 2016-03-08T10:10:47+08:00 ] ERR: (ThinkException) 非法操作:images
[ 2016-03-08T10:10:47+08:00 ] ERR: (ThinkException) 非法操作:images
[ 2016-03-08T10:10:47+08:00 ] ERR: (ThinkException) 非法操作:images
[ 2016-03-08T10:10:47+08:00 ] ERR: (ThinkException) 非法操作:images
[ 2016-03-08T10:10:47+08:00 ] ERR: (ThinkException) 非法操作:images
[ 2016-03-08T10:10:48+08:00 ] ERR: (ThinkException) 非法操作:images
[ 2016-03-08T10:10:48+08:00 ] ERR: (ThinkException) 非法操作:images
[ 2016-03-08T10:10:48+08:00 ] ERR: (ThinkException) 非法操作:images
[ 2016-03-08T10:10:48+08:00 ] ERR: (ThinkException) 非法操作:images
[ 2016-03-08T10:10:48+08:00 ] ERR: (ThinkException) 非法操作:images
[ 2016-03-08T10:10:48+08:00 ] ERR: (ThinkException) 非法操作:images
[ 2016-03-08T10:10:48+08:00 ] ERR: (ThinkException) 非法操作:images
[ 2016-03-08T10:10:48+08:00 ] ERR: (ThinkException) 非法操作:images
[ 2016-03-08T10:10:48+08:00 ] ERR: (ThinkException) 非法操作:images
[ 2016-03-08T10:10:48+08:00 ] ERR: (ThinkException) 非法操作:images
[ 2016-03-08T10:10:48+08:00 ] ERR: (ThinkException) 非法操作:images
[ 2016-03-08T10:10:48+08:00 ] ERR: (ThinkException) 非法操作:images
[ 2016-03-08T10:10:48+08:00 ] ERR: (ThinkException) 非法操作:images
[ 2016-03-08T10:10:48+08:00 ] ERR: (ThinkException) 非法操作:images
[ 2016-03-08T10:10:48+08:00 ] ERR: (ThinkException) 非法操作:images
[ 2016-03-08T10:10:49+08:00 ] ERR: (ThinkException) 非法操作:style
[ 2016-03-08T10:10:49+08:00 ] ERR: (ThinkException) 非法操作:images
[ 2016-03-08T10:10:49+08:00 ] ERR: (ThinkException) 非法操作:images
[ 2016-03-08T10:10:49+08:00 ] ERR: (ThinkException) 非法操作:images
[ 2016-03-08T10:10:49+08:00 ] ERR: (ThinkException) 非法操作:style
[ 2016-03-08T10:10:49+08:00 ] ERR: (ThinkException) 非法操作:images
[ 2016-03-08T10:10:49+08:00 ] ERR: (ThinkException) 非法操作:images
[ 2016-03-08T10:10:49+08:00 ] ERR: (ThinkException) 非法操作:images
[ 2016-03-08T10:10:49+08:00 ] ERR: (ThinkException) 非法操作:images
[ 2016-03-08T10:10:49+08:00 ] ERR: (ThinkException) 非法操作:images
[ 2016-03-08T10:10:49+08:00 ] ERR: (ThinkException) 非法操作:images
[ 2016-03-08T10:10:49+08:00 ] ERR: (ThinkException) 非法操作:images
[ 2016-03-08T10:10:49+08:00 ] ERR: (ThinkException) 非法操作:images
[ 2016-03-08T10:10:49+08:00 ] ERR: (ThinkException) 非法操作:images
[ 2016-03-08T10:24:51+08:00 ] ERR: (ThinkException) 非法操作:refactor
[ 2016-03-08T10:24:52+08:00 ] ERR: (ThinkException) 非法操作:refactor
[ 2016-03-08T10:24:52+08:00 ] ERR: (ThinkException) 非法操作:refactor
[ 2016-03-08T10:24:52+08:00 ] ERR: (ThinkException) 非法操作:scripts
[ 2016-03-08T10:24:52+08:00 ] ERR: (ThinkException) 非法操作:refactor
[ 2016-03-08T10:24:52+08:00 ] ERR: (ThinkException) 非法操作:refactor
[ 2016-03-08T10:24:52+08:00 ] ERR: (ThinkException) 非法操作:scripts
[ 2016-03-08T10:24:52+08:00 ] ERR: (ThinkException) 非法操作:sendFile
[ 2016-03-08T10:24:52+08:00 ] ERR: (ThinkException) 非法操作:closevisitor
[ 2016-03-08T10:24:52+08:00 ] ERR: (ThinkException) 非法操作:space
[ 2016-03-08T10:24:52+08:00 ] ERR: (ThinkException) 非法操作:space
[ 2016-03-08T10:24:52+08:00 ] ERR: (ThinkException) 非法操作:style
[ 2016-03-08T10:24:52+08:00 ] ERR: (ThinkException) 非法操作:sounds
[ 2016-03-08T10:24:52+08:00 ] ERR: (ThinkException) 非法操作:style
[ 2016-03-08T10:24:52+08:00 ] ERR: (ThinkException) 非法操作:space
[ 2016-03-08T10:24:52+08:00 ] ERR: (ThinkException) 非法操作:space
[ 2016-03-08T10:24:52+08:00 ] ERR: (ThinkException) 非法操作:sendFile
[ 2016-03-08T10:24:52+08:00 ] ERR: (ThinkException) 非法操作:sounds
[ 2016-03-08T10:24:52+08:00 ] ERR: (ThinkException) 非法操作:closevisitor
[ 2016-03-08T11:35:10+08:00 ] ERR: (ThinkException) 非法操作:images
[ 2016-03-08T11:35:10+08:00 ] ERR: (ThinkException) 非法操作:images
[ 2016-03-08T11:35:10+08:00 ] ERR: (ThinkException) 非法操作:images
[ 2016-03-08T11:35:10+08:00 ] ERR: (ThinkException) 非法操作:images
[ 2016-03-08T11:35:10+08:00 ] ERR: (ThinkException) 非法操作:style
[ 2016-03-08T11:35:10+08:00 ] ERR: (ThinkException) 非法操作:style
[ 2016-03-08T11:35:10+08:00 ] ERR: (ThinkException) 非法操作:images
[ 2016-03-08T11:35:10+08:00 ] ERR: (ThinkException) 非法操作:images
[ 2016-03-08T11:35:10+08:00 ] ERR: (ThinkException) 非法操作:images
[ 2016-03-08T11:35:10+08:00 ] ERR: (ThinkException) 非法操作:images
[ 2016-03-08T11:35:10+08:00 ] ERR: (ThinkException) 非法操作:images
[ 2016-03-08T11:37:41+08:00 ] ERR: (ThinkException) 非法操作:images
[ 2016-03-08T11:37:41+08:00 ] ERR: (ThinkException) 非法操作:images
[ 2016-03-08T11:37:41+08:00 ] ERR: (ThinkException) 非法操作:images
[ 2016-03-08T11:37:41+08:00 ] ERR: (ThinkException) 非法操作:style
[ 2016-03-08T11:37:41+08:00 ] ERR: (ThinkException) 非法操作:images
[ 2016-03-08T11:37:41+08:00 ] ERR: (ThinkException) 非法操作:images
[ 2016-03-08T11:37:41+08:00 ] ERR: (ThinkException) 非法操作:images
[ 2016-03-08T11:37:41+08:00 ] ERR: (ThinkException) 非法操作:images
[ 2016-03-08T11:37:41+08:00 ] ERR: (ThinkException) 非法操作:images
[ 2016-03-08T11:37:41+08:00 ] ERR: (ThinkException) 非法操作:images
[ 2016-03-08T11:37:41+08:00 ] ERR: (ThinkException) 非法操作:style
[ 2016-03-08T11:37:41+08:00 ] ERR: (ThinkException) 非法操作:style
[ 2016-03-08T11:37:41+08:00 ] ERR: (ThinkException) 非法操作:images
[ 2016-03-08T11:37:41+08:00 ] ERR: (ThinkException) 非法操作:images
[ 2016-03-08T11:37:41+08:00 ] ERR: (ThinkException) 非法操作:images
[ 2016-03-08T11:37:41+08:00 ] ERR: (ThinkException) 非法操作:images
[ 2016-03-08T11:37:41+08:00 ] ERR: (ThinkException) 非法操作:style
[ 2016-03-08T11:37:41+08:00 ] ERR: (ThinkException) 非法操作:images
[ 2016-03-08T11:37:41+08:00 ] ERR: (ThinkException) 非法操作:images
[ 2016-03-08T11:37:41+08:00 ] ERR: (ThinkException) 非法操作:images
[ 2016-03-08T11:37:41+08:00 ] ERR: (ThinkException) 非法操作:images
[ 2016-03-08T11:37:41+08:00 ] ERR: (ThinkException) 非法操作:images
[ 2016-03-08T11:37:42+08:00 ] ERR: (ThinkException) 非法操作:style
[ 2016-03-08T11:37:42+08:00 ] ERR: (ThinkException) 非法操作:style
[ 2016-03-08T11:37:42+08:00 ] ERR: (ThinkException) 非法操作:images
[ 2016-03-08T11:37:42+08:00 ] ERR: (ThinkException) 非法操作:images
[ 2016-03-08T11:37:42+08:00 ] ERR: (ThinkException) 非法操作:images
[ 2016-03-08T11:37:42+08:00 ] ERR: (ThinkException) 非法操作:images
[ 2016-03-08T11:37:42+08:00 ] ERR: (ThinkException) 非法操作:images
[ 2016-03-08T11:37:42+08:00 ] ERR: (ThinkException) 非法操作:images
[ 2016-03-08T11:37:42+08:00 ] ERR: (ThinkException) 非法操作:images
[ 2016-03-08T11:37:42+08:00 ] ERR: (ThinkException) 非法操作:images
[ 2016-03-08T11:37:42+08:00 ] ERR: (ThinkException) 非法操作:images
[ 2016-03-08T11:37:42+08:00 ] ERR: (ThinkException) 非法操作:images
[ 2016-03-08T11:37:42+08:00 ] ERR: (ThinkException) 非法操作:images
[ 2016-03-08T11:37:42+08:00 ] ERR: (ThinkException) 非法操作:images
[ 2016-03-08T11:37:42+08:00 ] ERR: (ThinkException) 非法操作:style
[ 2016-03-08T11:37:42+08:00 ] ERR: (ThinkException) 非法操作:style
[ 2016-03-08T11:37:42+08:00 ] ERR: (ThinkException) 非法操作:images
[ 2016-03-08T11:37:42+08:00 ] ERR: (ThinkException) 非法操作:images
[ 2016-03-08T11:37:42+08:00 ] ERR: (ThinkException) 非法操作:images
[ 2016-03-08T11:37:42+08:00 ] ERR: (ThinkException) 非法操作:images
[ 2016-03-08T11:37:42+08:00 ] ERR: (ThinkException) 非法操作:images
[ 2016-03-08T11:37:43+08:00 ] ERR: (ThinkException) 非法操作:style
[ 2016-03-08T11:37:43+08:00 ] ERR: (ThinkException) 非法操作:style
[ 2016-03-08T11:37:43+08:00 ] ERR: (ThinkException) 非法操作:images
[ 2016-03-08T11:37:43+08:00 ] ERR: (ThinkException) 非法操作:images
[ 2016-03-08T11:37:43+08:00 ] ERR: (ThinkException) 非法操作:images
[ 2016-03-08T11:37:43+08:00 ] ERR: (ThinkException) 非法操作:images
[ 2016-03-08T11:37:43+08:00 ] ERR: (ThinkException) 非法操作:images
[ 2016-03-08T11:37:43+08:00 ] ERR: (ThinkException) 非法操作:images
[ 2016-03-08T11:37:43+08:00 ] ERR: (ThinkException) 非法操作:images
[ 2016-03-08T11:37:43+08:00 ] ERR: (ThinkException) 非法操作:images
[ 2016-03-08T11:37:43+08:00 ] ERR: (ThinkException) 非法操作:images
[ 2016-03-08T11:37:43+08:00 ] ERR: (ThinkException) 非法操作:style
[ 2016-03-08T11:37:43+08:00 ] ERR: (ThinkException) 非法操作:images
[ 2016-03-08T11:37:43+08:00 ] ERR: (ThinkException) 非法操作:images
[ 2016-03-08T11:37:43+08:00 ] ERR: (ThinkException) 非法操作:images
[ 2016-03-08T11:37:43+08:00 ] ERR: (ThinkException) 非法操作:images
[ 2016-03-08T11:37:43+08:00 ] ERR: (ThinkException) 非法操作:style
[ 2016-03-08T11:37:43+08:00 ] ERR: (ThinkException) 非法操作:images
[ 2016-03-08T11:37:43+08:00 ] ERR: (ThinkException) 非法操作:images
[ 2016-03-08T11:37:43+08:00 ] ERR: (ThinkException) 非法操作:images
[ 2016-03-08T11:37:43+08:00 ] ERR: (ThinkException) 非法操作:images
[ 2016-03-08T11:37:43+08:00 ] ERR: (ThinkException) 非法操作:images
[ 2016-03-08T11:38:13+08:00 ] ERR: (ThinkException) 非法操作:style
[ 2016-03-08T11:38:13+08:00 ] ERR: (ThinkException) 非法操作:images
[ 2016-03-08T11:38:13+08:00 ] ERR: (ThinkException) 非法操作:images
[ 2016-03-08T11:38:13+08:00 ] ERR: (ThinkException) 非法操作:images
[ 2016-03-08T11:38:13+08:00 ] ERR: (ThinkException) 非法操作:images
[ 2016-03-08T11:38:13+08:00 ] ERR: (ThinkException) 非法操作:style
[ 2016-03-08T11:38:13+08:00 ] ERR: (ThinkException) 非法操作:images
[ 2016-03-08T11:38:13+08:00 ] ERR: (ThinkException) 非法操作:images
[ 2016-03-08T11:38:13+08:00 ] ERR: (ThinkException) 非法操作:images
[ 2016-03-08T11:38:13+08:00 ] ERR: (ThinkException) 非法操作:images
[ 2016-03-08T11:38:13+08:00 ] ERR: (ThinkException) 非法操作:images
[ 2016-03-08T11:38:14+08:00 ] ERR: (ThinkException) 非法操作:style
[ 2016-03-08T11:38:14+08:00 ] ERR: (ThinkException) 非法操作:style
[ 2016-03-08T11:38:14+08:00 ] ERR: (ThinkException) 非法操作:images
[ 2016-03-08T11:38:14+08:00 ] ERR: (ThinkException) 非法操作:images
[ 2016-03-08T11:38:14+08:00 ] ERR: (ThinkException) 非法操作:images
[ 2016-03-08T11:38:14+08:00 ] ERR: (ThinkException) 非法操作:images
[ 2016-03-08T11:38:14+08:00 ] ERR: (ThinkException) 非法操作:images
[ 2016-03-08T11:38:14+08:00 ] ERR: (ThinkException) 非法操作:images
[ 2016-03-08T11:38:14+08:00 ] ERR: (ThinkException) 非法操作:images
[ 2016-03-08T11:38:14+08:00 ] ERR: (ThinkException) 非法操作:images
[ 2016-03-08T11:38:14+08:00 ] ERR: (ThinkException) 非法操作:images
[ 2016-03-08T11:38:14+08:00 ] ERR: (ThinkException) 非法操作:style
[ 2016-03-08T11:38:14+08:00 ] ERR: (ThinkException) 非法操作:images
[ 2016-03-08T11:38:14+08:00 ] ERR: (ThinkException) 非法操作:images
[ 2016-03-08T11:38:14+08:00 ] ERR: (ThinkException) 非法操作:style
[ 2016-03-08T11:38:14+08:00 ] ERR: (ThinkException) 非法操作:images
[ 2016-03-08T11:38:14+08:00 ] ERR: (ThinkException) 非法操作:images
[ 2016-03-08T11:38:14+08:00 ] ERR: (ThinkException) 非法操作:images
[ 2016-03-08T11:38:14+08:00 ] ERR: (ThinkException) 非法操作:images
[ 2016-03-08T11:38:14+08:00 ] ERR: (ThinkException) 非法操作:images
[ 2016-03-08T11:38:14+08:00 ] ERR: (ThinkException) 非法操作:images
[ 2016-03-08T11:38:14+08:00 ] ERR: (ThinkException) 非法操作:images
[ 2016-03-08T11:38:14+08:00 ] ERR: (ThinkException) 非法操作:style
[ 2016-03-08T11:38:14+08:00 ] ERR: (ThinkException) 非法操作:images
[ 2016-03-08T11:38:14+08:00 ] ERR: (ThinkException) 非法操作:images
[ 2016-03-08T11:38:14+08:00 ] ERR: (ThinkException) 非法操作:images
[ 2016-03-08T11:38:14+08:00 ] ERR: (ThinkException) 非法操作:images
[ 2016-03-08T11:38:14+08:00 ] ERR: (ThinkException) 非法操作:images
[ 2016-03-08T11:38:14+08:00 ] ERR: (ThinkException) 非法操作:style
[ 2016-03-08T11:38:14+08:00 ] ERR: (ThinkException) 非法操作:images
[ 2016-03-08T11:38:14+08:00 ] ERR: (ThinkException) 非法操作:images
[ 2016-03-08T11:38:14+08:00 ] ERR: (ThinkException) 非法操作:images
[ 2016-03-08T11:38:14+08:00 ] ERR: (ThinkException) 非法操作:images
[ 2016-03-08T11:38:14+08:00 ] ERR: (ThinkException) 非法操作:images
[ 2016-03-08T11:38:14+08:00 ] ERR: (ThinkException) 非法操作:style
[ 2016-03-08T11:38:14+08:00 ] ERR: (ThinkException) 非法操作:images
[ 2016-03-08T11:38:14+08:00 ] ERR: (ThinkException) 非法操作:style
[ 2016-03-08T11:38:14+08:00 ] ERR: (ThinkException) 非法操作:images
[ 2016-03-08T11:38:14+08:00 ] ERR: (ThinkException) 非法操作:images
[ 2016-03-08T11:38:14+08:00 ] ERR: (ThinkException) 非法操作:images
[ 2016-03-08T11:38:14+08:00 ] ERR: (ThinkException) 非法操作:images
[ 2016-03-08T11:38:14+08:00 ] ERR: (ThinkException) 非法操作:images
[ 2016-03-08T11:39:17+08:00 ] ERR: (ThinkException) 非法操作:style
[ 2016-03-08T11:39:17+08:00 ] ERR: (ThinkException) 非法操作:images
[ 2016-03-08T11:39:17+08:00 ] ERR: (ThinkException) 非法操作:style
[ 2016-03-08T11:39:17+08:00 ] ERR: (ThinkException) 非法操作:images
[ 2016-03-08T11:39:17+08:00 ] ERR: (ThinkException) 非法操作:images
[ 2016-03-08T11:40:26+08:00 ] ERR: (ThinkException) 非法操作:style
[ 2016-03-08T11:40:26+08:00 ] ERR: (ThinkException) 非法操作:style
[ 2016-03-08T11:40:26+08:00 ] ERR: (ThinkException) 非法操作:images
[ 2016-03-08T11:40:26+08:00 ] ERR: (ThinkException) 非法操作:images
[ 2016-03-08T11:40:26+08:00 ] ERR: (ThinkException) 非法操作:images
[ 2016-03-08T14:43:30+08:00 ] ERR: (ThinkException) 非法操作:Opeartion
[ 2016-03-08T14:44:18+08:00 ] ERR: (ThinkException) 非法操作:buy
[ 2016-03-08T15:18:09+08:00 ] ERR: (ThinkException) 非法操作:compute
[ 2016-03-08T15:38:53+08:00 ] ERR: (ThinkException) 非法操作:refactor
[ 2016-03-08T15:38:53+08:00 ] ERR: (ThinkException) 非法操作:refactor
[ 2016-03-08T15:38:53+08:00 ] ERR: (ThinkException) 非法操作:refactor
[ 2016-03-08T15:38:53+08:00 ] ERR: (ThinkException) 非法操作:refactor
[ 2016-03-08T15:38:53+08:00 ] ERR: (ThinkException) 非法操作:scripts
[ 2016-03-08T15:38:53+08:00 ] ERR: (ThinkException) 非法操作:scripts
[ 2016-03-08T15:38:53+08:00 ] ERR: (ThinkException) 非法操作:refactor
[ 2016-03-08T15:38:53+08:00 ] ERR: (ThinkException) 非法操作:sendFile
[ 2016-03-08T15:38:53+08:00 ] ERR: (ThinkException) 非法操作:space
[ 2016-03-08T15:38:53+08:00 ] ERR: (ThinkException) 非法操作:closevisitor
[ 2016-03-08T15:38:53+08:00 ] ERR: (ThinkException) 非法操作:style
[ 2016-03-08T15:38:53+08:00 ] ERR: (ThinkException) 非法操作:sounds
[ 2016-03-08T15:38:53+08:00 ] ERR: (ThinkException) 非法操作:space
[ 2016-03-08T15:41:56+08:00 ] ERR: (ThinkException) 非法操作:请先登录
[ 2016-03-08T15:43:27+08:00 ] ERR: (ThinkException) 非法操作:Opeaartion
[ 2016-03-08T15:43:35+08:00 ] ERR: (ThinkException) 非法操作:Opeartion
[ 2016-03-08T15:43:55+08:00 ] ERR: (ThinkException) 非法操作:Opeartion
[ 2016-03-08T15:43:56+08:00 ] ERR: (ThinkException) 非法操作:Opeaartion
[ 2016-03-08T16:13:17+08:00 ] ERR: (ThinkException) 无法加载模块:Opeartiom
[ 2016-03-08T16:13:41+08:00 ] ERR: (ThinkException) 非法操作:scripts
[ 2016-03-08T16:13:41+08:00 ] ERR: (ThinkException) 非法操作:refactor
[ 2016-03-08T16:13:41+08:00 ] ERR: (ThinkException) 非法操作:refactor
[ 2016-03-08T16:13:41+08:00 ] ERR: (ThinkException) 非法操作:refactor
[ 2016-03-08T16:13:41+08:00 ] ERR: (ThinkException) 非法操作:refactor
[ 2016-03-08T16:13:41+08:00 ] ERR: (ThinkException) 非法操作:refactor
[ 2016-03-08T16:13:41+08:00 ] ERR: (ThinkException) 非法操作:scripts
[ 2016-03-08T16:13:41+08:00 ] ERR: (ThinkException) 非法操作:closevisitor
[ 2016-03-08T16:13:41+08:00 ] ERR: (ThinkException) 非法操作:style
[ 2016-03-08T16:13:41+08:00 ] ERR: (ThinkException) 非法操作:sounds
[ 2016-03-08T16:13:41+08:00 ] ERR: (ThinkException) 非法操作:sendFile
[ 2016-03-08T16:13:41+08:00 ] ERR: (ThinkException) 非法操作:space
[ 2016-03-08T16:13:42+08:00 ] ERR: (ThinkException) 非法操作:space
[ 2016-03-08T16:21:43+08:00 ] ERR: (ThinkException) 无法加载模块:Others
[ 2016-03-08T16:21:55+08:00 ] ERR: (ThinkException) 无法加载模块:Others
[ 2016-03-08T16:22:34+08:00 ] ERR: (ThinkException) 模板不存在[./Home/Tpl/Other/other.html]
[ 2016-03-08T20:01:04+08:00 ] ERR: (ThinkException) 非法操作:zixun
[ 2016-03-08T20:38:14+08:00 ] ERR: (ThinkException) 无法加载模块:Opearation
[ 2016-03-08T22:40:33+08:00 ] 0.0.0.0 /WebLaw/index.php/Index/checkName?username=567
INFO: [ app_begin ] --START--
INFO: Run ReadHtmlCache Behavior [ RunTime:0.001527s ]
INFO: [ app_begin ] --END-- [ RunTime:0.001753s ]
SQL: SHOW COLUMNS FROM `wl_user` [ RunTime:0.004808s ]
SQL: SELECT COUNT(*) AS tp_count FROM `wl_user` WHERE ( `username` = '567' ) LIMIT 1   [ RunTime:0.074457s ]

[ 2016-03-08T22:40:37+08:00 ] 0.0.0.0 /WebLaw/index.php/Index/checkName?username=567
INFO: [ app_begin ] --START--
INFO: Run ReadHtmlCache Behavior [ RunTime:0.001841s ]
INFO: [ app_begin ] --END-- [ RunTime:0.002136s ]
SQL: SHOW COLUMNS FROM `wl_user` [ RunTime:0.003434s ]
SQL: SELECT COUNT(*) AS tp_count FROM `wl_user` WHERE ( `username` = '567' ) LIMIT 1   [ RunTime:0.000490s ]

[ 2016-03-08T22:43:21+08:00 ] 0.0.0.0 /WebLaw/index.php/Index/checkName?username=111
INFO: [ app_begin ] --START--
INFO: Run ReadHtmlCache Behavior [ RunTime:0.001799s ]
INFO: [ app_begin ] --END-- [ RunTime:0.001906s ]
SQL: SHOW COLUMNS FROM `wl_user` [ RunTime:0.004538s ]
SQL: SELECT COUNT(*) AS tp_count FROM `wl_user` WHERE ( `username` = '111' ) LIMIT 1   [ RunTime:0.000574s ]

[ 2016-03-08T22:43:22+08:00 ] 0.0.0.0 /WebLaw/index.php/Index/checkName?username=111111
INFO: [ app_begin ] --START--
INFO: Run ReadHtmlCache Behavior [ RunTime:0.001933s ]
INFO: [ app_begin ] --END-- [ RunTime:0.002044s ]
SQL: SHOW COLUMNS FROM `wl_user` [ RunTime:0.003969s ]
SQL: SELECT COUNT(*) AS tp_count FROM `wl_user` WHERE ( `username` = '111111' ) LIMIT 1   [ RunTime:0.000454s ]

[ 2016-03-08T22:43:25+08:00 ] 0.0.0.0 /WebLaw/index.php/Index/checkName?username=
INFO: [ app_begin ] --START--
INFO: Run ReadHtmlCache Behavior [ RunTime:0.001656s ]
INFO: [ app_begin ] --END-- [ RunTime:0.001759s ]
SQL: SHOW COLUMNS FROM `wl_user` [ RunTime:0.004014s ]
SQL: SELECT COUNT(*) AS tp_count FROM `wl_user` WHERE ( `username` = '' ) LIMIT 1   [ RunTime:0.000450s ]

[ 2016-03-08T22:45:29+08:00 ] 0.0.0.0 /WebLaw/index.php/Index/checkName?username=111
INFO: [ app_begin ] --START--
INFO: Run ReadHtmlCache Behavior [ RunTime:0.001248s ]
INFO: [ app_begin ] --END-- [ RunTime:0.001347s ]
SQL: SHOW COLUMNS FROM `wl_user` [ RunTime:0.004107s ]
SQL: SELECT COUNT(*) AS tp_count FROM `wl_user` WHERE ( `username` = '111' ) LIMIT 1   [ RunTime:0.000548s ]

[ 2016-03-08T22:45:43+08:00 ] 0.0.0.0 /WebLaw/index.php/Index/checkName?username=111
INFO: [ app_begin ] --START--
INFO: Run ReadHtmlCache Behavior [ RunTime:0.000951s ]
INFO: [ app_begin ] --END-- [ RunTime:0.001038s ]
SQL: SHOW COLUMNS FROM `wl_user` [ RunTime:0.003473s ]
SQL: SELECT COUNT(*) AS tp_count FROM `wl_user` WHERE ( `username` = '111' ) LIMIT 1   [ RunTime:0.000455s ]

[ 2016-03-08T22:45:44+08:00 ] 0.0.0.0 /WebLaw/index.php/Index/checkName?username=111
INFO: [ app_begin ] --START--
INFO: Run ReadHtmlCache Behavior [ RunTime:0.002202s ]
INFO: [ app_begin ] --END-- [ RunTime:0.002412s ]
SQL: SHOW COLUMNS FROM `wl_user` [ RunTime:0.003785s ]
SQL: SELECT COUNT(*) AS tp_count FROM `wl_user` WHERE ( `username` = '111' ) LIMIT 1   [ RunTime:0.000413s ]

[ 2016-03-08T22:46:14+08:00 ] 0.0.0.0 /WebLaw/index.php/Index/checkName?username=111
INFO: [ app_begin ] --START--
INFO: Run ReadHtmlCache Behavior [ RunTime:0.000661s ]
INFO: [ app_begin ] --END-- [ RunTime:0.000747s ]
SQL: SHOW COLUMNS FROM `wl_user` [ RunTime:0.003559s ]
SQL: SELECT COUNT(*) AS tp_count FROM `wl_user` WHERE ( `username` = '111' ) LIMIT 1   [ RunTime:0.000425s ]

[ 2016-03-08T22:46:17+08:00 ] 0.0.0.0 /WebLaw/index.php/Index/checkName?username=q
INFO: [ app_begin ] --START--
INFO: Run ReadHtmlCache Behavior [ RunTime:0.000968s ]
INFO: [ app_begin ] --END-- [ RunTime:0.001147s ]
SQL: SHOW COLUMNS FROM `wl_user` [ RunTime:0.004140s ]
SQL: SELECT COUNT(*) AS tp_count FROM `wl_user` WHERE ( `username` = 'q' ) LIMIT 1   [ RunTime:0.000519s ]

[ 2016-03-08T22:46:19+08:00 ] 0.0.0.0 /WebLaw/index.php/Index/checkName?username=111
INFO: [ app_begin ] --START--
INFO: Run ReadHtmlCache Behavior [ RunTime:0.000972s ]
INFO: [ app_begin ] --END-- [ RunTime:0.001129s ]
SQL: SHOW COLUMNS FROM `wl_user` [ RunTime:0.004140s ]
SQL: SELECT COUNT(*) AS tp_count FROM `wl_user` WHERE ( `username` = '111' ) LIMIT 1   [ RunTime:0.000501s ]

[ 2016-03-08T22:46:20+08:00 ] 0.0.0.0 /WebLaw/index.php/Index/checkName?username=111
INFO: [ app_begin ] --START--
INFO: Run ReadHtmlCache Behavior [ RunTime:0.001514s ]
INFO: [ app_begin ] --END-- [ RunTime:0.001716s ]
SQL: SHOW COLUMNS FROM `wl_user` [ RunTime:0.003536s ]
SQL: SELECT COUNT(*) AS tp_count FROM `wl_user` WHERE ( `username` = '111' ) LIMIT 1   [ RunTime:0.000436s ]

[ 2016-03-08T22:46:23+08:00 ] 0.0.0.0 /WebLaw/index.php/Index/checkName?username=%E9%99%88%E4%BD%B3%E7%90%AA
INFO: [ app_begin ] --START--
INFO: Run ReadHtmlCache Behavior [ RunTime:0.001118s ]
INFO: [ app_begin ] --END-- [ RunTime:0.001259s ]
SQL: SHOW COLUMNS FROM `wl_user` [ RunTime:0.003432s ]
SQL: SELECT COUNT(*) AS tp_count FROM `wl_user` WHERE ( `username` = '陈佳琪' ) LIMIT 1   [ RunTime:0.000398s ]

[ 2016-03-08T22:46:25+08:00 ] 0.0.0.0 /WebLaw/index.php/Index/checkName?username=222
INFO: [ app_begin ] --START--
INFO: Run ReadHtmlCache Behavior [ RunTime:0.000791s ]
INFO: [ app_begin ] --END-- [ RunTime:0.000898s ]
SQL: SHOW COLUMNS FROM `wl_user` [ RunTime:0.004450s ]
SQL: SELECT COUNT(*) AS tp_count FROM `wl_user` WHERE ( `username` = '222' ) LIMIT 1   [ RunTime:0.000498s ]

[ 2016-03-08T22:48:59+08:00 ] 0.0.0.0 /WebLaw/index.php/Index/checkName?username=222
INFO: [ app_begin ] --START--
INFO: Run ReadHtmlCache Behavior [ RunTime:0.001390s ]
INFO: [ app_begin ] --END-- [ RunTime:0.001516s ]
SQL: SHOW COLUMNS FROM `wl_user` [ RunTime:0.003507s ]
SQL: SELECT COUNT(*) AS tp_count FROM `wl_user` WHERE ( `username` = '222' ) LIMIT 1   [ RunTime:0.000421s ]

[ 2016-03-08T22:55:57+08:00 ] 0.0.0.0 /WebLaw/index.php/Index/checkName?username=111
INFO: [ app_begin ] --START--
INFO: Run ReadHtmlCache Behavior [ RunTime:0.001206s ]
INFO: [ app_begin ] --END-- [ RunTime:0.001328s ]
SQL: SHOW COLUMNS FROM `wl_user` [ RunTime:0.004964s ]
SQL: SELECT COUNT(*) AS tp_count FROM `wl_user` WHERE ( `username` = '111' ) LIMIT 1   [ RunTime:0.000556s ]

[ 2016-03-08T22:55:59+08:00 ] 0.0.0.0 /WebLaw/index.php/Index/checkName?username=222
INFO: [ app_begin ] --START--
INFO: Run ReadHtmlCache Behavior [ RunTime:0.001190s ]
INFO: [ app_begin ] --END-- [ RunTime:0.001307s ]
SQL: SHOW COLUMNS FROM `wl_user` [ RunTime:0.004020s ]
SQL: SELECT COUNT(*) AS tp_count FROM `wl_user` WHERE ( `username` = '222' ) LIMIT 1   [ RunTime:0.000504s ]

[ 2016-03-08T22:56:28+08:00 ] 0.0.0.0 /WebLaw/index.php/Index/checkName?username=111
INFO: [ app_begin ] --START--
INFO: Run ReadHtmlCache Behavior [ RunTime:0.001122s ]
INFO: [ app_begin ] --END-- [ RunTime:0.001234s ]
SQL: SHOW COLUMNS FROM `wl_user` [ RunTime:0.019391s ]
SQL: SELECT COUNT(*) AS tp_count FROM `wl_user` WHERE ( `username` = '111' ) LIMIT 1   [ RunTime:0.000471s ]

[ 2016-03-08T22:56:31+08:00 ] 0.0.0.0 /WebLaw/index.php/Index/checkName?username=22
INFO: [ app_begin ] --START--
INFO: Run ReadHtmlCache Behavior [ RunTime:0.001263s ]
INFO: [ app_begin ] --END-- [ RunTime:0.001422s ]
SQL: SHOW COLUMNS FROM `wl_user` [ RunTime:0.005198s ]
SQL: SELECT COUNT(*) AS tp_count FROM `wl_user` WHERE ( `username` = '22' ) LIMIT 1   [ RunTime:0.000508s ]

[ 2016-03-08T22:59:34+08:00 ] 0.0.0.0 /WebLaw/index.php/Index/checkName?username=11
INFO: [ app_begin ] --START--
INFO: Run ReadHtmlCache Behavior [ RunTime:0.002132s ]
INFO: [ app_begin ] --END-- [ RunTime:0.002341s ]
SQL: SHOW COLUMNS FROM `wl_user` [ RunTime:0.004243s ]
SQL: SELECT COUNT(*) AS tp_count FROM `wl_user` WHERE ( `username` = '11' ) LIMIT 1   [ RunTime:0.000457s ]

[ 2016-03-08T22:59:35+08:00 ] 0.0.0.0 /WebLaw/index.php/Index/checkName?username=111
INFO: [ app_begin ] --START--
INFO: Run ReadHtmlCache Behavior [ RunTime:0.001382s ]
INFO: [ app_begin ] --END-- [ RunTime:0.001515s ]
SQL: SHOW COLUMNS FROM `wl_user` [ RunTime:0.003686s ]
SQL: SELECT COUNT(*) AS tp_count FROM `wl_user` WHERE ( `username` = '111' ) LIMIT 1   [ RunTime:0.000465s ]

[ 2016-03-08T22:59:37+08:00 ] 0.0.0.0 /WebLaw/index.php/Index/checkName?username=222
INFO: [ app_begin ] --START--
INFO: Run ReadHtmlCache Behavior [ RunTime:0.002244s ]
INFO: [ app_begin ] --END-- [ RunTime:0.002456s ]
SQL: SHOW COLUMNS FROM `wl_user` [ RunTime:0.003603s ]
SQL: SELECT COUNT(*) AS tp_count FROM `wl_user` WHERE ( `username` = '222' ) LIMIT 1   [ RunTime:0.000484s ]

[ 2016-03-08T23:01:14+08:00 ] 0.0.0.0 /WebLaw/index.php/Index/checkName?username=222
INFO: [ app_begin ] --START--
INFO: Run ReadHtmlCache Behavior [ RunTime:0.001418s ]
INFO: [ app_begin ] --END-- [ RunTime:0.001520s ]
SQL: SHOW COLUMNS FROM `wl_user` [ RunTime:0.003952s ]
SQL: SELECT COUNT(*) AS tp_count FROM `wl_user` WHERE ( `username` = '222' ) LIMIT 1   [ RunTime:0.000513s ]

[ 2016-03-08T23:01:15+08:00 ] 0.0.0.0 /WebLaw/index.php/Index/checkName?username=222
INFO: [ app_begin ] --START--
INFO: Run ReadHtmlCache Behavior [ RunTime:0.001149s ]
INFO: [ app_begin ] --END-- [ RunTime:0.001235s ]
SQL: SHOW COLUMNS FROM `wl_user` [ RunTime:0.003531s ]
SQL: SELECT COUNT(*) AS tp_count FROM `wl_user` WHERE ( `username` = '222' ) LIMIT 1   [ RunTime:0.000541s ]

[ 2016-03-08T23:01:18+08:00 ] 0.0.0.0 /WebLaw/index.php/Index/checkName?username=cc
INFO: [ app_begin ] --START--
INFO: Run ReadHtmlCache Behavior [ RunTime:0.002788s ]
INFO: [ app_begin ] --END-- [ RunTime:0.003012s ]
SQL: SHOW COLUMNS FROM `wl_user` [ RunTime:0.003914s ]
SQL: SELECT COUNT(*) AS tp_count FROM `wl_user` WHERE ( `username` = 'cc' ) LIMIT 1   [ RunTime:0.000488s ]

