[ 2016-03-18T12:57:48+08:00 ] ERR: (ThinkException) 非法操作:images
[ 2016-03-18T12:57:48+08:00 ] ERR: (ThinkException) 非法操作:images
[ 2016-03-18T12:57:48+08:00 ] ERR: (ThinkException) 非法操作:images
[ 2016-03-18T12:57:48+08:00 ] ERR: (ThinkException) 非法操作:images
[ 2016-03-18T12:57:48+08:00 ] ERR: (ThinkException) 非法操作:images
[ 2016-03-18T13:16:59+08:00 ] ERR: (ThinkException) 非法操作:images
[ 2016-03-18T13:16:59+08:00 ] ERR: (ThinkException) 非法操作:images
[ 2016-03-18T13:16:59+08:00 ] ERR: (ThinkException) 非法操作:images
[ 2016-03-18T13:16:59+08:00 ] ERR: (ThinkException) 非法操作:images
[ 2016-03-18T13:16:59+08:00 ] ERR: (ThinkException) 非法操作:images
[ 2016-03-18T13:16:59+08:00 ] ERR: (ThinkException) 非法操作:images
[ 2016-03-18T13:16:59+08:00 ] ERR: (ThinkException) 非法操作:images
[ 2016-03-18T13:16:59+08:00 ] ERR: (ThinkException) 非法操作:images
[ 2016-03-18T13:16:59+08:00 ] ERR: (ThinkException) 非法操作:images
[ 2016-03-18T13:17:00+08:00 ] ERR: (ThinkException) 非法操作:images
[ 2016-03-18T13:17:00+08:00 ] ERR: (ThinkException) 非法操作:images
[ 2016-03-18T13:17:00+08:00 ] ERR: (ThinkException) 非法操作:images
[ 2016-03-18T13:17:00+08:00 ] ERR: (ThinkException) 非法操作:images
[ 2016-03-18T13:17:00+08:00 ] ERR: (ThinkException) 非法操作:images
[ 2016-03-18T13:17:00+08:00 ] ERR: (ThinkException) 非法操作:images
[ 2016-03-18T13:17:00+08:00 ] ERR: (ThinkException) 非法操作:images
[ 2016-03-18T13:17:00+08:00 ] ERR: (ThinkException) 非法操作:images
[ 2016-03-18T13:17:00+08:00 ] ERR: (ThinkException) 非法操作:images
[ 2016-03-18T13:17:00+08:00 ] ERR: (ThinkException) 非法操作:images
[ 2016-03-18T13:17:49+08:00 ] ERR: (ThinkException) 非法操作:images
[ 2016-03-18T13:17:49+08:00 ] ERR: (ThinkException) 非法操作:images
[ 2016-03-18T13:17:49+08:00 ] ERR: (ThinkException) 非法操作:images
[ 2016-03-18T13:17:49+08:00 ] ERR: (ThinkException) 非法操作:images
[ 2016-03-18T13:17:49+08:00 ] ERR: (ThinkException) 非法操作:images
[ 2016-03-18T13:17:49+08:00 ] ERR: (ThinkException) 非法操作:images
[ 2016-03-18T13:17:49+08:00 ] ERR: (ThinkException) 非法操作:images
[ 2016-03-18T13:17:49+08:00 ] ERR: (ThinkException) 非法操作:images
[ 2016-03-18T13:17:49+08:00 ] ERR: (ThinkException) 非法操作:images
[ 2016-03-18T13:17:49+08:00 ] ERR: (ThinkException) 非法操作:images
[ 2016-03-18T13:17:49+08:00 ] ERR: (ThinkException) 非法操作:images
[ 2016-03-18T13:17:50+08:00 ] ERR: (ThinkException) 非法操作:images
[ 2016-03-18T13:17:50+08:00 ] ERR: (ThinkException) 非法操作:images
[ 2016-03-18T13:17:50+08:00 ] ERR: (ThinkException) 非法操作:images
[ 2016-03-18T13:17:50+08:00 ] ERR: (ThinkException) 非法操作:images
[ 2016-03-18T13:17:50+08:00 ] ERR: (ThinkException) 非法操作:images
[ 2016-03-18T13:17:50+08:00 ] ERR: (ThinkException) 非法操作:images
[ 2016-03-18T13:17:50+08:00 ] ERR: (ThinkException) 非法操作:images
[ 2016-03-18T13:17:50+08:00 ] ERR: (ThinkException) 非法操作:images
[ 2016-03-18T13:17:50+08:00 ] ERR: (ThinkException) 非法操作:images
[ 2016-03-18T13:17:50+08:00 ] ERR: (ThinkException) 非法操作:images
[ 2016-03-18T13:17:50+08:00 ] ERR: (ThinkException) 非法操作:images
[ 2016-03-18T13:17:50+08:00 ] ERR: (ThinkException) 非法操作:images
[ 2016-03-18T13:17:50+08:00 ] ERR: (ThinkException) 非法操作:images
[ 2016-03-18T13:17:50+08:00 ] ERR: (ThinkException) 非法操作:images
[ 2016-03-18T13:17:50+08:00 ] ERR: (ThinkException) 非法操作:images
[ 2016-03-18T13:17:50+08:00 ] ERR: (ThinkException) 非法操作:images
[ 2016-03-18T13:17:50+08:00 ] ERR: (ThinkException) 非法操作:images
[ 2016-03-18T13:17:50+08:00 ] ERR: (ThinkException) 非法操作:images
[ 2016-03-18T13:17:50+08:00 ] ERR: (ThinkException) 非法操作:images
[ 2016-03-18T13:21:44+08:00 ] ERR: (ThinkException) 非法操作:images
[ 2016-03-18T13:21:44+08:00 ] ERR: (ThinkException) 非法操作:images
[ 2016-03-18T13:21:44+08:00 ] ERR: (ThinkException) 非法操作:images
[ 2016-03-18T13:21:44+08:00 ] ERR: (ThinkException) 非法操作:images
[ 2016-03-18T13:21:44+08:00 ] ERR: (ThinkException) 非法操作:images
[ 2016-03-18T13:44:54+08:00 ] ERR: (ThinkException) 非法操作:checkName
[ 2016-03-18T14:14:06+08:00 ] ERR: (ThinkException) 非法操作:user2
[ 2016-03-18T14:23:41+08:00 ] ERR: (ThinkException) 非法操作:checkName
[ 2016-03-18T14:23:46+08:00 ] ERR: (ThinkException) 模板不存在[./Home/Tpl/Opeartion/user.html]
[ 2016-03-18T14:24:16+08:00 ] ERR: (ThinkException) 非法操作:checkName
[ 2016-03-18T14:24:21+08:00 ] ERR: (ThinkException) 模板不存在[./Home/Tpl/Opeartion/user.html]
[ 2016-03-18T14:26:13+08:00 ] ERR: (ThinkException) 非法操作:user2
[ 2016-03-18T14:26:21+08:00 ] ERR: (ThinkException) 模板不存在[./Home/Tpl/Opeartion/buy.html]
[ 2016-03-18T14:28:27+08:00 ] ERR: (ThinkException) 非法操作:checkName
[ 2016-03-18T14:32:02+08:00 ] ERR: (ThinkException) 模板不存在[./Home/Tpl/Opeartion/user.html]
[ 2016-03-18T15:54:04+08:00 ] ERR: (ThinkException) 无法加载模块:images
[ 2016-03-18T15:54:04+08:00 ] ERR: (ThinkException) 无法加载模块:images
[ 2016-03-18T15:54:04+08:00 ] ERR: (ThinkException) 无法加载模块:images
[ 2016-03-18T15:54:04+08:00 ] ERR: (ThinkException) 无法加载模块:images
[ 2016-03-18T15:54:04+08:00 ] ERR: (ThinkException) 无法加载模块:images
[ 2016-03-18T16:09:42+08:00 ] ERR: (ThinkException) 非法操作:checkName
[ 2016-03-18T16:09:47+08:00 ] ERR: (ThinkException) 模板不存在[./Home/Tpl/Opeartion/user.html]
[ 2016-03-18T16:11:24+08:00 ] ERR: (ThinkException) 模板不存在[./Home/Tpl/Opeartion/user.html]
[ 2016-03-18T16:11:26+08:00 ] ERR: (ThinkException) 模板不存在[./Home/Tpl/Opeartion/user.html]
[ 2016-03-18T16:11:27+08:00 ] ERR: (ThinkException) 模板不存在[./Home/Tpl/Opeartion/user.html]
[ 2016-03-18T16:11:27+08:00 ] ERR: (ThinkException) 模板不存在[./Home/Tpl/Opeartion/user.html]
[ 2016-03-18T16:11:28+08:00 ] ERR: (ThinkException) 模板不存在[./Home/Tpl/Opeartion/user.html]
[ 2016-03-18T16:11:29+08:00 ] ERR: (ThinkException) 模板不存在[./Home/Tpl/Opeartion/user.html]
[ 2016-03-18T16:11:33+08:00 ] ERR: (ThinkException) 非法操作:checkName
[ 2016-03-18T16:28:44+08:00 ] ERR: (ThinkException) 模板不存在[./Home/Tpl/Opeartion/User_buy.html]
[ 2016-03-18T16:29:00+08:00 ] ERR: (ThinkException) 模板不存在[./Home/Tpl/Opeartion/User_buy.html]
[ 2016-03-18T16:29:17+08:00 ] ERR: (ThinkException) 模板不存在[./Home/Tpl/Opeartion/User_buy.html]
[ 2016-03-18T16:33:45+08:00 ] ERR: (ThinkException) 模板不存在[./Home/Tpl/Opeartion/User_buy.html]
[ 2016-03-18T16:35:23+08:00 ] ERR: (ThinkException) 模板不存在[./Home/Tpl/Opeartion/User_buy.html]
[ 2016-03-18T16:35:28+08:00 ] ERR: (ThinkException) 模板不存在[./Home/Tpl/Opeartion/User_buy.html]
[ 2016-03-18T16:35:56+08:00 ] ERR: (ThinkException) 模板不存在[./Home/Tpl/Opeartion/User_buy.html]
[ 2016-03-18T16:36:01+08:00 ] ERR: (ThinkException) 模板不存在[./Home/Tpl/Opeartion/User_buy.html]
[ 2016-03-18T16:38:03+08:00 ] ERR: (ThinkException) 模板不存在[./Home/Tpl/Opeartion/User_buy.html]
[ 2016-03-18T16:41:15+08:00 ] ERR: (ThinkException) 模板不存在[./Home/Tpl/Opeartion/User_buy.html]
[ 2016-03-18T16:44:53+08:00 ] ERR: (ThinkException) 模板不存在[./Home/Tpl/Opeartion/User_buy.html]
[ 2016-03-18T16:51:42+08:00 ] ERR: (ThinkException) 模板不存在[./Home/Tpl/Opeartion/user_buy6.html]
[ 2016-03-18T16:51:46+08:00 ] ERR: (ThinkException) 模板不存在[./Home/Tpl/Opeartion/User_buy.html]
[ 2016-03-18T16:51:54+08:00 ] ERR: (ThinkException) 模板不存在[./Home/Tpl/Opeartion/User_buy.html]
[ 2016-03-18T16:51:57+08:00 ] ERR: (ThinkException) 模板不存在[./Home/Tpl/Opeartion/User_buy.html]
[ 2016-03-18T16:52:21+08:00 ] ERR: (ThinkException) 模板不存在[./Home/Tpl/Opeartion/user_buy6.html]
[ 2016-03-18T16:57:47+08:00 ] ERR: (ThinkException) 非法操作:checkName
[ 2016-03-18T16:57:50+08:00 ] ERR: (ThinkException) 非法操作:checkName
[ 2016-03-18T18:02:33+08:00 ] ERR: (ThinkException) 非法操作:checkName
[ 2016-03-18T18:32:08+08:00 ] ERR: (ThinkException) 非法操作:user_law
[ 2016-03-18T18:32:12+08:00 ] ERR: (ThinkException) 非法操作:user_law
[ 2016-03-18T19:43:50+08:00 ] ERR: (ThinkException) 非法操作:getmassage
[ 2016-03-18T19:44:04+08:00 ] ERR: (ThinkException) 非法操作:getmassage
[ 2016-03-18T19:44:39+08:00 ] ERR: (ThinkException) 非法操作:getmassage
[ 2016-03-18T19:45:54+08:00 ] ERR: (ThinkException) 非法操作:user_sologin
[ 2016-03-18T20:10:44+08:00 ] ERR: (ThinkException) 非法操作:checkName
[ 2016-03-18T22:51:00+08:00 ] ERR: (ThinkException) 非法操作:manager
[ 2016-03-18T23:46:23+08:00 ] ERR: (ThinkException) 无法加载模块:manager_user
[ 2016-03-18T23:46:39+08:00 ] ERR: (ThinkException) 无法加载模块:Manager
