[ 2016-03-19T08:09:36+08:00 ] ERR: (ThinkException) 非法操作:checkName
[ 2016-03-19T08:55:33+08:00 ] ERR: (ThinkException) 模板不存在[./Home/Tpl/Manager/modify_manager.html]
[ 2016-03-19T09:12:01+08:00 ] ERR: (ThinkException) 非法操作:manager
[ 2016-03-19T09:12:08+08:00 ] ERR: (ThinkException) 非法操作:manager
[ 2016-03-19T09:14:21+08:00 ] ERR: (ThinkException) 非法操作:manager
[ 2016-03-19T10:18:39+08:00 ] ERR: (ThinkException) 无法加载模块:Opeartion
[ 2016-03-19T10:18:55+08:00 ] ERR: (ThinkException) 无法加载模块:Opeartion
[ 2016-03-19T10:19:04+08:00 ] ERR: (ThinkException) 非法操作:Opeartion
[ 2016-03-19T10:19:25+08:00 ] ERR: (ThinkException) 非法操作:checkName
[ 2016-03-19T10:19:32+08:00 ] ERR: (ThinkException) 非法操作:checkName
[ 2016-03-19T10:30:48+08:00 ] ERR: (ThinkException) 非法操作:del
[ 2016-03-19T10:54:54+08:00 ] ERR: (ThinkException) 非法操作:1
[ 2016-03-19T10:55:07+08:00 ] ERR: (ThinkException) 非法操作:do_login_user
[ 2016-03-19T10:56:44+08:00 ] ERR: (ThinkException) 非法操作:do_login_user
[ 2016-03-19T10:57:59+08:00 ] ERR: (ThinkException) 非法操作:1
[ 2016-03-19T10:58:00+08:00 ] ERR: (ThinkException) 非法操作:1
[ 2016-03-19T10:58:07+08:00 ] ERR: (ThinkException) 非法操作:1
[ 2016-03-19T10:58:08+08:00 ] ERR: (ThinkException) 非法操作:1
[ 2016-03-19T10:58:08+08:00 ] ERR: (ThinkException) 非法操作:1
[ 2016-03-19T11:04:38+08:00 ] ERR: (ThinkException) 非法操作:do_login_user
[ 2016-03-19T12:34:34+08:00 ] ERR: (ThinkException) 非法操作:del
[ 2016-03-19T12:38:45+08:00 ] ERR: (ThinkException) 非法操作:do_login_user
[ 2016-03-19T12:39:31+08:00 ] ERR: (ThinkException) 非法操作:do_login_user
[ 2016-03-19T12:42:46+08:00 ] ERR: (ThinkException) 非法操作:do_login_user
[ 2016-03-19T12:54:46+08:00 ] ERR: (ThinkException) 非法操作:Opeartion
[ 2016-03-19T12:55:15+08:00 ] ERR: (ThinkException) 非法操作:Opeartion
[ 2016-03-19T12:55:26+08:00 ] ERR: (ThinkException) 非法操作:Manager
[ 2016-03-19T12:55:45+08:00 ] ERR: (ThinkException) 非法操作:manager_manager
[ 2016-03-19T12:56:29+08:00 ] ERR: (ThinkException) 非法操作:Opeartion
[ 2016-03-19T12:57:18+08:00 ] ERR: (ThinkException) 非法操作:Opeartion
[ 2016-03-19T12:57:18+08:00 ] ERR: (ThinkException) 非法操作:Opeartion
[ 2016-03-19T12:57:18+08:00 ] ERR: (ThinkException) 非法操作:Opeartion
[ 2016-03-19T12:57:43+08:00 ] ERR: (ThinkException) 非法操作:Opeartion
[ 2016-03-19T12:58:33+08:00 ] ERR: (ThinkException) 非法操作:Opeartion
[ 2016-03-19T13:13:26+08:00 ] ERR: (ThinkException) 非法操作:search_manager
[ 2016-03-19T13:16:55+08:00 ] ERR: (ThinkException) 模板不存在[./Home/Tpl/Manager/Opeartion/manger_manger.html]
[ 2016-03-19T13:17:31+08:00 ] ERR: (ThinkException) 模板不存在[./Home/Tpl/Manager/Opeartion/manager_manager.html]
[ 2016-03-19T13:17:53+08:00 ] ERR: (ThinkException) 模板不存在[./Home/Tpl/Manager//WebLaw/index.php/Opeartion/manager_manager.html]
[ 2016-03-19T13:23:27+08:00 ] ERR: (ThinkException) 模板不存在[./Home/Tpl/Manager/Opeartion/manager_manager.html]
[ 2016-03-19T13:25:29+08:00 ] ERR: (ThinkException) 非法操作:checkName
[ 2016-03-19T13:25:42+08:00 ] ERR: (ThinkException) 非法操作:checkName
[ 2016-03-19T13:31:33+08:00 ] ERR: (ThinkException) 非法操作:manager
[ 2016-03-19T13:31:54+08:00 ] ERR: (ThinkException) 非法操作:manager
[ 2016-03-19T13:56:20+08:00 ] ERR: (ThinkException) 模板不存在[./Home/Tpl/Manager/manager_user.html]
[ 2016-03-19T14:00:45+08:00 ] ERR: (ThinkException) 非法操作:manager
[ 2016-03-19T14:00:49+08:00 ] ERR: (ThinkException) 非法操作:manager
[ 2016-03-19T14:00:52+08:00 ] ERR: (ThinkException) 非法操作:manager
[ 2016-03-19T14:00:55+08:00 ] ERR: (ThinkException) 非法操作:manager
[ 2016-03-19T14:01:43+08:00 ] ERR: (ThinkException) 非法操作:manager
[ 2016-03-19T14:03:50+08:00 ] ERR: (ThinkException) 非法操作:manager
[ 2016-03-19T14:03:57+08:00 ] ERR: (ThinkException) 非法操作:manager
[ 2016-03-19T14:04:00+08:00 ] ERR: (ThinkException) 非法操作:manager
[ 2016-03-19T14:04:39+08:00 ] ERR: (ThinkException) 非法操作:manager
[ 2016-03-19T14:06:14+08:00 ] ERR: (ThinkException) 非法操作:manager
[ 2016-03-19T14:06:25+08:00 ] ERR: (ThinkException) 非法操作:manager
[ 2016-03-19T14:07:30+08:00 ] ERR: (ThinkException) 模板不存在[./Home/Tpl/Manager/manager_manager.html]
[ 2016-03-19T14:21:40+08:00 ] ERR: (ThinkException) 非法操作:checkName
[ 2016-03-19T14:22:47+08:00 ] ERR: (ThinkException) 非法操作:checkName
[ 2016-03-19T14:25:42+08:00 ] ERR: (ThinkException) 非法操作:manager_product
[ 2016-03-19T14:27:38+08:00 ] ERR: (ThinkException) 非法操作:manager_product
[ 2016-03-19T14:27:47+08:00 ] ERR: (ThinkException) 非法操作:manager_product
[ 2016-03-19T14:59:14+08:00 ] ERR: (ThinkException) 非法操作:manager_manager
[ 2016-03-19T18:02:13+08:00 ] ERR: (ThinkException) 非法操作:checkName
[ 2016-03-19T18:02:19+08:00 ] ERR: (ThinkException) 非法操作:checkName
[ 2016-03-19T18:48:16+08:00 ] ERR: (ThinkException) 非法操作:style
[ 2016-03-19T18:48:16+08:00 ] ERR: (ThinkException) 非法操作:images
[ 2016-03-19T18:48:16+08:00 ] ERR: (ThinkException) 非法操作:images
[ 2016-03-19T18:48:16+08:00 ] ERR: (ThinkException) 非法操作:images
[ 2016-03-19T18:48:16+08:00 ] ERR: (ThinkException) 非法操作:images
[ 2016-03-19T18:48:16+08:00 ] ERR: (ThinkException) 非法操作:style
[ 2016-03-19T18:48:16+08:00 ] ERR: (ThinkException) 非法操作:images
[ 2016-03-19T18:48:16+08:00 ] ERR: (ThinkException) 非法操作:images
[ 2016-03-19T18:48:16+08:00 ] ERR: (ThinkException) 非法操作:images
[ 2016-03-19T18:48:16+08:00 ] ERR: (ThinkException) 非法操作:images
[ 2016-03-19T18:48:16+08:00 ] ERR: (ThinkException) 非法操作:images
[ 2016-03-19T18:50:22+08:00 ] ERR: (ThinkException) 非法操作:images
[ 2016-03-19T18:50:22+08:00 ] ERR: (ThinkException) 非法操作:images
[ 2016-03-19T18:50:22+08:00 ] ERR: (ThinkException) 非法操作:images
[ 2016-03-19T18:50:22+08:00 ] ERR: (ThinkException) 非法操作:images
[ 2016-03-19T18:50:22+08:00 ] ERR: (ThinkException) 非法操作:images
[ 2016-03-19T18:50:22+08:00 ] ERR: (ThinkException) 非法操作:images
[ 2016-03-19T18:50:24+08:00 ] ERR: (ThinkException) 非法操作:images
[ 2016-03-19T18:50:24+08:00 ] ERR: (ThinkException) 非法操作:images
[ 2016-03-19T18:50:24+08:00 ] ERR: (ThinkException) 非法操作:images
[ 2016-03-19T18:50:24+08:00 ] ERR: (ThinkException) 非法操作:images
[ 2016-03-19T18:50:24+08:00 ] ERR: (ThinkException) 非法操作:images
[ 2016-03-19T18:50:24+08:00 ] ERR: (ThinkException) 非法操作:images
[ 2016-03-19T18:50:26+08:00 ] ERR: (ThinkException) 非法操作:images
[ 2016-03-19T18:50:26+08:00 ] ERR: (ThinkException) 非法操作:images
[ 2016-03-19T18:50:26+08:00 ] ERR: (ThinkException) 非法操作:images
[ 2016-03-19T18:50:26+08:00 ] ERR: (ThinkException) 非法操作:images
[ 2016-03-19T18:50:26+08:00 ] ERR: (ThinkException) 非法操作:images
[ 2016-03-19T18:50:26+08:00 ] ERR: (ThinkException) 非法操作:images
[ 2016-03-19T18:50:41+08:00 ] ERR: (ThinkException) 非法操作:images
[ 2016-03-19T18:50:41+08:00 ] ERR: (ThinkException) 非法操作:images
[ 2016-03-19T18:50:41+08:00 ] ERR: (ThinkException) 非法操作:images
[ 2016-03-19T18:50:41+08:00 ] ERR: (ThinkException) 非法操作:images
[ 2016-03-19T18:50:41+08:00 ] ERR: (ThinkException) 非法操作:images
[ 2016-03-19T18:50:41+08:00 ] ERR: (ThinkException) 非法操作:images
[ 2016-03-19T18:51:12+08:00 ] ERR: (ThinkException) 非法操作:images
[ 2016-03-19T18:51:12+08:00 ] ERR: (ThinkException) 非法操作:images
[ 2016-03-19T18:51:12+08:00 ] ERR: (ThinkException) 非法操作:images
[ 2016-03-19T18:51:12+08:00 ] ERR: (ThinkException) 非法操作:images
[ 2016-03-19T18:51:12+08:00 ] ERR: (ThinkException) 非法操作:images
[ 2016-03-19T18:51:13+08:00 ] ERR: (ThinkException) 非法操作:images
[ 2016-03-19T18:51:13+08:00 ] ERR: (ThinkException) 非法操作:images
[ 2016-03-19T18:51:13+08:00 ] ERR: (ThinkException) 非法操作:images
[ 2016-03-19T18:51:13+08:00 ] ERR: (ThinkException) 非法操作:images
[ 2016-03-19T18:51:13+08:00 ] ERR: (ThinkException) 非法操作:images
[ 2016-03-19T18:51:13+08:00 ] ERR: (ThinkException) 非法操作:images
[ 2016-03-19T18:51:13+08:00 ] ERR: (ThinkException) 非法操作:images
[ 2016-03-19T18:51:13+08:00 ] ERR: (ThinkException) 非法操作:images
[ 2016-03-19T18:51:13+08:00 ] ERR: (ThinkException) 非法操作:images
[ 2016-03-19T18:51:13+08:00 ] ERR: (ThinkException) 非法操作:images
[ 2016-03-19T18:51:13+08:00 ] ERR: (ThinkException) 非法操作:images
[ 2016-03-19T18:51:13+08:00 ] ERR: (ThinkException) 非法操作:images
[ 2016-03-19T18:51:13+08:00 ] ERR: (ThinkException) 非法操作:images
[ 2016-03-19T18:51:13+08:00 ] ERR: (ThinkException) 非法操作:images
[ 2016-03-19T18:51:13+08:00 ] ERR: (ThinkException) 非法操作:images
[ 2016-03-19T18:51:50+08:00 ] ERR: (ThinkException) 非法操作:buy
[ 2016-03-19T18:52:01+08:00 ] ERR: (ThinkException) 非法操作:images
[ 2016-03-19T18:52:01+08:00 ] ERR: (ThinkException) 非法操作:images
[ 2016-03-19T18:52:01+08:00 ] ERR: (ThinkException) 非法操作:images
[ 2016-03-19T18:52:01+08:00 ] ERR: (ThinkException) 非法操作:images
[ 2016-03-19T18:52:01+08:00 ] ERR: (ThinkException) 非法操作:images
[ 2016-03-19T18:52:04+08:00 ] ERR: (ThinkException) 非法操作:images
[ 2016-03-19T18:52:04+08:00 ] ERR: (ThinkException) 非法操作:images
[ 2016-03-19T18:52:04+08:00 ] ERR: (ThinkException) 非法操作:images
[ 2016-03-19T18:52:04+08:00 ] ERR: (ThinkException) 非法操作:images
[ 2016-03-19T18:52:04+08:00 ] ERR: (ThinkException) 非法操作:images
[ 2016-03-19T18:52:07+08:00 ] ERR: (ThinkException) 非法操作:images
[ 2016-03-19T18:52:07+08:00 ] ERR: (ThinkException) 非法操作:images
[ 2016-03-19T18:52:07+08:00 ] ERR: (ThinkException) 非法操作:images
[ 2016-03-19T18:52:07+08:00 ] ERR: (ThinkException) 非法操作:images
[ 2016-03-19T18:52:07+08:00 ] ERR: (ThinkException) 非法操作:images
[ 2016-03-19T18:53:12+08:00 ] ERR: (ThinkException) 非法操作:images
[ 2016-03-19T18:53:12+08:00 ] ERR: (ThinkException) 非法操作:images
[ 2016-03-19T18:53:12+08:00 ] ERR: (ThinkException) 非法操作:images
[ 2016-03-19T18:53:12+08:00 ] ERR: (ThinkException) 非法操作:images
[ 2016-03-19T18:53:12+08:00 ] ERR: (ThinkException) 非法操作:images
[ 2016-03-19T18:53:22+08:00 ] ERR: (ThinkException) 非法操作:images
[ 2016-03-19T18:53:22+08:00 ] ERR: (ThinkException) 非法操作:images
[ 2016-03-19T18:53:22+08:00 ] ERR: (ThinkException) 非法操作:images
[ 2016-03-19T18:53:22+08:00 ] ERR: (ThinkException) 非法操作:images
[ 2016-03-19T18:53:23+08:00 ] ERR: (ThinkException) 非法操作:images
[ 2016-03-19T18:53:42+08:00 ] ERR: (ThinkException) 非法操作:images
[ 2016-03-19T18:53:42+08:00 ] ERR: (ThinkException) 非法操作:images
[ 2016-03-19T18:53:42+08:00 ] ERR: (ThinkException) 非法操作:images
[ 2016-03-19T18:53:42+08:00 ] ERR: (ThinkException) 非法操作:images
[ 2016-03-19T18:53:42+08:00 ] ERR: (ThinkException) 非法操作:images
[ 2016-03-19T18:53:52+08:00 ] ERR: (ThinkException) 非法操作:images
[ 2016-03-19T18:53:52+08:00 ] ERR: (ThinkException) 非法操作:images
[ 2016-03-19T18:53:52+08:00 ] ERR: (ThinkException) 非法操作:images
[ 2016-03-19T18:53:52+08:00 ] ERR: (ThinkException) 非法操作:images
[ 2016-03-19T18:53:52+08:00 ] ERR: (ThinkException) 非法操作:images
[ 2016-03-19T18:53:56+08:00 ] ERR: (ThinkException) 非法操作:images
[ 2016-03-19T18:53:56+08:00 ] ERR: (ThinkException) 非法操作:images
[ 2016-03-19T18:53:56+08:00 ] ERR: (ThinkException) 非法操作:images
[ 2016-03-19T18:53:56+08:00 ] ERR: (ThinkException) 非法操作:images
[ 2016-03-19T18:53:56+08:00 ] ERR: (ThinkException) 非法操作:images
[ 2016-03-19T18:54:13+08:00 ] ERR: (ThinkException) 非法操作:images
[ 2016-03-19T18:54:13+08:00 ] ERR: (ThinkException) 非法操作:images
[ 2016-03-19T18:54:13+08:00 ] ERR: (ThinkException) 非法操作:images
[ 2016-03-19T18:54:13+08:00 ] ERR: (ThinkException) 非法操作:images
[ 2016-03-19T18:54:13+08:00 ] ERR: (ThinkException) 非法操作:images
[ 2016-03-19T18:54:14+08:00 ] ERR: (ThinkException) 非法操作:images
[ 2016-03-19T18:54:14+08:00 ] ERR: (ThinkException) 非法操作:images
[ 2016-03-19T18:54:14+08:00 ] ERR: (ThinkException) 非法操作:images
[ 2016-03-19T18:54:14+08:00 ] ERR: (ThinkException) 非法操作:images
[ 2016-03-19T18:54:15+08:00 ] ERR: (ThinkException) 非法操作:images
[ 2016-03-19T18:54:15+08:00 ] ERR: (ThinkException) 非法操作:images
[ 2016-03-19T18:54:15+08:00 ] ERR: (ThinkException) 非法操作:images
[ 2016-03-19T18:54:15+08:00 ] ERR: (ThinkException) 非法操作:images
[ 2016-03-19T18:54:15+08:00 ] ERR: (ThinkException) 非法操作:images
[ 2016-03-19T18:54:15+08:00 ] ERR: (ThinkException) 非法操作:images
[ 2016-03-19T18:54:30+08:00 ] ERR: (ThinkException) 非法操作:images
[ 2016-03-19T18:54:30+08:00 ] ERR: (ThinkException) 非法操作:images
[ 2016-03-19T18:54:30+08:00 ] ERR: (ThinkException) 非法操作:images
[ 2016-03-19T18:54:30+08:00 ] ERR: (ThinkException) 非法操作:images
[ 2016-03-19T18:54:30+08:00 ] ERR: (ThinkException) 非法操作:images
[ 2016-03-19T18:54:30+08:00 ] ERR: (ThinkException) 非法操作:images
[ 2016-03-19T18:54:30+08:00 ] ERR: (ThinkException) 非法操作:images
[ 2016-03-19T18:54:30+08:00 ] ERR: (ThinkException) 非法操作:images
[ 2016-03-19T18:54:30+08:00 ] ERR: (ThinkException) 非法操作:images
[ 2016-03-19T18:54:30+08:00 ] ERR: (ThinkException) 非法操作:images
[ 2016-03-19T18:54:31+08:00 ] ERR: (ThinkException) 非法操作:images
[ 2016-03-19T18:54:31+08:00 ] ERR: (ThinkException) 非法操作:images
[ 2016-03-19T18:54:31+08:00 ] ERR: (ThinkException) 非法操作:images
[ 2016-03-19T18:54:31+08:00 ] ERR: (ThinkException) 非法操作:images
[ 2016-03-19T18:54:31+08:00 ] ERR: (ThinkException) 非法操作:images
[ 2016-03-19T18:54:31+08:00 ] ERR: (ThinkException) 非法操作:images
[ 2016-03-19T18:54:31+08:00 ] ERR: (ThinkException) 非法操作:images
[ 2016-03-19T18:54:31+08:00 ] ERR: (ThinkException) 非法操作:images
[ 2016-03-19T18:54:31+08:00 ] ERR: (ThinkException) 非法操作:images
[ 2016-03-19T18:54:31+08:00 ] ERR: (ThinkException) 非法操作:images
[ 2016-03-19T18:54:31+08:00 ] ERR: (ThinkException) 非法操作:images
[ 2016-03-19T18:54:31+08:00 ] ERR: (ThinkException) 非法操作:images
[ 2016-03-19T18:54:31+08:00 ] ERR: (ThinkException) 非法操作:images
[ 2016-03-19T18:54:31+08:00 ] ERR: (ThinkException) 非法操作:images
[ 2016-03-19T18:54:31+08:00 ] ERR: (ThinkException) 非法操作:images
[ 2016-03-19T18:54:31+08:00 ] ERR: (ThinkException) 非法操作:images
[ 2016-03-19T18:54:31+08:00 ] ERR: (ThinkException) 非法操作:images
[ 2016-03-19T18:54:31+08:00 ] ERR: (ThinkException) 非法操作:images
[ 2016-03-19T18:54:31+08:00 ] ERR: (ThinkException) 非法操作:images
[ 2016-03-19T18:54:31+08:00 ] ERR: (ThinkException) 非法操作:images
[ 2016-03-19T18:54:32+08:00 ] ERR: (ThinkException) 非法操作:images
[ 2016-03-19T18:54:32+08:00 ] ERR: (ThinkException) 非法操作:images
[ 2016-03-19T18:54:32+08:00 ] ERR: (ThinkException) 非法操作:images
[ 2016-03-19T18:54:32+08:00 ] ERR: (ThinkException) 非法操作:images
[ 2016-03-19T18:54:32+08:00 ] ERR: (ThinkException) 非法操作:images
[ 2016-03-19T18:54:32+08:00 ] ERR: (ThinkException) 非法操作:images
[ 2016-03-19T18:54:32+08:00 ] ERR: (ThinkException) 非法操作:images
[ 2016-03-19T18:54:32+08:00 ] ERR: (ThinkException) 非法操作:images
[ 2016-03-19T18:54:32+08:00 ] ERR: (ThinkException) 非法操作:images
[ 2016-03-19T18:54:32+08:00 ] ERR: (ThinkException) 非法操作:images
[ 2016-03-19T18:54:55+08:00 ] ERR: (ThinkException) 非法操作:images
[ 2016-03-19T18:54:56+08:00 ] ERR: (ThinkException) 非法操作:images
[ 2016-03-19T18:54:56+08:00 ] ERR: (ThinkException) 非法操作:images
[ 2016-03-19T18:54:56+08:00 ] ERR: (ThinkException) 非法操作:images
[ 2016-03-19T18:54:56+08:00 ] ERR: (ThinkException) 非法操作:images
[ 2016-03-19T18:55:06+08:00 ] ERR: (ThinkException) 非法操作:images
[ 2016-03-19T18:55:06+08:00 ] ERR: (ThinkException) 非法操作:images
[ 2016-03-19T18:55:06+08:00 ] ERR: (ThinkException) 非法操作:images
[ 2016-03-19T18:55:06+08:00 ] ERR: (ThinkException) 非法操作:images
[ 2016-03-19T18:55:06+08:00 ] ERR: (ThinkException) 非法操作:images
[ 2016-03-19T18:55:08+08:00 ] ERR: (ThinkException) 非法操作:images
[ 2016-03-19T18:55:08+08:00 ] ERR: (ThinkException) 非法操作:images
[ 2016-03-19T18:55:08+08:00 ] ERR: (ThinkException) 非法操作:images
[ 2016-03-19T18:55:08+08:00 ] ERR: (ThinkException) 非法操作:images
[ 2016-03-19T18:55:08+08:00 ] ERR: (ThinkException) 非法操作:images
[ 2016-03-19T18:55:42+08:00 ] ERR: (ThinkException) 非法操作:images
[ 2016-03-19T18:55:42+08:00 ] ERR: (ThinkException) 非法操作:images
[ 2016-03-19T18:55:42+08:00 ] ERR: (ThinkException) 非法操作:images
[ 2016-03-19T18:55:42+08:00 ] ERR: (ThinkException) 非法操作:images
[ 2016-03-19T18:55:42+08:00 ] ERR: (ThinkException) 非法操作:images
[ 2016-03-19T18:55:42+08:00 ] ERR: (ThinkException) 非法操作:images
[ 2016-03-19T18:55:42+08:00 ] ERR: (ThinkException) 非法操作:images
[ 2016-03-19T18:55:42+08:00 ] ERR: (ThinkException) 非法操作:images
[ 2016-03-19T18:55:42+08:00 ] ERR: (ThinkException) 非法操作:images
[ 2016-03-19T18:55:42+08:00 ] ERR: (ThinkException) 非法操作:images
[ 2016-03-19T18:56:13+08:00 ] ERR: (ThinkException) 非法操作:images
[ 2016-03-19T18:56:13+08:00 ] ERR: (ThinkException) 非法操作:images
[ 2016-03-19T18:56:13+08:00 ] ERR: (ThinkException) 非法操作:images
[ 2016-03-19T18:56:13+08:00 ] ERR: (ThinkException) 非法操作:images
[ 2016-03-19T18:56:13+08:00 ] ERR: (ThinkException) 非法操作:images
[ 2016-03-19T18:56:24+08:00 ] ERR: (ThinkException) 非法操作:images
[ 2016-03-19T18:56:24+08:00 ] ERR: (ThinkException) 非法操作:images
[ 2016-03-19T18:56:24+08:00 ] ERR: (ThinkException) 非法操作:images
[ 2016-03-19T18:56:24+08:00 ] ERR: (ThinkException) 非法操作:images
[ 2016-03-19T18:56:24+08:00 ] ERR: (ThinkException) 非法操作:images
[ 2016-03-19T18:56:37+08:00 ] ERR: (ThinkException) 非法操作:images
[ 2016-03-19T18:56:37+08:00 ] ERR: (ThinkException) 非法操作:images
[ 2016-03-19T18:56:37+08:00 ] ERR: (ThinkException) 非法操作:images
[ 2016-03-19T18:56:37+08:00 ] ERR: (ThinkException) 非法操作:images
[ 2016-03-19T18:56:37+08:00 ] ERR: (ThinkException) 非法操作:images
[ 2016-03-19T18:56:38+08:00 ] ERR: (ThinkException) 非法操作:images
[ 2016-03-19T18:56:38+08:00 ] ERR: (ThinkException) 非法操作:images
[ 2016-03-19T18:56:38+08:00 ] ERR: (ThinkException) 非法操作:images
[ 2016-03-19T18:56:38+08:00 ] ERR: (ThinkException) 非法操作:images
[ 2016-03-19T18:56:38+08:00 ] ERR: (ThinkException) 非法操作:images
[ 2016-03-19T18:56:38+08:00 ] ERR: (ThinkException) 非法操作:images
[ 2016-03-19T18:56:38+08:00 ] ERR: (ThinkException) 非法操作:images
[ 2016-03-19T18:56:38+08:00 ] ERR: (ThinkException) 非法操作:images
[ 2016-03-19T18:56:38+08:00 ] ERR: (ThinkException) 非法操作:images
[ 2016-03-19T18:56:38+08:00 ] ERR: (ThinkException) 非法操作:images
[ 2016-03-19T18:57:06+08:00 ] ERR: (ThinkException) 非法操作:images
[ 2016-03-19T18:57:06+08:00 ] ERR: (ThinkException) 非法操作:images
[ 2016-03-19T18:57:06+08:00 ] ERR: (ThinkException) 非法操作:images
[ 2016-03-19T18:57:06+08:00 ] ERR: (ThinkException) 非法操作:images
[ 2016-03-19T18:57:06+08:00 ] ERR: (ThinkException) 非法操作:images
[ 2016-03-19T18:57:34+08:00 ] ERR: (ThinkException) 非法操作:images
[ 2016-03-19T18:57:34+08:00 ] ERR: (ThinkException) 非法操作:images
[ 2016-03-19T18:57:34+08:00 ] ERR: (ThinkException) 非法操作:images
[ 2016-03-19T18:57:34+08:00 ] ERR: (ThinkException) 非法操作:images
[ 2016-03-19T18:57:34+08:00 ] ERR: (ThinkException) 非法操作:images
[ 2016-03-19T18:57:34+08:00 ] ERR: (ThinkException) 非法操作:images
[ 2016-03-19T18:57:34+08:00 ] ERR: (ThinkException) 非法操作:images
[ 2016-03-19T18:57:34+08:00 ] ERR: (ThinkException) 非法操作:images
[ 2016-03-19T18:57:34+08:00 ] ERR: (ThinkException) 非法操作:images
[ 2016-03-19T18:57:34+08:00 ] ERR: (ThinkException) 非法操作:images
[ 2016-03-19T18:57:54+08:00 ] ERR: (ThinkException) 非法操作:images
[ 2016-03-19T18:57:54+08:00 ] ERR: (ThinkException) 非法操作:images
[ 2016-03-19T18:57:55+08:00 ] ERR: (ThinkException) 非法操作:images
[ 2016-03-19T18:57:55+08:00 ] ERR: (ThinkException) 非法操作:images
[ 2016-03-19T18:57:55+08:00 ] ERR: (ThinkException) 非法操作:images
[ 2016-03-19T18:57:56+08:00 ] ERR: (ThinkException) 非法操作:images
[ 2016-03-19T18:57:56+08:00 ] ERR: (ThinkException) 非法操作:images
[ 2016-03-19T18:57:56+08:00 ] ERR: (ThinkException) 非法操作:images
[ 2016-03-19T18:57:56+08:00 ] ERR: (ThinkException) 非法操作:images
[ 2016-03-19T18:57:56+08:00 ] ERR: (ThinkException) 非法操作:images
[ 2016-03-19T18:58:03+08:00 ] ERR: (ThinkException) 非法操作:images
[ 2016-03-19T18:58:03+08:00 ] ERR: (ThinkException) 非法操作:images
[ 2016-03-19T18:58:03+08:00 ] ERR: (ThinkException) 非法操作:images
[ 2016-03-19T18:58:03+08:00 ] ERR: (ThinkException) 非法操作:images
[ 2016-03-19T18:58:03+08:00 ] ERR: (ThinkException) 非法操作:images
[ 2016-03-19T18:58:03+08:00 ] ERR: (ThinkException) 非法操作:images
[ 2016-03-19T18:58:03+08:00 ] ERR: (ThinkException) 非法操作:images
[ 2016-03-19T18:58:03+08:00 ] ERR: (ThinkException) 非法操作:images
[ 2016-03-19T18:58:03+08:00 ] ERR: (ThinkException) 非法操作:images
[ 2016-03-19T18:58:03+08:00 ] ERR: (ThinkException) 非法操作:images
[ 2016-03-19T18:58:03+08:00 ] ERR: (ThinkException) 非法操作:images
[ 2016-03-19T18:58:03+08:00 ] ERR: (ThinkException) 非法操作:images
[ 2016-03-19T18:58:03+08:00 ] ERR: (ThinkException) 非法操作:images
[ 2016-03-19T18:58:03+08:00 ] ERR: (ThinkException) 非法操作:images
[ 2016-03-19T18:58:03+08:00 ] ERR: (ThinkException) 非法操作:images
[ 2016-03-19T18:58:03+08:00 ] ERR: (ThinkException) 非法操作:images
[ 2016-03-19T18:58:03+08:00 ] ERR: (ThinkException) 非法操作:images
[ 2016-03-19T18:58:04+08:00 ] ERR: (ThinkException) 非法操作:images
[ 2016-03-19T18:58:04+08:00 ] ERR: (ThinkException) 非法操作:images
[ 2016-03-19T18:58:04+08:00 ] ERR: (ThinkException) 非法操作:images
[ 2016-03-19T18:58:04+08:00 ] ERR: (ThinkException) 非法操作:images
[ 2016-03-19T18:58:04+08:00 ] ERR: (ThinkException) 非法操作:images
[ 2016-03-19T18:58:04+08:00 ] ERR: (ThinkException) 非法操作:images
[ 2016-03-19T18:58:04+08:00 ] ERR: (ThinkException) 非法操作:images
[ 2016-03-19T18:58:04+08:00 ] ERR: (ThinkException) 非法操作:images
[ 2016-03-19T18:58:04+08:00 ] ERR: (ThinkException) 非法操作:images
[ 2016-03-19T18:58:04+08:00 ] ERR: (ThinkException) 非法操作:images
[ 2016-03-19T18:58:04+08:00 ] ERR: (ThinkException) 非法操作:images
[ 2016-03-19T18:58:04+08:00 ] ERR: (ThinkException) 非法操作:images
[ 2016-03-19T18:58:04+08:00 ] ERR: (ThinkException) 非法操作:images
[ 2016-03-19T18:58:17+08:00 ] ERR: (ThinkException) 非法操作:images
[ 2016-03-19T18:58:17+08:00 ] ERR: (ThinkException) 非法操作:images
[ 2016-03-19T18:58:17+08:00 ] ERR: (ThinkException) 非法操作:images
[ 2016-03-19T18:58:17+08:00 ] ERR: (ThinkException) 非法操作:images
[ 2016-03-19T18:58:17+08:00 ] ERR: (ThinkException) 非法操作:images
[ 2016-03-19T18:58:43+08:00 ] ERR: (ThinkException) 非法操作:images
[ 2016-03-19T18:58:43+08:00 ] ERR: (ThinkException) 非法操作:images
[ 2016-03-19T18:58:43+08:00 ] ERR: (ThinkException) 非法操作:images
[ 2016-03-19T18:58:43+08:00 ] ERR: (ThinkException) 非法操作:images
[ 2016-03-19T18:58:44+08:00 ] ERR: (ThinkException) 非法操作:images
[ 2016-03-19T18:58:44+08:00 ] ERR: (ThinkException) 非法操作:images
[ 2016-03-19T18:58:44+08:00 ] ERR: (ThinkException) 非法操作:images
[ 2016-03-19T18:58:44+08:00 ] ERR: (ThinkException) 非法操作:images
[ 2016-03-19T18:58:57+08:00 ] ERR: (ThinkException) 非法操作:images
[ 2016-03-19T18:58:57+08:00 ] ERR: (ThinkException) 非法操作:images
[ 2016-03-19T18:58:57+08:00 ] ERR: (ThinkException) 非法操作:images
[ 2016-03-19T18:58:57+08:00 ] ERR: (ThinkException) 非法操作:images
[ 2016-03-19T18:58:58+08:00 ] ERR: (ThinkException) 非法操作:images
[ 2016-03-19T18:58:58+08:00 ] ERR: (ThinkException) 非法操作:images
[ 2016-03-19T18:58:58+08:00 ] ERR: (ThinkException) 非法操作:images
[ 2016-03-19T18:58:58+08:00 ] ERR: (ThinkException) 非法操作:images
[ 2016-03-19T18:58:58+08:00 ] ERR: (ThinkException) 非法操作:images
[ 2016-03-19T18:58:58+08:00 ] ERR: (ThinkException) 非法操作:images
[ 2016-03-19T18:58:58+08:00 ] ERR: (ThinkException) 非法操作:images
[ 2016-03-19T18:58:58+08:00 ] ERR: (ThinkException) 非法操作:images
[ 2016-03-19T18:59:12+08:00 ] ERR: (ThinkException) 非法操作:images
[ 2016-03-19T18:59:12+08:00 ] ERR: (ThinkException) 非法操作:images
[ 2016-03-19T18:59:12+08:00 ] ERR: (ThinkException) 非法操作:images
[ 2016-03-19T18:59:12+08:00 ] ERR: (ThinkException) 非法操作:images
[ 2016-03-19T18:59:19+08:00 ] ERR: (ThinkException) 非法操作:images
[ 2016-03-19T18:59:19+08:00 ] ERR: (ThinkException) 非法操作:images
[ 2016-03-19T18:59:19+08:00 ] ERR: (ThinkException) 非法操作:images
[ 2016-03-19T18:59:19+08:00 ] ERR: (ThinkException) 非法操作:images
[ 2016-03-19T18:59:20+08:00 ] ERR: (ThinkException) 非法操作:images
[ 2016-03-19T18:59:20+08:00 ] ERR: (ThinkException) 非法操作:images
[ 2016-03-19T18:59:20+08:00 ] ERR: (ThinkException) 非法操作:images
[ 2016-03-19T18:59:20+08:00 ] ERR: (ThinkException) 非法操作:images
[ 2016-03-19T18:59:20+08:00 ] ERR: (ThinkException) 非法操作:images
[ 2016-03-19T18:59:20+08:00 ] ERR: (ThinkException) 非法操作:images
[ 2016-03-19T18:59:20+08:00 ] ERR: (ThinkException) 非法操作:images
[ 2016-03-19T18:59:20+08:00 ] ERR: (ThinkException) 非法操作:images
[ 2016-03-19T18:59:41+08:00 ] ERR: (ThinkException) 非法操作:images
[ 2016-03-19T18:59:41+08:00 ] ERR: (ThinkException) 非法操作:images
[ 2016-03-19T18:59:41+08:00 ] ERR: (ThinkException) 非法操作:images
[ 2016-03-19T18:59:41+08:00 ] ERR: (ThinkException) 非法操作:images
[ 2016-03-19T19:00:01+08:00 ] ERR: (ThinkException) 非法操作:images
[ 2016-03-19T19:00:01+08:00 ] ERR: (ThinkException) 非法操作:images
[ 2016-03-19T19:00:01+08:00 ] ERR: (ThinkException) 非法操作:images
[ 2016-03-19T19:00:01+08:00 ] ERR: (ThinkException) 非法操作:images
[ 2016-03-19T19:00:02+08:00 ] ERR: (ThinkException) 非法操作:images
[ 2016-03-19T19:00:02+08:00 ] ERR: (ThinkException) 非法操作:images
[ 2016-03-19T19:00:02+08:00 ] ERR: (ThinkException) 非法操作:images
[ 2016-03-19T19:00:02+08:00 ] ERR: (ThinkException) 非法操作:images
[ 2016-03-19T19:00:03+08:00 ] ERR: (ThinkException) 非法操作:images
[ 2016-03-19T19:00:03+08:00 ] ERR: (ThinkException) 非法操作:images
[ 2016-03-19T19:00:03+08:00 ] ERR: (ThinkException) 非法操作:images
[ 2016-03-19T19:00:03+08:00 ] ERR: (ThinkException) 非法操作:images
[ 2016-03-19T19:00:09+08:00 ] ERR: (ThinkException) 非法操作:images
[ 2016-03-19T19:00:10+08:00 ] ERR: (ThinkException) 非法操作:images
[ 2016-03-19T19:00:10+08:00 ] ERR: (ThinkException) 非法操作:images
[ 2016-03-19T19:00:10+08:00 ] ERR: (ThinkException) 非法操作:images
[ 2016-03-19T19:01:13+08:00 ] ERR: (ThinkException) 非法操作:images
[ 2016-03-19T19:01:13+08:00 ] ERR: (ThinkException) 非法操作:images
[ 2016-03-19T19:01:13+08:00 ] ERR: (ThinkException) 非法操作:images
[ 2016-03-19T19:01:13+08:00 ] ERR: (ThinkException) 非法操作:images
[ 2016-03-19T19:01:21+08:00 ] ERR: (ThinkException) 非法操作:images
[ 2016-03-19T19:01:21+08:00 ] ERR: (ThinkException) 非法操作:images
[ 2016-03-19T19:01:21+08:00 ] ERR: (ThinkException) 非法操作:images
[ 2016-03-19T19:01:21+08:00 ] ERR: (ThinkException) 非法操作:images
[ 2016-03-19T19:02:00+08:00 ] ERR: (ThinkException) 非法操作:images
[ 2016-03-19T19:02:00+08:00 ] ERR: (ThinkException) 非法操作:images
[ 2016-03-19T19:02:00+08:00 ] ERR: (ThinkException) 非法操作:images
[ 2016-03-19T19:02:00+08:00 ] ERR: (ThinkException) 非法操作:images
[ 2016-03-19T19:02:01+08:00 ] ERR: (ThinkException) 非法操作:images
[ 2016-03-19T19:02:01+08:00 ] ERR: (ThinkException) 非法操作:images
[ 2016-03-19T19:02:01+08:00 ] ERR: (ThinkException) 非法操作:images
[ 2016-03-19T19:02:01+08:00 ] ERR: (ThinkException) 非法操作:images
[ 2016-03-19T19:02:02+08:00 ] ERR: (ThinkException) 非法操作:images
[ 2016-03-19T19:02:02+08:00 ] ERR: (ThinkException) 非法操作:images
[ 2016-03-19T19:02:02+08:00 ] ERR: (ThinkException) 非法操作:images
[ 2016-03-19T19:02:02+08:00 ] ERR: (ThinkException) 非法操作:images
[ 2016-03-19T19:02:03+08:00 ] ERR: (ThinkException) 非法操作:images
[ 2016-03-19T19:02:03+08:00 ] ERR: (ThinkException) 非法操作:images
[ 2016-03-19T19:02:03+08:00 ] ERR: (ThinkException) 非法操作:images
[ 2016-03-19T19:02:03+08:00 ] ERR: (ThinkException) 非法操作:images
[ 2016-03-19T19:02:26+08:00 ] ERR: (ThinkException) 非法操作:images
[ 2016-03-19T19:02:27+08:00 ] ERR: (ThinkException) 非法操作:images
[ 2016-03-19T19:02:27+08:00 ] ERR: (ThinkException) 非法操作:images
[ 2016-03-19T19:02:27+08:00 ] ERR: (ThinkException) 非法操作:images
[ 2016-03-19T19:02:49+08:00 ] ERR: (ThinkException) 非法操作:images
[ 2016-03-19T19:02:49+08:00 ] ERR: (ThinkException) 非法操作:images
[ 2016-03-19T19:02:49+08:00 ] ERR: (ThinkException) 非法操作:images
[ 2016-03-19T19:02:49+08:00 ] ERR: (ThinkException) 非法操作:images
[ 2016-03-19T19:03:04+08:00 ] ERR: (ThinkException) 非法操作:images
[ 2016-03-19T19:03:04+08:00 ] ERR: (ThinkException) 非法操作:images
[ 2016-03-19T19:03:04+08:00 ] ERR: (ThinkException) 非法操作:images
[ 2016-03-19T19:03:13+08:00 ] ERR: (ThinkException) 非法操作:images
[ 2016-03-19T19:03:13+08:00 ] ERR: (ThinkException) 非法操作:images
[ 2016-03-19T19:03:13+08:00 ] ERR: (ThinkException) 非法操作:images
[ 2016-03-19T19:04:05+08:00 ] ERR: (ThinkException) 非法操作:images
[ 2016-03-19T19:04:05+08:00 ] ERR: (ThinkException) 非法操作:images
[ 2016-03-19T19:04:05+08:00 ] ERR: (ThinkException) 非法操作:images
[ 2016-03-19T19:04:46+08:00 ] ERR: (ThinkException) 非法操作:images
[ 2016-03-19T19:04:46+08:00 ] ERR: (ThinkException) 非法操作:images
[ 2016-03-19T19:05:08+08:00 ] ERR: (ThinkException) 非法操作:images
[ 2016-03-19T19:05:09+08:00 ] ERR: (ThinkException) 非法操作:images
[ 2016-03-19T19:05:31+08:00 ] ERR: (ThinkException) 非法操作:images
[ 2016-03-19T19:05:31+08:00 ] ERR: (ThinkException) 非法操作:images
[ 2016-03-19T19:05:49+08:00 ] ERR: (ThinkException) 非法操作:images
[ 2016-03-19T19:05:49+08:00 ] ERR: (ThinkException) 非法操作:images
[ 2016-03-19T19:07:36+08:00 ] ERR: (ThinkException) 非法操作:images
[ 2016-03-19T19:07:36+08:00 ] ERR: (ThinkException) 非法操作:images
[ 2016-03-19T19:07:43+08:00 ] ERR: (ThinkException) 非法操作:images
[ 2016-03-19T19:07:43+08:00 ] ERR: (ThinkException) 非法操作:images
[ 2016-03-19T19:08:23+08:00 ] ERR: (ThinkException) 非法操作:images
[ 2016-03-19T19:08:23+08:00 ] ERR: (ThinkException) 非法操作:images
[ 2016-03-19T19:09:31+08:00 ] ERR: (ThinkException) 非法操作:images
[ 2016-03-19T19:09:31+08:00 ] ERR: (ThinkException) 非法操作:images
[ 2016-03-19T19:09:59+08:00 ] ERR: (ThinkException) 非法操作:images
[ 2016-03-19T19:09:59+08:00 ] ERR: (ThinkException) 非法操作:images
[ 2016-03-19T19:10:10+08:00 ] ERR: (ThinkException) 非法操作:images
[ 2016-03-19T19:10:10+08:00 ] ERR: (ThinkException) 非法操作:images
[ 2016-03-19T19:10:11+08:00 ] ERR: (ThinkException) 非法操作:images
[ 2016-03-19T19:10:11+08:00 ] ERR: (ThinkException) 非法操作:images
[ 2016-03-19T19:10:11+08:00 ] ERR: (ThinkException) 非法操作:images
[ 2016-03-19T19:10:11+08:00 ] ERR: (ThinkException) 非法操作:images
[ 2016-03-19T19:11:20+08:00 ] ERR: (ThinkException) 非法操作:images
[ 2016-03-19T19:11:20+08:00 ] ERR: (ThinkException) 非法操作:images
[ 2016-03-19T19:11:39+08:00 ] ERR: (ThinkException) 非法操作:images
[ 2016-03-19T19:11:39+08:00 ] ERR: (ThinkException) 非法操作:images
[ 2016-03-19T19:11:39+08:00 ] ERR: (ThinkException) 非法操作:images
[ 2016-03-19T19:11:39+08:00 ] ERR: (ThinkException) 非法操作:images
[ 2016-03-19T19:12:01+08:00 ] ERR: (ThinkException) 非法操作:images
[ 2016-03-19T19:12:01+08:00 ] ERR: (ThinkException) 非法操作:images
[ 2016-03-19T19:12:08+08:00 ] ERR: (ThinkException) 非法操作:images
[ 2016-03-19T19:12:08+08:00 ] ERR: (ThinkException) 非法操作:images
[ 2016-03-19T19:12:38+08:00 ] ERR: (ThinkException) 非法操作:images
[ 2016-03-19T19:13:20+08:00 ] ERR: (ThinkException) 非法操作:images
[ 2016-03-19T19:13:21+08:00 ] ERR: (ThinkException) 非法操作:images
[ 2016-03-19T19:13:22+08:00 ] ERR: (ThinkException) 非法操作:images
[ 2016-03-19T19:13:54+08:00 ] ERR: (ThinkException) 非法操作:images
[ 2016-03-19T19:13:55+08:00 ] ERR: (ThinkException) 非法操作:images
[ 2016-03-19T19:13:56+08:00 ] ERR: (ThinkException) 非法操作:images
[ 2016-03-19T19:14:55+08:00 ] ERR: (ThinkException) 非法操作:images
[ 2016-03-19T19:15:19+08:00 ] ERR: (ThinkException) 非法操作:images
[ 2016-03-19T19:17:29+08:00 ] ERR: (ThinkException) 非法操作:images
[ 2016-03-19T19:18:02+08:00 ] ERR: (ThinkException) 非法操作:images
[ 2016-03-19T19:26:18+08:00 ] ERR: (ThinkException) 非法操作:checkName
[ 2016-03-19T19:28:38+08:00 ] ERR: (ThinkException) 非法操作:images
[ 2016-03-19T19:30:26+08:00 ] ERR: (ThinkException) 非法操作:__PUBLI__
[ 2016-03-19T20:12:25+08:00 ] ERR: (ThinkException) 非法操作:checkName
[ 2016-03-19T22:23:14+08:00 ] ERR: (ThinkException) 非法操作:checkName
