[ 2016-03-20T13:07:44+08:00 ] ERR: (ThinkException) 非法操作:checkName
[ 2016-03-20T13:43:15+08:00 ] ERR: (ThinkException) 无法加载模块:Message
[ 2016-03-20T13:43:29+08:00 ] ERR: (ThinkException) 无法加载模块:Message
[ 2016-03-20T13:44:10+08:00 ] ERR: (ThinkException) 无法加载模块:Message
[ 2016-03-20T13:46:52+08:00 ] ERR: (ThinkException) 非法操作:index
[ 2016-03-20T13:58:01+08:00 ] ERR: (ThinkException) 非法操作:ask
[ 2016-03-20T15:34:53+08:00 ] ERR: (ThinkException) 非法操作:checkName
[ 2016-03-20T15:37:21+08:00 ] 0.0.0.0 /WebLaw/index.php/Index/checkName?username=
INFO: [ app_begin ] --START--
INFO: Run ReadHtmlCache Behavior [ RunTime:0.001318s ]
INFO: [ app_begin ] --END-- [ RunTime:0.001439s ]
SQL: SHOW COLUMNS FROM `wl_user` [ RunTime:0.020403s ]
SQL: SELECT COUNT(*) AS tp_count FROM `wl_user` WHERE ( `username` = '' ) LIMIT 1   [ RunTime:0.000647s ]

[ 2016-03-20T15:37:39+08:00 ] 0.0.0.0 /WebLaw/index.php/Index/checkName?username=1111
INFO: [ app_begin ] --START--
INFO: Run ReadHtmlCache Behavior [ RunTime:0.001393s ]
INFO: [ app_begin ] --END-- [ RunTime:0.001513s ]
SQL: SHOW COLUMNS FROM `wl_user` [ RunTime:0.017415s ]
SQL: SELECT COUNT(*) AS tp_count FROM `wl_user` WHERE ( `username` = '1111' ) LIMIT 1   [ RunTime:0.000582s ]

[ 2016-03-20T15:37:50+08:00 ] ERR: (ThinkException) 非法操作:checkName
[ 2016-03-20T16:13:40+08:00 ] ERR: (ThinkException) 非法操作:checkName
[ 2016-03-20T16:14:56+08:00 ] ERR: (ThinkException) 非法操作:add_manager
[ 2016-03-20T16:14:57+08:00 ] ERR: (ThinkException) 非法操作:add_manager
[ 2016-03-20T16:15:06+08:00 ] ERR: (ThinkException) 非法操作:add_manager
[ 2016-03-20T16:16:26+08:00 ] ERR: (ThinkException) 非法操作:add_product
[ 2016-03-20T17:05:41+08:00 ] ERR: (ThinkException) Model:assign您所请求的方法不存在！
[ 2016-03-20T17:06:00+08:00 ] ERR: (ThinkException) Model:assign您所请求的方法不存在！
[ 2016-03-20T17:45:55+08:00 ] ERR: (ThinkException) 非法操作:checkName
[ 2016-03-20T18:07:18+08:00 ] ERR: (ThinkException) 非法操作:checkName
[ 2016-03-20T18:07:33+08:00 ] ERR: (ThinkException) 非法操作:checkName
[ 2016-03-20T18:11:56+08:00 ] ERR: (ThinkException) 非法操作:checkName
[ 2016-03-20T18:26:30+08:00 ] ERR: (ThinkException) 非法操作:manager_ask
[ 2016-03-20T18:26:47+08:00 ] ERR: (ThinkException) 非法操作:manager_ask
[ 2016-03-20T18:26:57+08:00 ] ERR: (ThinkException) 非法操作:manager_ask
[ 2016-03-20T18:26:58+08:00 ] ERR: (ThinkException) 非法操作:manager_ask
[ 2016-03-20T18:28:01+08:00 ] ERR: (ThinkException) 无法加载模块:username
[ 2016-03-20T18:28:12+08:00 ] ERR: (ThinkException) 无法加载模块:username
[ 2016-03-20T18:34:25+08:00 ] ERR: (ThinkException) 非法操作:checkName
[ 2016-03-20T18:37:08+08:00 ] ERR: (ThinkException) 非法操作:checkName
[ 2016-03-20T20:26:20+08:00 ] ERR: (ThinkException) 非法操作:checkName
[ 2016-03-20T20:26:38+08:00 ] ERR: (ThinkException) 非法操作:checkName
[ 2016-03-20T20:46:28+08:00 ] ERR: (ThinkException) 非法操作:checkName
[ 2016-03-20T23:26:12+08:00 ] ERR: (ThinkException) 非法操作:checkName
