[ 2016-03-17T13:24:05+08:00 ] ERR: (ThinkException) 非法操作:do_login2
[ 2016-03-17T13:24:29+08:00 ] 0.0.0.0 /WebLaw/index.php/Index/checkName?username=666
INFO: [ app_begin ] --START--
INFO: Run ReadHtmlCache Behavior [ RunTime:0.001765s ]
INFO: [ app_begin ] --END-- [ RunTime:0.001883s ]
SQL: SHOW COLUMNS FROM `wl_user` [ RunTime:0.019843s ]
SQL: SELECT COUNT(*) AS tp_count FROM `wl_user` WHERE ( `username` = '666' ) LIMIT 1   [ RunTime:0.000596s ]

[ 2016-03-17T13:26:06+08:00 ] 0.0.0.0 /WebLaw/index.php/Index/checkName?username=666
INFO: [ app_begin ] --START--
INFO: Run ReadHtmlCache Behavior [ RunTime:0.003822s ]
INFO: [ app_begin ] --END-- [ RunTime:0.004171s ]
SQL: SHOW COLUMNS FROM `wl_user` [ RunTime:0.017228s ]
SQL: SELECT COUNT(*) AS tp_count FROM `wl_user` WHERE ( `username` = '666' ) LIMIT 1   [ RunTime:0.000561s ]

[ 2016-03-17T13:26:09+08:00 ] 0.0.0.0 /WebLaw/index.php/Index/checkName?username=6665
INFO: [ app_begin ] --START--
INFO: Run ReadHtmlCache Behavior [ RunTime:0.003053s ]
INFO: [ app_begin ] --END-- [ RunTime:0.003284s ]
SQL: SHOW COLUMNS FROM `wl_user` [ RunTime:0.016900s ]
SQL: SELECT COUNT(*) AS tp_count FROM `wl_user` WHERE ( `username` = '6665' ) LIMIT 1   [ RunTime:0.000536s ]

[ 2016-03-17T13:26:48+08:00 ] 0.0.0.0 /WebLaw/index.php/Index/checkName?username=333
INFO: [ app_begin ] --START--
INFO: Run ReadHtmlCache Behavior [ RunTime:0.001166s ]
INFO: [ app_begin ] --END-- [ RunTime:0.001267s ]
SQL: SHOW COLUMNS FROM `wl_user` [ RunTime:0.015399s ]
SQL: SELECT COUNT(*) AS tp_count FROM `wl_user` WHERE ( `username` = '333' ) LIMIT 1   [ RunTime:0.000553s ]

[ 2016-03-17T13:26:50+08:00 ] 0.0.0.0 /WebLaw/index.php/Index/checkName?username=3334
INFO: [ app_begin ] --START--
INFO: Run ReadHtmlCache Behavior [ RunTime:0.001743s ]
INFO: [ app_begin ] --END-- [ RunTime:0.001893s ]
SQL: SHOW COLUMNS FROM `wl_user` [ RunTime:0.027712s ]
SQL: SELECT COUNT(*) AS tp_count FROM `wl_user` WHERE ( `username` = '3334' ) LIMIT 1   [ RunTime:0.001117s ]

[ 2016-03-17T13:30:47+08:00 ] 0.0.0.0 /WebLaw/index.php/Index/checkName?username=3334
INFO: [ app_begin ] --START--
INFO: Run ReadHtmlCache Behavior [ RunTime:0.003689s ]
INFO: [ app_begin ] --END-- [ RunTime:0.004065s ]
SQL: SHOW COLUMNS FROM `wl_user` [ RunTime:0.017854s ]
SQL: SELECT COUNT(*) AS tp_count FROM `wl_user` WHERE ( `username` = '3334' ) LIMIT 1   [ RunTime:0.000661s ]

[ 2016-03-17T13:30:48+08:00 ] 0.0.0.0 /WebLaw/index.php/Index/checkName?username=3334
INFO: [ app_begin ] --START--
INFO: Run ReadHtmlCache Behavior [ RunTime:0.001340s ]
INFO: [ app_begin ] --END-- [ RunTime:0.001461s ]
SQL: SHOW COLUMNS FROM `wl_user` [ RunTime:0.024031s ]
SQL: SELECT COUNT(*) AS tp_count FROM `wl_user` WHERE ( `username` = '3334' ) LIMIT 1   [ RunTime:0.000840s ]

[ 2016-03-17T13:30:50+08:00 ] 0.0.0.0 /WebLaw/index.php/Index/checkName?username=33345
INFO: [ app_begin ] --START--
INFO: Run ReadHtmlCache Behavior [ RunTime:0.002745s ]
INFO: [ app_begin ] --END-- [ RunTime:0.003126s ]
SQL: SHOW COLUMNS FROM `wl_user` [ RunTime:0.032884s ]
SQL: SELECT COUNT(*) AS tp_count FROM `wl_user` WHERE ( `username` = '33345' ) LIMIT 1   [ RunTime:0.000708s ]

[ 2016-03-17T13:34:06+08:00 ] 0.0.0.0 /WebLaw/index.php/Index/checkName?username=33345
INFO: [ app_begin ] --START--
INFO: Run ReadHtmlCache Behavior [ RunTime:0.001348s ]
INFO: [ app_begin ] --END-- [ RunTime:0.001461s ]
SQL: SHOW COLUMNS FROM `wl_user` [ RunTime:0.018053s ]
SQL: SELECT COUNT(*) AS tp_count FROM `wl_user` WHERE ( `username` = '33345' ) LIMIT 1   [ RunTime:0.000595s ]

[ 2016-03-17T13:34:08+08:00 ] 0.0.0.0 /WebLaw/index.php/Index/checkName?username=333456
INFO: [ app_begin ] --START--
INFO: Run ReadHtmlCache Behavior [ RunTime:0.003429s ]
INFO: [ app_begin ] --END-- [ RunTime:0.003762s ]
SQL: SHOW COLUMNS FROM `wl_user` [ RunTime:0.024999s ]
SQL: SELECT COUNT(*) AS tp_count FROM `wl_user` WHERE ( `username` = '333456' ) LIMIT 1   [ RunTime:0.000845s ]

[ 2016-03-17T13:36:46+08:00 ] 0.0.0.0 /WebLaw/index.php/Index/checkName?username=33345677
INFO: [ app_begin ] --START--
INFO: Run ReadHtmlCache Behavior [ RunTime:0.001824s ]
INFO: [ app_begin ] --END-- [ RunTime:0.002036s ]
SQL: SHOW COLUMNS FROM `wl_user` [ RunTime:0.021079s ]
SQL: SELECT COUNT(*) AS tp_count FROM `wl_user` WHERE ( `username` = '33345677' ) LIMIT 1   [ RunTime:0.000680s ]

[ 2016-03-17T13:38:07+08:00 ] 0.0.0.0 /WebLaw/index.php/Index/checkName?username=1112
INFO: [ app_begin ] --START--
INFO: Run ReadHtmlCache Behavior [ RunTime:0.002695s ]
INFO: [ app_begin ] --END-- [ RunTime:0.002914s ]
SQL: SHOW COLUMNS FROM `wl_user` [ RunTime:0.018158s ]
SQL: SELECT COUNT(*) AS tp_count FROM `wl_user` WHERE ( `username` = '1112' ) LIMIT 1   [ RunTime:0.000606s ]

[ 2016-03-17T13:39:40+08:00 ] 0.0.0.0 /WebLaw/index.php/Index/checkName?username=1112
INFO: [ app_begin ] --START--
INFO: Run ReadHtmlCache Behavior [ RunTime:0.003058s ]
INFO: [ app_begin ] --END-- [ RunTime:0.003380s ]
SQL: SHOW COLUMNS FROM `wl_user` [ RunTime:0.061343s ]
SQL: SELECT COUNT(*) AS tp_count FROM `wl_user` WHERE ( `username` = '1112' ) LIMIT 1   [ RunTime:0.000607s ]

[ 2016-03-17T13:39:43+08:00 ] 0.0.0.0 /WebLaw/index.php/Index/checkName?username=11124
INFO: [ app_begin ] --START--
INFO: Run ReadHtmlCache Behavior [ RunTime:0.001513s ]
INFO: [ app_begin ] --END-- [ RunTime:0.001674s ]
SQL: SHOW COLUMNS FROM `wl_user` [ RunTime:0.027283s ]
SQL: SELECT COUNT(*) AS tp_count FROM `wl_user` WHERE ( `username` = '11124' ) LIMIT 1   [ RunTime:0.001145s ]

[ 2016-03-17T13:41:29+08:00 ] 0.0.0.0 /WebLaw/index.php/Index/checkName?username=122
INFO: [ app_begin ] --START--
INFO: Run ReadHtmlCache Behavior [ RunTime:0.002827s ]
INFO: [ app_begin ] --END-- [ RunTime:0.003110s ]
SQL: SHOW COLUMNS FROM `wl_user` [ RunTime:0.018547s ]
SQL: SELECT COUNT(*) AS tp_count FROM `wl_user` WHERE ( `username` = '122' ) LIMIT 1   [ RunTime:0.000577s ]

[ 2016-03-17T13:47:10+08:00 ] ERR: (ThinkException) 非法操作:zhuce
[ 2016-03-17T14:41:31+08:00 ] 0.0.0.0 /WebLaw/index.php/Index/checkName?username=111
INFO: [ app_begin ] --START--
INFO: Run ReadHtmlCache Behavior [ RunTime:0.001335s ]
INFO: [ app_begin ] --END-- [ RunTime:0.001475s ]
SQL: SHOW COLUMNS FROM `wl_user` [ RunTime:0.016308s ]
SQL: SELECT COUNT(*) AS tp_count FROM `wl_user` WHERE ( `username` = '111' ) LIMIT 1   [ RunTime:0.000517s ]

[ 2016-03-17T14:41:32+08:00 ] 0.0.0.0 /WebLaw/index.php/Index/checkName?username=111
INFO: [ app_begin ] --START--
INFO: Run ReadHtmlCache Behavior [ RunTime:0.001032s ]
INFO: [ app_begin ] --END-- [ RunTime:0.001158s ]
SQL: SHOW COLUMNS FROM `wl_user` [ RunTime:0.016072s ]
SQL: SELECT COUNT(*) AS tp_count FROM `wl_user` WHERE ( `username` = '111' ) LIMIT 1   [ RunTime:0.000511s ]

[ 2016-03-17T14:41:43+08:00 ] 0.0.0.0 /WebLaw/index.php/Index/checkName?username=666
INFO: [ app_begin ] --START--
INFO: Run ReadHtmlCache Behavior [ RunTime:0.001013s ]
INFO: [ app_begin ] --END-- [ RunTime:0.001109s ]
SQL: SHOW COLUMNS FROM `wl_user` [ RunTime:0.015470s ]
SQL: SELECT COUNT(*) AS tp_count FROM `wl_user` WHERE ( `username` = '666' ) LIMIT 1   [ RunTime:0.000491s ]

[ 2016-03-17T14:41:45+08:00 ] 0.0.0.0 /WebLaw/index.php/Index/checkName?username=6667
INFO: [ app_begin ] --START--
INFO: Run ReadHtmlCache Behavior [ RunTime:0.001046s ]
INFO: [ app_begin ] --END-- [ RunTime:0.001140s ]
SQL: SHOW COLUMNS FROM `wl_user` [ RunTime:0.015308s ]
SQL: SELECT COUNT(*) AS tp_count FROM `wl_user` WHERE ( `username` = '6667' ) LIMIT 1   [ RunTime:0.000461s ]

[ 2016-03-17T14:41:47+08:00 ] 0.0.0.0 /WebLaw/index.php/Index/checkName?username=66676
INFO: [ app_begin ] --START--
INFO: Run ReadHtmlCache Behavior [ RunTime:0.001572s ]
INFO: [ app_begin ] --END-- [ RunTime:0.001714s ]
SQL: SHOW COLUMNS FROM `wl_user` [ RunTime:0.015274s ]
SQL: SELECT COUNT(*) AS tp_count FROM `wl_user` WHERE ( `username` = '66676' ) LIMIT 1   [ RunTime:0.000476s ]

[ 2016-03-17T14:42:08+08:00 ] 0.0.0.0 /WebLaw/index.php/Index/checkName?username=
INFO: [ app_begin ] --START--
INFO: Run ReadHtmlCache Behavior [ RunTime:0.001050s ]
INFO: [ app_begin ] --END-- [ RunTime:0.001144s ]
SQL: SHOW COLUMNS FROM `wl_user` [ RunTime:0.015662s ]
SQL: SELECT COUNT(*) AS tp_count FROM `wl_user` WHERE ( `username` = '' ) LIMIT 1   [ RunTime:0.000549s ]

[ 2016-03-17T14:48:30+08:00 ] ERR: (ThinkException) 非法操作:do_login1
[ 2016-03-17T14:55:06+08:00 ] ERR: (ThinkException) 非法操作:login2
[ 2016-03-17T14:55:08+08:00 ] ERR: (ThinkException) 非法操作:login
[ 2016-03-17T14:55:10+08:00 ] ERR: (ThinkException) 非法操作:login
[ 2016-03-17T14:55:21+08:00 ] ERR: (ThinkException) 非法操作:checkName
[ 2016-03-17T14:55:25+08:00 ] ERR: (ThinkException) 非法操作:doReg
[ 2016-03-17T14:55:54+08:00 ] ERR: (ThinkException) 非法操作:doReg
[ 2016-03-17T14:55:58+08:00 ] ERR: (ThinkException) 非法操作:checkName
[ 2016-03-17T14:57:23+08:00 ] ERR: (ThinkException) 非法操作:checkName
[ 2016-03-17T14:57:27+08:00 ] ERR: (ThinkException) 非法操作:checkName
[ 2016-03-17T14:57:34+08:00 ] ERR: (ThinkException) 非法操作:doReg
[ 2016-03-17T14:57:59+08:00 ] ERR: (ThinkException) 非法操作:checkName
[ 2016-03-17T15:08:07+08:00 ] ERR: (ThinkException) 模板不存在[./Home/Tpl/Opeartion/index.html]
[ 2016-03-17T15:50:25+08:00 ] ERR: (ThinkException) 非法操作:login
[ 2016-03-17T16:04:38+08:00 ] ERR: (ThinkException) 非法操作:images
[ 2016-03-17T16:04:38+08:00 ] ERR: (ThinkException) 非法操作:images
[ 2016-03-17T16:04:38+08:00 ] ERR: (ThinkException) 非法操作:images
[ 2016-03-17T16:04:38+08:00 ] ERR: (ThinkException) 非法操作:images
[ 2016-03-17T16:04:38+08:00 ] ERR: (ThinkException) 非法操作:images
[ 2016-03-17T16:04:53+08:00 ] ERR: (ThinkException) 非法操作:images
[ 2016-03-17T16:04:53+08:00 ] ERR: (ThinkException) 非法操作:images
[ 2016-03-17T16:04:53+08:00 ] ERR: (ThinkException) 非法操作:images
[ 2016-03-17T16:04:53+08:00 ] ERR: (ThinkException) 非法操作:images
[ 2016-03-17T16:04:53+08:00 ] ERR: (ThinkException) 非法操作:images
[ 2016-03-17T16:05:28+08:00 ] ERR: (ThinkException) 非法操作:images
[ 2016-03-17T16:05:28+08:00 ] ERR: (ThinkException) 非法操作:images
[ 2016-03-17T16:05:28+08:00 ] ERR: (ThinkException) 非法操作:images
[ 2016-03-17T16:05:28+08:00 ] ERR: (ThinkException) 非法操作:images
[ 2016-03-17T16:05:28+08:00 ] ERR: (ThinkException) 非法操作:images
[ 2016-03-17T16:05:37+08:00 ] ERR: (ThinkException) 非法操作:images
[ 2016-03-17T16:05:37+08:00 ] ERR: (ThinkException) 非法操作:images
[ 2016-03-17T16:05:37+08:00 ] ERR: (ThinkException) 非法操作:images
[ 2016-03-17T16:05:37+08:00 ] ERR: (ThinkException) 非法操作:images
[ 2016-03-17T16:05:37+08:00 ] ERR: (ThinkException) 非法操作:images
[ 2016-03-17T16:05:37+08:00 ] ERR: (ThinkException) 非法操作:images
[ 2016-03-17T16:05:37+08:00 ] ERR: (ThinkException) 非法操作:images
[ 2016-03-17T16:05:37+08:00 ] ERR: (ThinkException) 非法操作:images
[ 2016-03-17T16:05:37+08:00 ] ERR: (ThinkException) 非法操作:images
[ 2016-03-17T16:05:37+08:00 ] ERR: (ThinkException) 非法操作:images
[ 2016-03-17T16:05:38+08:00 ] ERR: (ThinkException) 非法操作:images
[ 2016-03-17T16:05:38+08:00 ] ERR: (ThinkException) 非法操作:images
[ 2016-03-17T16:05:38+08:00 ] ERR: (ThinkException) 非法操作:images
[ 2016-03-17T16:05:38+08:00 ] ERR: (ThinkException) 非法操作:images
[ 2016-03-17T16:05:38+08:00 ] ERR: (ThinkException) 非法操作:images
[ 2016-03-17T16:05:38+08:00 ] ERR: (ThinkException) 非法操作:images
[ 2016-03-17T16:05:38+08:00 ] ERR: (ThinkException) 非法操作:images
[ 2016-03-17T16:05:38+08:00 ] ERR: (ThinkException) 非法操作:images
[ 2016-03-17T16:05:38+08:00 ] ERR: (ThinkException) 非法操作:images
[ 2016-03-17T16:05:38+08:00 ] ERR: (ThinkException) 非法操作:images
[ 2016-03-17T16:06:02+08:00 ] ERR: (ThinkException) 非法操作:images
[ 2016-03-17T16:06:02+08:00 ] ERR: (ThinkException) 非法操作:images
[ 2016-03-17T16:06:02+08:00 ] ERR: (ThinkException) 非法操作:images
[ 2016-03-17T16:06:02+08:00 ] ERR: (ThinkException) 非法操作:images
[ 2016-03-17T16:06:02+08:00 ] ERR: (ThinkException) 非法操作:images
[ 2016-03-17T16:06:11+08:00 ] ERR: (ThinkException) 非法操作:images
[ 2016-03-17T16:06:11+08:00 ] ERR: (ThinkException) 非法操作:images
[ 2016-03-17T16:06:11+08:00 ] ERR: (ThinkException) 非法操作:images
[ 2016-03-17T16:06:11+08:00 ] ERR: (ThinkException) 非法操作:images
[ 2016-03-17T16:06:11+08:00 ] ERR: (ThinkException) 非法操作:images
[ 2016-03-17T16:06:12+08:00 ] ERR: (ThinkException) 非法操作:images
[ 2016-03-17T16:06:12+08:00 ] ERR: (ThinkException) 非法操作:images
[ 2016-03-17T16:06:12+08:00 ] ERR: (ThinkException) 非法操作:images
[ 2016-03-17T16:06:12+08:00 ] ERR: (ThinkException) 非法操作:images
[ 2016-03-17T16:06:12+08:00 ] ERR: (ThinkException) 非法操作:images
[ 2016-03-17T16:06:12+08:00 ] ERR: (ThinkException) 非法操作:images
[ 2016-03-17T16:06:12+08:00 ] ERR: (ThinkException) 非法操作:images
[ 2016-03-17T16:06:12+08:00 ] ERR: (ThinkException) 非法操作:images
[ 2016-03-17T16:06:12+08:00 ] ERR: (ThinkException) 非法操作:images
[ 2016-03-17T16:06:12+08:00 ] ERR: (ThinkException) 非法操作:images
[ 2016-03-17T16:06:12+08:00 ] ERR: (ThinkException) 非法操作:images
[ 2016-03-17T16:06:12+08:00 ] ERR: (ThinkException) 非法操作:images
[ 2016-03-17T16:06:12+08:00 ] ERR: (ThinkException) 非法操作:images
[ 2016-03-17T16:06:12+08:00 ] ERR: (ThinkException) 非法操作:images
[ 2016-03-17T16:06:13+08:00 ] ERR: (ThinkException) 非法操作:images
[ 2016-03-17T16:06:31+08:00 ] ERR: (ThinkException) 非法操作:images
[ 2016-03-17T16:06:31+08:00 ] ERR: (ThinkException) 非法操作:images
[ 2016-03-17T16:06:31+08:00 ] ERR: (ThinkException) 非法操作:images
[ 2016-03-17T16:06:31+08:00 ] ERR: (ThinkException) 非法操作:images
[ 2016-03-17T16:06:31+08:00 ] ERR: (ThinkException) 非法操作:images
[ 2016-03-17T16:06:31+08:00 ] ERR: (ThinkException) 非法操作:images
[ 2016-03-17T16:06:31+08:00 ] ERR: (ThinkException) 非法操作:images
[ 2016-03-17T16:06:31+08:00 ] ERR: (ThinkException) 非法操作:images
[ 2016-03-17T16:06:31+08:00 ] ERR: (ThinkException) 非法操作:images
[ 2016-03-17T16:06:31+08:00 ] ERR: (ThinkException) 非法操作:images
[ 2016-03-17T16:06:31+08:00 ] ERR: (ThinkException) 非法操作:images
[ 2016-03-17T16:06:31+08:00 ] ERR: (ThinkException) 非法操作:images
[ 2016-03-17T16:06:31+08:00 ] ERR: (ThinkException) 非法操作:images
[ 2016-03-17T16:06:31+08:00 ] ERR: (ThinkException) 非法操作:images
[ 2016-03-17T16:06:31+08:00 ] ERR: (ThinkException) 非法操作:images
[ 2016-03-17T16:06:32+08:00 ] ERR: (ThinkException) 非法操作:images
[ 2016-03-17T16:06:32+08:00 ] ERR: (ThinkException) 非法操作:images
[ 2016-03-17T16:06:32+08:00 ] ERR: (ThinkException) 非法操作:images
[ 2016-03-17T16:06:32+08:00 ] ERR: (ThinkException) 非法操作:images
[ 2016-03-17T16:06:32+08:00 ] ERR: (ThinkException) 非法操作:images
[ 2016-03-17T16:06:50+08:00 ] ERR: (ThinkException) 非法操作:images
[ 2016-03-17T16:06:50+08:00 ] ERR: (ThinkException) 非法操作:images
[ 2016-03-17T16:06:50+08:00 ] ERR: (ThinkException) 非法操作:images
[ 2016-03-17T16:06:50+08:00 ] ERR: (ThinkException) 非法操作:images
[ 2016-03-17T16:06:50+08:00 ] ERR: (ThinkException) 非法操作:images
[ 2016-03-17T16:06:51+08:00 ] ERR: (ThinkException) 非法操作:images
[ 2016-03-17T16:06:51+08:00 ] ERR: (ThinkException) 非法操作:images
[ 2016-03-17T16:06:51+08:00 ] ERR: (ThinkException) 非法操作:images
[ 2016-03-17T16:06:51+08:00 ] ERR: (ThinkException) 非法操作:images
[ 2016-03-17T16:06:51+08:00 ] ERR: (ThinkException) 非法操作:images
[ 2016-03-17T16:06:51+08:00 ] ERR: (ThinkException) 非法操作:images
[ 2016-03-17T16:06:51+08:00 ] ERR: (ThinkException) 非法操作:images
[ 2016-03-17T16:06:51+08:00 ] ERR: (ThinkException) 非法操作:images
[ 2016-03-17T16:06:51+08:00 ] ERR: (ThinkException) 非法操作:images
[ 2016-03-17T16:06:51+08:00 ] ERR: (ThinkException) 非法操作:images
[ 2016-03-17T16:06:51+08:00 ] ERR: (ThinkException) 非法操作:images
[ 2016-03-17T16:06:51+08:00 ] ERR: (ThinkException) 非法操作:images
[ 2016-03-17T16:06:51+08:00 ] ERR: (ThinkException) 非法操作:images
[ 2016-03-17T16:06:51+08:00 ] ERR: (ThinkException) 非法操作:images
[ 2016-03-17T16:06:51+08:00 ] ERR: (ThinkException) 非法操作:images
[ 2016-03-17T16:08:00+08:00 ] ERR: (ThinkException) 非法操作:images
[ 2016-03-17T16:08:00+08:00 ] ERR: (ThinkException) 非法操作:images
[ 2016-03-17T16:08:00+08:00 ] ERR: (ThinkException) 非法操作:images
[ 2016-03-17T16:08:00+08:00 ] ERR: (ThinkException) 非法操作:images
[ 2016-03-17T16:08:00+08:00 ] ERR: (ThinkException) 非法操作:images
[ 2016-03-17T16:08:01+08:00 ] ERR: (ThinkException) 非法操作:images
[ 2016-03-17T16:08:01+08:00 ] ERR: (ThinkException) 非法操作:images
[ 2016-03-17T16:08:01+08:00 ] ERR: (ThinkException) 非法操作:images
[ 2016-03-17T16:08:01+08:00 ] ERR: (ThinkException) 非法操作:images
[ 2016-03-17T16:08:01+08:00 ] ERR: (ThinkException) 非法操作:images
[ 2016-03-17T16:08:01+08:00 ] ERR: (ThinkException) 非法操作:images
[ 2016-03-17T16:08:01+08:00 ] ERR: (ThinkException) 非法操作:images
[ 2016-03-17T16:08:01+08:00 ] ERR: (ThinkException) 非法操作:images
[ 2016-03-17T16:08:01+08:00 ] ERR: (ThinkException) 非法操作:images
[ 2016-03-17T16:08:01+08:00 ] ERR: (ThinkException) 非法操作:images
[ 2016-03-17T16:08:01+08:00 ] ERR: (ThinkException) 非法操作:images
[ 2016-03-17T16:08:01+08:00 ] ERR: (ThinkException) 非法操作:images
[ 2016-03-17T16:08:01+08:00 ] ERR: (ThinkException) 非法操作:images
[ 2016-03-17T16:08:01+08:00 ] ERR: (ThinkException) 非法操作:images
[ 2016-03-17T16:08:01+08:00 ] ERR: (ThinkException) 非法操作:images
[ 2016-03-17T16:08:11+08:00 ] ERR: (ThinkException) 非法操作:images
[ 2016-03-17T16:08:12+08:00 ] ERR: (ThinkException) 非法操作:images
[ 2016-03-17T16:08:12+08:00 ] ERR: (ThinkException) 非法操作:images
[ 2016-03-17T16:08:12+08:00 ] ERR: (ThinkException) 非法操作:images
[ 2016-03-17T16:08:12+08:00 ] ERR: (ThinkException) 非法操作:images
[ 2016-03-17T16:08:12+08:00 ] ERR: (ThinkException) 非法操作:images
[ 2016-03-17T16:08:12+08:00 ] ERR: (ThinkException) 非法操作:images
[ 2016-03-17T16:08:12+08:00 ] ERR: (ThinkException) 非法操作:images
[ 2016-03-17T16:08:12+08:00 ] ERR: (ThinkException) 非法操作:images
[ 2016-03-17T16:08:12+08:00 ] ERR: (ThinkException) 非法操作:images
[ 2016-03-17T16:08:12+08:00 ] ERR: (ThinkException) 非法操作:images
[ 2016-03-17T16:08:12+08:00 ] ERR: (ThinkException) 非法操作:images
[ 2016-03-17T16:08:12+08:00 ] ERR: (ThinkException) 非法操作:images
[ 2016-03-17T16:08:12+08:00 ] ERR: (ThinkException) 非法操作:images
[ 2016-03-17T16:08:12+08:00 ] ERR: (ThinkException) 非法操作:images
[ 2016-03-17T16:08:12+08:00 ] ERR: (ThinkException) 非法操作:images
[ 2016-03-17T16:08:12+08:00 ] ERR: (ThinkException) 非法操作:images
[ 2016-03-17T16:08:12+08:00 ] ERR: (ThinkException) 非法操作:images
[ 2016-03-17T16:08:12+08:00 ] ERR: (ThinkException) 非法操作:images
[ 2016-03-17T16:08:12+08:00 ] ERR: (ThinkException) 非法操作:images
[ 2016-03-17T16:08:12+08:00 ] ERR: (ThinkException) 非法操作:images
[ 2016-03-17T16:08:12+08:00 ] ERR: (ThinkException) 非法操作:images
[ 2016-03-17T16:08:12+08:00 ] ERR: (ThinkException) 非法操作:images
[ 2016-03-17T16:08:12+08:00 ] ERR: (ThinkException) 非法操作:images
[ 2016-03-17T16:08:12+08:00 ] ERR: (ThinkException) 非法操作:images
[ 2016-03-17T16:09:25+08:00 ] ERR: (ThinkException) 非法操作:images
[ 2016-03-17T16:09:25+08:00 ] ERR: (ThinkException) 非法操作:images
[ 2016-03-17T16:09:25+08:00 ] ERR: (ThinkException) 非法操作:images
[ 2016-03-17T16:09:25+08:00 ] ERR: (ThinkException) 非法操作:images
[ 2016-03-17T16:09:25+08:00 ] ERR: (ThinkException) 非法操作:images
[ 2016-03-17T16:09:25+08:00 ] ERR: (ThinkException) 非法操作:images
[ 2016-03-17T16:09:25+08:00 ] ERR: (ThinkException) 非法操作:images
[ 2016-03-17T16:09:25+08:00 ] ERR: (ThinkException) 非法操作:images
[ 2016-03-17T16:09:25+08:00 ] ERR: (ThinkException) 非法操作:images
[ 2016-03-17T16:09:25+08:00 ] ERR: (ThinkException) 非法操作:images
[ 2016-03-17T16:09:25+08:00 ] ERR: (ThinkException) 非法操作:images
[ 2016-03-17T16:09:25+08:00 ] ERR: (ThinkException) 非法操作:images
[ 2016-03-17T16:09:25+08:00 ] ERR: (ThinkException) 非法操作:images
[ 2016-03-17T16:09:25+08:00 ] ERR: (ThinkException) 非法操作:images
[ 2016-03-17T16:09:25+08:00 ] ERR: (ThinkException) 非法操作:images
[ 2016-03-17T16:09:54+08:00 ] ERR: (ThinkException) 非法操作:images
[ 2016-03-17T16:09:54+08:00 ] ERR: (ThinkException) 非法操作:images
[ 2016-03-17T16:09:54+08:00 ] ERR: (ThinkException) 非法操作:images
[ 2016-03-17T16:09:54+08:00 ] ERR: (ThinkException) 非法操作:images
[ 2016-03-17T16:09:54+08:00 ] ERR: (ThinkException) 非法操作:images
[ 2016-03-17T16:09:54+08:00 ] ERR: (ThinkException) 非法操作:images
[ 2016-03-17T16:09:54+08:00 ] ERR: (ThinkException) 非法操作:images
[ 2016-03-17T16:09:54+08:00 ] ERR: (ThinkException) 非法操作:images
[ 2016-03-17T16:09:54+08:00 ] ERR: (ThinkException) 非法操作:images
[ 2016-03-17T16:09:54+08:00 ] ERR: (ThinkException) 非法操作:images
[ 2016-03-17T16:09:54+08:00 ] ERR: (ThinkException) 非法操作:images
[ 2016-03-17T16:09:54+08:00 ] ERR: (ThinkException) 非法操作:images
[ 2016-03-17T16:09:54+08:00 ] ERR: (ThinkException) 非法操作:images
[ 2016-03-17T16:09:54+08:00 ] ERR: (ThinkException) 非法操作:images
[ 2016-03-17T16:09:54+08:00 ] ERR: (ThinkException) 非法操作:images
[ 2016-03-17T16:09:55+08:00 ] ERR: (ThinkException) 非法操作:images
[ 2016-03-17T16:09:55+08:00 ] ERR: (ThinkException) 非法操作:images
[ 2016-03-17T16:09:55+08:00 ] ERR: (ThinkException) 非法操作:images
[ 2016-03-17T16:09:55+08:00 ] ERR: (ThinkException) 非法操作:images
[ 2016-03-17T16:09:55+08:00 ] ERR: (ThinkException) 非法操作:images
[ 2016-03-17T16:10:05+08:00 ] ERR: (ThinkException) 非法操作:images
[ 2016-03-17T16:10:05+08:00 ] ERR: (ThinkException) 非法操作:images
[ 2016-03-17T16:10:05+08:00 ] ERR: (ThinkException) 非法操作:images
[ 2016-03-17T16:10:05+08:00 ] ERR: (ThinkException) 非法操作:images
[ 2016-03-17T16:10:05+08:00 ] ERR: (ThinkException) 非法操作:images
[ 2016-03-17T16:10:06+08:00 ] ERR: (ThinkException) 非法操作:images
[ 2016-03-17T16:10:06+08:00 ] ERR: (ThinkException) 非法操作:images
[ 2016-03-17T16:10:06+08:00 ] ERR: (ThinkException) 非法操作:images
[ 2016-03-17T16:10:06+08:00 ] ERR: (ThinkException) 非法操作:images
[ 2016-03-17T16:10:06+08:00 ] ERR: (ThinkException) 非法操作:images
[ 2016-03-17T16:10:06+08:00 ] ERR: (ThinkException) 非法操作:images
[ 2016-03-17T16:10:06+08:00 ] ERR: (ThinkException) 非法操作:images
[ 2016-03-17T16:10:06+08:00 ] ERR: (ThinkException) 非法操作:images
[ 2016-03-17T16:10:06+08:00 ] ERR: (ThinkException) 非法操作:images
[ 2016-03-17T16:10:06+08:00 ] ERR: (ThinkException) 非法操作:images
[ 2016-03-17T16:10:06+08:00 ] ERR: (ThinkException) 非法操作:images
[ 2016-03-17T16:10:06+08:00 ] ERR: (ThinkException) 非法操作:images
[ 2016-03-17T16:10:06+08:00 ] ERR: (ThinkException) 非法操作:images
[ 2016-03-17T16:10:06+08:00 ] ERR: (ThinkException) 非法操作:images
[ 2016-03-17T16:10:06+08:00 ] ERR: (ThinkException) 非法操作:images
[ 2016-03-17T16:10:39+08:00 ] ERR: (ThinkException) 非法操作:images
[ 2016-03-17T16:10:39+08:00 ] ERR: (ThinkException) 非法操作:images
[ 2016-03-17T16:10:39+08:00 ] ERR: (ThinkException) 非法操作:images
[ 2016-03-17T16:10:39+08:00 ] ERR: (ThinkException) 非法操作:images
[ 2016-03-17T16:10:39+08:00 ] ERR: (ThinkException) 非法操作:images
[ 2016-03-17T16:10:40+08:00 ] ERR: (ThinkException) 非法操作:images
[ 2016-03-17T16:10:40+08:00 ] ERR: (ThinkException) 非法操作:images
[ 2016-03-17T16:10:40+08:00 ] ERR: (ThinkException) 非法操作:images
[ 2016-03-17T16:10:40+08:00 ] ERR: (ThinkException) 非法操作:images
[ 2016-03-17T16:10:40+08:00 ] ERR: (ThinkException) 非法操作:images
[ 2016-03-17T16:10:40+08:00 ] ERR: (ThinkException) 非法操作:images
[ 2016-03-17T16:10:40+08:00 ] ERR: (ThinkException) 非法操作:images
[ 2016-03-17T16:10:40+08:00 ] ERR: (ThinkException) 非法操作:images
[ 2016-03-17T16:10:40+08:00 ] ERR: (ThinkException) 非法操作:images
[ 2016-03-17T16:10:40+08:00 ] ERR: (ThinkException) 非法操作:images
[ 2016-03-17T16:10:40+08:00 ] ERR: (ThinkException) 非法操作:images
[ 2016-03-17T16:10:40+08:00 ] ERR: (ThinkException) 非法操作:images
[ 2016-03-17T16:10:40+08:00 ] ERR: (ThinkException) 非法操作:images
[ 2016-03-17T16:10:40+08:00 ] ERR: (ThinkException) 非法操作:images
[ 2016-03-17T16:10:40+08:00 ] ERR: (ThinkException) 非法操作:images
[ 2016-03-17T16:10:40+08:00 ] ERR: (ThinkException) 非法操作:images
[ 2016-03-17T16:10:40+08:00 ] ERR: (ThinkException) 非法操作:images
[ 2016-03-17T16:10:40+08:00 ] ERR: (ThinkException) 非法操作:images
[ 2016-03-17T16:10:40+08:00 ] ERR: (ThinkException) 非法操作:images
[ 2016-03-17T16:10:40+08:00 ] ERR: (ThinkException) 非法操作:images
[ 2016-03-17T16:10:40+08:00 ] ERR: (ThinkException) 非法操作:images
[ 2016-03-17T16:10:40+08:00 ] ERR: (ThinkException) 非法操作:images
[ 2016-03-17T16:10:40+08:00 ] ERR: (ThinkException) 非法操作:images
[ 2016-03-17T16:10:40+08:00 ] ERR: (ThinkException) 非法操作:images
[ 2016-03-17T16:10:40+08:00 ] ERR: (ThinkException) 非法操作:images
[ 2016-03-17T16:11:01+08:00 ] ERR: (ThinkException) 非法操作:images
[ 2016-03-17T16:11:01+08:00 ] ERR: (ThinkException) 非法操作:images
[ 2016-03-17T16:11:01+08:00 ] ERR: (ThinkException) 非法操作:images
[ 2016-03-17T16:11:01+08:00 ] ERR: (ThinkException) 非法操作:images
[ 2016-03-17T16:11:01+08:00 ] ERR: (ThinkException) 非法操作:images
[ 2016-03-17T16:11:01+08:00 ] ERR: (ThinkException) 非法操作:images
[ 2016-03-17T16:11:01+08:00 ] ERR: (ThinkException) 非法操作:images
[ 2016-03-17T16:11:01+08:00 ] ERR: (ThinkException) 非法操作:images
[ 2016-03-17T16:11:01+08:00 ] ERR: (ThinkException) 非法操作:images
[ 2016-03-17T16:11:01+08:00 ] ERR: (ThinkException) 非法操作:images
[ 2016-03-17T16:11:01+08:00 ] ERR: (ThinkException) 非法操作:images
[ 2016-03-17T16:11:01+08:00 ] ERR: (ThinkException) 非法操作:images
[ 2016-03-17T16:11:01+08:00 ] ERR: (ThinkException) 非法操作:images
[ 2016-03-17T16:11:01+08:00 ] ERR: (ThinkException) 非法操作:images
[ 2016-03-17T16:11:01+08:00 ] ERR: (ThinkException) 非法操作:images
[ 2016-03-17T16:12:03+08:00 ] ERR: (ThinkException) 非法操作:images
[ 2016-03-17T16:12:03+08:00 ] ERR: (ThinkException) 非法操作:images
[ 2016-03-17T16:12:03+08:00 ] ERR: (ThinkException) 非法操作:images
[ 2016-03-17T16:12:03+08:00 ] ERR: (ThinkException) 非法操作:images
[ 2016-03-17T16:12:03+08:00 ] ERR: (ThinkException) 非法操作:images
[ 2016-03-17T16:12:26+08:00 ] ERR: (ThinkException) 非法操作:images
[ 2016-03-17T16:12:26+08:00 ] ERR: (ThinkException) 非法操作:images
[ 2016-03-17T16:12:26+08:00 ] ERR: (ThinkException) 非法操作:images
[ 2016-03-17T16:12:26+08:00 ] ERR: (ThinkException) 非法操作:images
[ 2016-03-17T16:12:26+08:00 ] ERR: (ThinkException) 非法操作:images
[ 2016-03-17T16:12:27+08:00 ] ERR: (ThinkException) 非法操作:images
[ 2016-03-17T16:12:27+08:00 ] ERR: (ThinkException) 非法操作:images
[ 2016-03-17T16:12:27+08:00 ] ERR: (ThinkException) 非法操作:images
[ 2016-03-17T16:12:27+08:00 ] ERR: (ThinkException) 非法操作:images
[ 2016-03-17T16:12:27+08:00 ] ERR: (ThinkException) 非法操作:images
[ 2016-03-17T16:12:27+08:00 ] ERR: (ThinkException) 非法操作:images
[ 2016-03-17T16:12:27+08:00 ] ERR: (ThinkException) 非法操作:images
[ 2016-03-17T16:12:27+08:00 ] ERR: (ThinkException) 非法操作:images
[ 2016-03-17T16:12:27+08:00 ] ERR: (ThinkException) 非法操作:images
[ 2016-03-17T16:12:27+08:00 ] ERR: (ThinkException) 非法操作:images
[ 2016-03-17T16:12:27+08:00 ] ERR: (ThinkException) 非法操作:images
[ 2016-03-17T16:12:27+08:00 ] ERR: (ThinkException) 非法操作:images
[ 2016-03-17T16:12:27+08:00 ] ERR: (ThinkException) 非法操作:images
[ 2016-03-17T16:12:27+08:00 ] ERR: (ThinkException) 非法操作:images
[ 2016-03-17T16:12:27+08:00 ] ERR: (ThinkException) 非法操作:images
[ 2016-03-17T16:12:27+08:00 ] ERR: (ThinkException) 非法操作:images
[ 2016-03-17T16:12:27+08:00 ] ERR: (ThinkException) 非法操作:images
[ 2016-03-17T16:12:27+08:00 ] ERR: (ThinkException) 非法操作:images
[ 2016-03-17T16:12:27+08:00 ] ERR: (ThinkException) 非法操作:images
[ 2016-03-17T16:12:27+08:00 ] ERR: (ThinkException) 非法操作:images
[ 2016-03-17T16:15:20+08:00 ] ERR: (ThinkException) 非法操作:images
[ 2016-03-17T16:15:20+08:00 ] ERR: (ThinkException) 非法操作:images
[ 2016-03-17T16:15:20+08:00 ] ERR: (ThinkException) 非法操作:images
[ 2016-03-17T16:15:20+08:00 ] ERR: (ThinkException) 非法操作:images
[ 2016-03-17T16:15:20+08:00 ] ERR: (ThinkException) 非法操作:images
[ 2016-03-17T16:15:21+08:00 ] ERR: (ThinkException) 非法操作:images
[ 2016-03-17T16:15:21+08:00 ] ERR: (ThinkException) 非法操作:images
[ 2016-03-17T16:15:21+08:00 ] ERR: (ThinkException) 非法操作:images
[ 2016-03-17T16:15:21+08:00 ] ERR: (ThinkException) 非法操作:images
[ 2016-03-17T16:15:21+08:00 ] ERR: (ThinkException) 非法操作:images
[ 2016-03-17T16:15:33+08:00 ] ERR: (ThinkException) 非法操作:images
[ 2016-03-17T16:15:33+08:00 ] ERR: (ThinkException) 非法操作:images
[ 2016-03-17T16:15:33+08:00 ] ERR: (ThinkException) 非法操作:images
[ 2016-03-17T16:15:33+08:00 ] ERR: (ThinkException) 非法操作:images
[ 2016-03-17T16:15:33+08:00 ] ERR: (ThinkException) 非法操作:images
[ 2016-03-17T16:15:34+08:00 ] ERR: (ThinkException) 非法操作:images
[ 2016-03-17T16:15:34+08:00 ] ERR: (ThinkException) 非法操作:images
[ 2016-03-17T16:15:34+08:00 ] ERR: (ThinkException) 非法操作:images
[ 2016-03-17T16:15:34+08:00 ] ERR: (ThinkException) 非法操作:images
[ 2016-03-17T16:15:34+08:00 ] ERR: (ThinkException) 非法操作:images
[ 2016-03-17T16:15:42+08:00 ] ERR: (ThinkException) 非法操作:images
[ 2016-03-17T16:15:42+08:00 ] ERR: (ThinkException) 非法操作:images
[ 2016-03-17T16:15:42+08:00 ] ERR: (ThinkException) 非法操作:images
[ 2016-03-17T16:15:42+08:00 ] ERR: (ThinkException) 非法操作:images
[ 2016-03-17T16:15:42+08:00 ] ERR: (ThinkException) 非法操作:images
[ 2016-03-17T16:15:42+08:00 ] ERR: (ThinkException) 非法操作:images
[ 2016-03-17T16:15:42+08:00 ] ERR: (ThinkException) 非法操作:images
[ 2016-03-17T16:15:42+08:00 ] ERR: (ThinkException) 非法操作:images
[ 2016-03-17T16:15:42+08:00 ] ERR: (ThinkException) 非法操作:images
[ 2016-03-17T16:15:42+08:00 ] ERR: (ThinkException) 非法操作:images
[ 2016-03-17T16:16:23+08:00 ] ERR: (ThinkException) 非法操作:images
[ 2016-03-17T16:16:23+08:00 ] ERR: (ThinkException) 非法操作:images
[ 2016-03-17T16:16:23+08:00 ] ERR: (ThinkException) 非法操作:images
[ 2016-03-17T16:16:23+08:00 ] ERR: (ThinkException) 非法操作:images
[ 2016-03-17T16:16:23+08:00 ] ERR: (ThinkException) 非法操作:images
[ 2016-03-17T16:17:44+08:00 ] ERR: (ThinkException) 非法操作:images
[ 2016-03-17T16:17:44+08:00 ] ERR: (ThinkException) 非法操作:images
[ 2016-03-17T16:17:44+08:00 ] ERR: (ThinkException) 非法操作:images
[ 2016-03-17T16:17:44+08:00 ] ERR: (ThinkException) 非法操作:images
[ 2016-03-17T16:17:44+08:00 ] ERR: (ThinkException) 非法操作:images
[ 2016-03-17T16:17:44+08:00 ] ERR: (ThinkException) 非法操作:images
[ 2016-03-17T16:17:44+08:00 ] ERR: (ThinkException) 非法操作:images
[ 2016-03-17T16:17:44+08:00 ] ERR: (ThinkException) 非法操作:images
[ 2016-03-17T16:17:44+08:00 ] ERR: (ThinkException) 非法操作:images
[ 2016-03-17T16:17:44+08:00 ] ERR: (ThinkException) 非法操作:images
[ 2016-03-17T16:17:45+08:00 ] ERR: (ThinkException) 非法操作:images
[ 2016-03-17T16:17:45+08:00 ] ERR: (ThinkException) 非法操作:images
[ 2016-03-17T16:17:45+08:00 ] ERR: (ThinkException) 非法操作:images
[ 2016-03-17T16:17:45+08:00 ] ERR: (ThinkException) 非法操作:images
[ 2016-03-17T16:17:45+08:00 ] ERR: (ThinkException) 非法操作:images
[ 2016-03-17T16:18:54+08:00 ] ERR: (ThinkException) 非法操作:images
[ 2016-03-17T16:18:54+08:00 ] ERR: (ThinkException) 非法操作:images
[ 2016-03-17T16:18:54+08:00 ] ERR: (ThinkException) 非法操作:images
[ 2016-03-17T16:18:54+08:00 ] ERR: (ThinkException) 非法操作:images
[ 2016-03-17T16:18:54+08:00 ] ERR: (ThinkException) 非法操作:images
[ 2016-03-17T16:18:55+08:00 ] ERR: (ThinkException) 非法操作:images
[ 2016-03-17T16:18:55+08:00 ] ERR: (ThinkException) 非法操作:images
[ 2016-03-17T16:18:55+08:00 ] ERR: (ThinkException) 非法操作:images
[ 2016-03-17T16:18:55+08:00 ] ERR: (ThinkException) 非法操作:images
[ 2016-03-17T16:18:55+08:00 ] ERR: (ThinkException) 非法操作:images
[ 2016-03-17T16:19:44+08:00 ] ERR: (ThinkException) 非法操作:images
[ 2016-03-17T16:19:44+08:00 ] ERR: (ThinkException) 非法操作:images
[ 2016-03-17T16:19:44+08:00 ] ERR: (ThinkException) 非法操作:images
[ 2016-03-17T16:19:44+08:00 ] ERR: (ThinkException) 非法操作:images
[ 2016-03-17T16:19:44+08:00 ] ERR: (ThinkException) 非法操作:images
[ 2016-03-17T16:19:54+08:00 ] ERR: (ThinkException) 非法操作:images
[ 2016-03-17T16:19:54+08:00 ] ERR: (ThinkException) 非法操作:images
[ 2016-03-17T16:19:54+08:00 ] ERR: (ThinkException) 非法操作:images
[ 2016-03-17T16:19:54+08:00 ] ERR: (ThinkException) 非法操作:images
[ 2016-03-17T16:19:54+08:00 ] ERR: (ThinkException) 非法操作:images
[ 2016-03-17T16:19:54+08:00 ] ERR: (ThinkException) 非法操作:images
[ 2016-03-17T16:19:54+08:00 ] ERR: (ThinkException) 非法操作:images
[ 2016-03-17T16:19:54+08:00 ] ERR: (ThinkException) 非法操作:images
[ 2016-03-17T16:19:54+08:00 ] ERR: (ThinkException) 非法操作:images
[ 2016-03-17T16:19:54+08:00 ] ERR: (ThinkException) 非法操作:images
[ 2016-03-17T16:19:55+08:00 ] ERR: (ThinkException) 非法操作:images
[ 2016-03-17T16:19:55+08:00 ] ERR: (ThinkException) 非法操作:images
[ 2016-03-17T16:19:55+08:00 ] ERR: (ThinkException) 非法操作:images
[ 2016-03-17T16:19:55+08:00 ] ERR: (ThinkException) 非法操作:images
[ 2016-03-17T16:19:55+08:00 ] ERR: (ThinkException) 非法操作:images
[ 2016-03-17T16:19:55+08:00 ] ERR: (ThinkException) 非法操作:images
[ 2016-03-17T16:19:55+08:00 ] ERR: (ThinkException) 非法操作:images
[ 2016-03-17T16:19:55+08:00 ] ERR: (ThinkException) 非法操作:images
[ 2016-03-17T16:19:55+08:00 ] ERR: (ThinkException) 非法操作:images
[ 2016-03-17T16:19:55+08:00 ] ERR: (ThinkException) 非法操作:images
[ 2016-03-17T16:19:55+08:00 ] ERR: (ThinkException) 非法操作:images
[ 2016-03-17T16:19:55+08:00 ] ERR: (ThinkException) 非法操作:images
[ 2016-03-17T16:19:55+08:00 ] ERR: (ThinkException) 非法操作:images
[ 2016-03-17T16:19:55+08:00 ] ERR: (ThinkException) 非法操作:images
[ 2016-03-17T16:19:55+08:00 ] ERR: (ThinkException) 非法操作:images
[ 2016-03-17T16:20:04+08:00 ] ERR: (ThinkException) 非法操作:images
[ 2016-03-17T16:20:04+08:00 ] ERR: (ThinkException) 非法操作:images
[ 2016-03-17T16:20:04+08:00 ] ERR: (ThinkException) 非法操作:images
[ 2016-03-17T16:20:04+08:00 ] ERR: (ThinkException) 非法操作:images
[ 2016-03-17T16:20:04+08:00 ] ERR: (ThinkException) 非法操作:images
[ 2016-03-17T16:20:04+08:00 ] ERR: (ThinkException) 非法操作:images
[ 2016-03-17T16:20:04+08:00 ] ERR: (ThinkException) 非法操作:images
[ 2016-03-17T16:20:04+08:00 ] ERR: (ThinkException) 非法操作:images
[ 2016-03-17T16:20:04+08:00 ] ERR: (ThinkException) 非法操作:images
[ 2016-03-17T16:20:04+08:00 ] ERR: (ThinkException) 非法操作:images
[ 2016-03-17T16:20:25+08:00 ] ERR: (ThinkException) 非法操作:images
[ 2016-03-17T16:20:25+08:00 ] ERR: (ThinkException) 非法操作:images
[ 2016-03-17T16:20:25+08:00 ] ERR: (ThinkException) 非法操作:images
[ 2016-03-17T16:20:25+08:00 ] ERR: (ThinkException) 非法操作:images
[ 2016-03-17T16:20:25+08:00 ] ERR: (ThinkException) 非法操作:images
[ 2016-03-17T16:20:25+08:00 ] ERR: (ThinkException) 非法操作:images
[ 2016-03-17T16:20:25+08:00 ] ERR: (ThinkException) 非法操作:images
[ 2016-03-17T16:20:25+08:00 ] ERR: (ThinkException) 非法操作:images
[ 2016-03-17T16:20:25+08:00 ] ERR: (ThinkException) 非法操作:images
[ 2016-03-17T16:20:25+08:00 ] ERR: (ThinkException) 非法操作:images
[ 2016-03-17T16:21:31+08:00 ] ERR: (ThinkException) 非法操作:images
[ 2016-03-17T16:21:31+08:00 ] ERR: (ThinkException) 非法操作:images
[ 2016-03-17T16:21:31+08:00 ] ERR: (ThinkException) 非法操作:images
[ 2016-03-17T16:21:31+08:00 ] ERR: (ThinkException) 非法操作:images
[ 2016-03-17T16:21:31+08:00 ] ERR: (ThinkException) 非法操作:images
[ 2016-03-17T16:21:59+08:00 ] ERR: (ThinkException) 非法操作:images
[ 2016-03-17T16:21:59+08:00 ] ERR: (ThinkException) 非法操作:images
[ 2016-03-17T16:21:59+08:00 ] ERR: (ThinkException) 非法操作:images
[ 2016-03-17T16:21:59+08:00 ] ERR: (ThinkException) 非法操作:images
[ 2016-03-17T16:21:59+08:00 ] ERR: (ThinkException) 非法操作:images
[ 2016-03-17T16:22:05+08:00 ] ERR: (ThinkException) 非法操作:images
[ 2016-03-17T16:22:05+08:00 ] ERR: (ThinkException) 非法操作:images
[ 2016-03-17T16:22:05+08:00 ] ERR: (ThinkException) 非法操作:images
[ 2016-03-17T16:22:05+08:00 ] ERR: (ThinkException) 非法操作:images
[ 2016-03-17T16:22:05+08:00 ] ERR: (ThinkException) 非法操作:images
[ 2016-03-17T16:22:14+08:00 ] ERR: (ThinkException) 非法操作:images
[ 2016-03-17T16:22:14+08:00 ] ERR: (ThinkException) 非法操作:images
[ 2016-03-17T16:22:14+08:00 ] ERR: (ThinkException) 非法操作:images
[ 2016-03-17T16:22:14+08:00 ] ERR: (ThinkException) 非法操作:images
[ 2016-03-17T16:22:14+08:00 ] ERR: (ThinkException) 非法操作:images
[ 2016-03-17T16:22:15+08:00 ] ERR: (ThinkException) 非法操作:images
[ 2016-03-17T16:22:15+08:00 ] ERR: (ThinkException) 非法操作:images
[ 2016-03-17T16:22:15+08:00 ] ERR: (ThinkException) 非法操作:images
[ 2016-03-17T16:22:15+08:00 ] ERR: (ThinkException) 非法操作:images
[ 2016-03-17T16:22:15+08:00 ] ERR: (ThinkException) 非法操作:images
[ 2016-03-17T16:22:15+08:00 ] ERR: (ThinkException) 非法操作:images
[ 2016-03-17T16:22:15+08:00 ] ERR: (ThinkException) 非法操作:images
[ 2016-03-17T16:22:15+08:00 ] ERR: (ThinkException) 非法操作:images
[ 2016-03-17T16:22:15+08:00 ] ERR: (ThinkException) 非法操作:images
[ 2016-03-17T16:22:15+08:00 ] ERR: (ThinkException) 非法操作:images
[ 2016-03-17T16:22:33+08:00 ] ERR: (ThinkException) 非法操作:images
[ 2016-03-17T16:22:33+08:00 ] ERR: (ThinkException) 非法操作:images
[ 2016-03-17T16:22:33+08:00 ] ERR: (ThinkException) 非法操作:images
[ 2016-03-17T16:22:33+08:00 ] ERR: (ThinkException) 非法操作:images
[ 2016-03-17T16:22:34+08:00 ] ERR: (ThinkException) 非法操作:images
[ 2016-03-17T16:22:35+08:00 ] ERR: (ThinkException) 非法操作:images
[ 2016-03-17T16:22:35+08:00 ] ERR: (ThinkException) 非法操作:images
[ 2016-03-17T16:22:35+08:00 ] ERR: (ThinkException) 非法操作:images
[ 2016-03-17T16:22:35+08:00 ] ERR: (ThinkException) 非法操作:images
[ 2016-03-17T16:22:35+08:00 ] ERR: (ThinkException) 非法操作:images
[ 2016-03-17T16:22:35+08:00 ] ERR: (ThinkException) 非法操作:images
[ 2016-03-17T16:22:35+08:00 ] ERR: (ThinkException) 非法操作:images
[ 2016-03-17T16:22:35+08:00 ] ERR: (ThinkException) 非法操作:images
[ 2016-03-17T16:22:35+08:00 ] ERR: (ThinkException) 非法操作:images
[ 2016-03-17T16:22:35+08:00 ] ERR: (ThinkException) 非法操作:images
[ 2016-03-17T16:23:17+08:00 ] ERR: (ThinkException) 非法操作:images
[ 2016-03-17T16:23:18+08:00 ] ERR: (ThinkException) 非法操作:images
[ 2016-03-17T16:23:18+08:00 ] ERR: (ThinkException) 非法操作:images
[ 2016-03-17T16:23:18+08:00 ] ERR: (ThinkException) 非法操作:images
[ 2016-03-17T16:23:18+08:00 ] ERR: (ThinkException) 非法操作:images
[ 2016-03-17T16:23:18+08:00 ] ERR: (ThinkException) 非法操作:images
[ 2016-03-17T16:23:18+08:00 ] ERR: (ThinkException) 非法操作:images
[ 2016-03-17T16:23:18+08:00 ] ERR: (ThinkException) 非法操作:images
[ 2016-03-17T16:23:18+08:00 ] ERR: (ThinkException) 非法操作:images
[ 2016-03-17T16:23:18+08:00 ] ERR: (ThinkException) 非法操作:images
[ 2016-03-17T16:23:18+08:00 ] ERR: (ThinkException) 非法操作:images
[ 2016-03-17T16:23:18+08:00 ] ERR: (ThinkException) 非法操作:images
[ 2016-03-17T16:23:18+08:00 ] ERR: (ThinkException) 非法操作:images
[ 2016-03-17T16:23:18+08:00 ] ERR: (ThinkException) 非法操作:images
[ 2016-03-17T16:23:18+08:00 ] ERR: (ThinkException) 非法操作:images
[ 2016-03-17T16:23:18+08:00 ] ERR: (ThinkException) 非法操作:images
[ 2016-03-17T16:23:18+08:00 ] ERR: (ThinkException) 非法操作:images
[ 2016-03-17T16:23:18+08:00 ] ERR: (ThinkException) 非法操作:images
[ 2016-03-17T16:23:18+08:00 ] ERR: (ThinkException) 非法操作:images
[ 2016-03-17T16:23:18+08:00 ] ERR: (ThinkException) 非法操作:images
[ 2016-03-17T16:23:25+08:00 ] ERR: (ThinkException) 非法操作:images
[ 2016-03-17T16:23:25+08:00 ] ERR: (ThinkException) 非法操作:images
[ 2016-03-17T16:23:25+08:00 ] ERR: (ThinkException) 非法操作:images
[ 2016-03-17T16:23:25+08:00 ] ERR: (ThinkException) 非法操作:images
[ 2016-03-17T16:23:25+08:00 ] ERR: (ThinkException) 非法操作:images
[ 2016-03-17T16:23:25+08:00 ] ERR: (ThinkException) 非法操作:images
[ 2016-03-17T16:23:25+08:00 ] ERR: (ThinkException) 非法操作:images
[ 2016-03-17T16:23:25+08:00 ] ERR: (ThinkException) 非法操作:images
[ 2016-03-17T16:23:25+08:00 ] ERR: (ThinkException) 非法操作:images
[ 2016-03-17T16:23:25+08:00 ] ERR: (ThinkException) 非法操作:images
[ 2016-03-17T16:23:26+08:00 ] ERR: (ThinkException) 非法操作:images
[ 2016-03-17T16:23:26+08:00 ] ERR: (ThinkException) 非法操作:images
[ 2016-03-17T16:23:26+08:00 ] ERR: (ThinkException) 非法操作:images
[ 2016-03-17T16:23:26+08:00 ] ERR: (ThinkException) 非法操作:images
[ 2016-03-17T16:23:26+08:00 ] ERR: (ThinkException) 非法操作:images
[ 2016-03-17T16:24:01+08:00 ] ERR: (ThinkException) 非法操作:images
[ 2016-03-17T16:24:01+08:00 ] ERR: (ThinkException) 非法操作:images
[ 2016-03-17T16:24:01+08:00 ] ERR: (ThinkException) 非法操作:images
[ 2016-03-17T16:24:01+08:00 ] ERR: (ThinkException) 非法操作:images
[ 2016-03-17T16:24:01+08:00 ] ERR: (ThinkException) 非法操作:images
[ 2016-03-17T16:24:01+08:00 ] ERR: (ThinkException) 非法操作:images
[ 2016-03-17T16:24:01+08:00 ] ERR: (ThinkException) 非法操作:images
[ 2016-03-17T16:24:01+08:00 ] ERR: (ThinkException) 非法操作:images
[ 2016-03-17T16:24:01+08:00 ] ERR: (ThinkException) 非法操作:images
[ 2016-03-17T16:24:01+08:00 ] ERR: (ThinkException) 非法操作:images
[ 2016-03-17T16:24:51+08:00 ] ERR: (ThinkException) 非法操作:images
[ 2016-03-17T16:24:51+08:00 ] ERR: (ThinkException) 非法操作:images
[ 2016-03-17T16:24:51+08:00 ] ERR: (ThinkException) 非法操作:images
[ 2016-03-17T16:24:51+08:00 ] ERR: (ThinkException) 非法操作:images
[ 2016-03-17T16:24:51+08:00 ] ERR: (ThinkException) 非法操作:images
[ 2016-03-17T16:24:52+08:00 ] ERR: (ThinkException) 非法操作:images
[ 2016-03-17T16:24:52+08:00 ] ERR: (ThinkException) 非法操作:images
[ 2016-03-17T16:24:52+08:00 ] ERR: (ThinkException) 非法操作:images
[ 2016-03-17T16:24:52+08:00 ] ERR: (ThinkException) 非法操作:images
[ 2016-03-17T16:24:52+08:00 ] ERR: (ThinkException) 非法操作:images
[ 2016-03-17T16:24:52+08:00 ] ERR: (ThinkException) 非法操作:images
[ 2016-03-17T16:24:52+08:00 ] ERR: (ThinkException) 非法操作:images
[ 2016-03-17T16:24:52+08:00 ] ERR: (ThinkException) 非法操作:images
[ 2016-03-17T16:24:52+08:00 ] ERR: (ThinkException) 非法操作:images
[ 2016-03-17T16:24:52+08:00 ] ERR: (ThinkException) 非法操作:images
[ 2016-03-17T16:24:52+08:00 ] ERR: (ThinkException) 非法操作:images
[ 2016-03-17T16:24:52+08:00 ] ERR: (ThinkException) 非法操作:images
[ 2016-03-17T16:24:52+08:00 ] ERR: (ThinkException) 非法操作:images
[ 2016-03-17T16:24:52+08:00 ] ERR: (ThinkException) 非法操作:images
[ 2016-03-17T16:24:52+08:00 ] ERR: (ThinkException) 非法操作:images
[ 2016-03-17T16:24:52+08:00 ] ERR: (ThinkException) 非法操作:images
[ 2016-03-17T16:24:52+08:00 ] ERR: (ThinkException) 非法操作:images
[ 2016-03-17T16:24:52+08:00 ] ERR: (ThinkException) 非法操作:images
[ 2016-03-17T16:24:52+08:00 ] ERR: (ThinkException) 非法操作:images
[ 2016-03-17T16:24:52+08:00 ] ERR: (ThinkException) 非法操作:images
[ 2016-03-17T16:26:28+08:00 ] ERR: (ThinkException) 非法操作:images
[ 2016-03-17T16:26:28+08:00 ] ERR: (ThinkException) 非法操作:images
[ 2016-03-17T16:26:28+08:00 ] ERR: (ThinkException) 非法操作:images
[ 2016-03-17T16:26:28+08:00 ] ERR: (ThinkException) 非法操作:images
[ 2016-03-17T16:26:28+08:00 ] ERR: (ThinkException) 非法操作:images
[ 2016-03-17T16:27:32+08:00 ] ERR: (ThinkException) 非法操作:images
[ 2016-03-17T16:27:32+08:00 ] ERR: (ThinkException) 非法操作:images
[ 2016-03-17T16:27:32+08:00 ] ERR: (ThinkException) 非法操作:images
[ 2016-03-17T16:27:32+08:00 ] ERR: (ThinkException) 非法操作:images
[ 2016-03-17T16:27:32+08:00 ] ERR: (ThinkException) 非法操作:images
[ 2016-03-17T16:27:32+08:00 ] ERR: (ThinkException) 非法操作:images
[ 2016-03-17T16:27:32+08:00 ] ERR: (ThinkException) 非法操作:images
[ 2016-03-17T16:27:32+08:00 ] ERR: (ThinkException) 非法操作:images
[ 2016-03-17T16:27:32+08:00 ] ERR: (ThinkException) 非法操作:images
[ 2016-03-17T16:27:32+08:00 ] ERR: (ThinkException) 非法操作:images
[ 2016-03-17T16:27:32+08:00 ] ERR: (ThinkException) 非法操作:images
[ 2016-03-17T16:27:32+08:00 ] ERR: (ThinkException) 非法操作:images
[ 2016-03-17T16:27:32+08:00 ] ERR: (ThinkException) 非法操作:images
[ 2016-03-17T16:27:32+08:00 ] ERR: (ThinkException) 非法操作:images
[ 2016-03-17T16:27:32+08:00 ] ERR: (ThinkException) 非法操作:images
[ 2016-03-17T16:27:32+08:00 ] ERR: (ThinkException) 非法操作:images
[ 2016-03-17T16:27:32+08:00 ] ERR: (ThinkException) 非法操作:images
[ 2016-03-17T16:27:32+08:00 ] ERR: (ThinkException) 非法操作:images
[ 2016-03-17T16:27:32+08:00 ] ERR: (ThinkException) 非法操作:images
[ 2016-03-17T16:27:32+08:00 ] ERR: (ThinkException) 非法操作:images
[ 2016-03-17T16:27:32+08:00 ] ERR: (ThinkException) 非法操作:images
[ 2016-03-17T16:27:32+08:00 ] ERR: (ThinkException) 非法操作:images
[ 2016-03-17T16:27:32+08:00 ] ERR: (ThinkException) 非法操作:images
[ 2016-03-17T16:27:32+08:00 ] ERR: (ThinkException) 非法操作:images
[ 2016-03-17T16:27:32+08:00 ] ERR: (ThinkException) 非法操作:images
[ 2016-03-17T16:27:33+08:00 ] ERR: (ThinkException) 非法操作:images
[ 2016-03-17T16:27:33+08:00 ] ERR: (ThinkException) 非法操作:images
[ 2016-03-17T16:27:33+08:00 ] ERR: (ThinkException) 非法操作:images
[ 2016-03-17T16:27:33+08:00 ] ERR: (ThinkException) 非法操作:images
[ 2016-03-17T16:27:33+08:00 ] ERR: (ThinkException) 非法操作:images
[ 2016-03-17T16:27:33+08:00 ] ERR: (ThinkException) 非法操作:images
[ 2016-03-17T16:27:33+08:00 ] ERR: (ThinkException) 非法操作:images
[ 2016-03-17T16:27:33+08:00 ] ERR: (ThinkException) 非法操作:images
[ 2016-03-17T16:27:33+08:00 ] ERR: (ThinkException) 非法操作:images
[ 2016-03-17T16:27:33+08:00 ] ERR: (ThinkException) 非法操作:images
[ 2016-03-17T16:27:33+08:00 ] ERR: (ThinkException) 非法操作:images
[ 2016-03-17T16:27:33+08:00 ] ERR: (ThinkException) 非法操作:images
[ 2016-03-17T16:27:33+08:00 ] ERR: (ThinkException) 非法操作:images
[ 2016-03-17T16:27:33+08:00 ] ERR: (ThinkException) 非法操作:images
[ 2016-03-17T16:27:33+08:00 ] ERR: (ThinkException) 非法操作:images
[ 2016-03-17T16:27:33+08:00 ] ERR: (ThinkException) 非法操作:images
[ 2016-03-17T16:27:33+08:00 ] ERR: (ThinkException) 非法操作:images
[ 2016-03-17T16:27:33+08:00 ] ERR: (ThinkException) 非法操作:images
[ 2016-03-17T16:27:34+08:00 ] ERR: (ThinkException) 非法操作:images
[ 2016-03-17T16:27:34+08:00 ] ERR: (ThinkException) 非法操作:images
[ 2016-03-17T16:27:34+08:00 ] ERR: (ThinkException) 非法操作:images
[ 2016-03-17T16:27:34+08:00 ] ERR: (ThinkException) 非法操作:images
[ 2016-03-17T16:27:34+08:00 ] ERR: (ThinkException) 非法操作:images
[ 2016-03-17T16:27:34+08:00 ] ERR: (ThinkException) 非法操作:images
[ 2016-03-17T16:27:34+08:00 ] ERR: (ThinkException) 非法操作:images
[ 2016-03-17T16:27:38+08:00 ] ERR: (ThinkException) 非法操作:images
[ 2016-03-17T16:27:38+08:00 ] ERR: (ThinkException) 非法操作:images
[ 2016-03-17T16:27:38+08:00 ] ERR: (ThinkException) 非法操作:images
[ 2016-03-17T16:27:38+08:00 ] ERR: (ThinkException) 非法操作:images
[ 2016-03-17T16:27:38+08:00 ] ERR: (ThinkException) 非法操作:images
[ 2016-03-17T16:27:39+08:00 ] ERR: (ThinkException) 非法操作:images
[ 2016-03-17T16:27:39+08:00 ] ERR: (ThinkException) 非法操作:images
[ 2016-03-17T16:27:39+08:00 ] ERR: (ThinkException) 非法操作:images
[ 2016-03-17T16:27:39+08:00 ] ERR: (ThinkException) 非法操作:images
[ 2016-03-17T16:27:39+08:00 ] ERR: (ThinkException) 非法操作:images
[ 2016-03-17T16:27:39+08:00 ] ERR: (ThinkException) 非法操作:images
[ 2016-03-17T16:27:39+08:00 ] ERR: (ThinkException) 非法操作:images
[ 2016-03-17T16:27:39+08:00 ] ERR: (ThinkException) 非法操作:images
[ 2016-03-17T16:27:39+08:00 ] ERR: (ThinkException) 非法操作:images
[ 2016-03-17T16:27:39+08:00 ] ERR: (ThinkException) 非法操作:images
[ 2016-03-17T16:27:39+08:00 ] ERR: (ThinkException) 非法操作:images
[ 2016-03-17T16:27:39+08:00 ] ERR: (ThinkException) 非法操作:images
[ 2016-03-17T16:27:39+08:00 ] ERR: (ThinkException) 非法操作:images
[ 2016-03-17T16:27:39+08:00 ] ERR: (ThinkException) 非法操作:images
[ 2016-03-17T16:27:39+08:00 ] ERR: (ThinkException) 非法操作:images
[ 2016-03-17T16:27:39+08:00 ] ERR: (ThinkException) 非法操作:images
[ 2016-03-17T16:27:39+08:00 ] ERR: (ThinkException) 非法操作:images
[ 2016-03-17T16:27:39+08:00 ] ERR: (ThinkException) 非法操作:images
[ 2016-03-17T16:27:39+08:00 ] ERR: (ThinkException) 非法操作:images
[ 2016-03-17T16:27:39+08:00 ] ERR: (ThinkException) 非法操作:images
[ 2016-03-17T16:27:39+08:00 ] ERR: (ThinkException) 非法操作:images
[ 2016-03-17T16:27:39+08:00 ] ERR: (ThinkException) 非法操作:images
[ 2016-03-17T16:27:39+08:00 ] ERR: (ThinkException) 非法操作:images
[ 2016-03-17T16:27:39+08:00 ] ERR: (ThinkException) 非法操作:images
[ 2016-03-17T16:27:39+08:00 ] ERR: (ThinkException) 非法操作:images
[ 2016-03-17T16:27:48+08:00 ] ERR: (ThinkException) 非法操作:images
[ 2016-03-17T16:27:48+08:00 ] ERR: (ThinkException) 非法操作:images
[ 2016-03-17T16:27:48+08:00 ] ERR: (ThinkException) 非法操作:images
[ 2016-03-17T16:27:48+08:00 ] ERR: (ThinkException) 非法操作:images
[ 2016-03-17T16:27:48+08:00 ] ERR: (ThinkException) 非法操作:images
[ 2016-03-17T16:27:48+08:00 ] ERR: (ThinkException) 非法操作:images
[ 2016-03-17T16:27:48+08:00 ] ERR: (ThinkException) 非法操作:images
[ 2016-03-17T16:27:48+08:00 ] ERR: (ThinkException) 非法操作:images
[ 2016-03-17T16:27:48+08:00 ] ERR: (ThinkException) 非法操作:images
[ 2016-03-17T16:27:48+08:00 ] ERR: (ThinkException) 非法操作:images
[ 2016-03-17T16:27:48+08:00 ] ERR: (ThinkException) 非法操作:images
[ 2016-03-17T16:27:48+08:00 ] ERR: (ThinkException) 非法操作:images
[ 2016-03-17T16:27:48+08:00 ] ERR: (ThinkException) 非法操作:images
[ 2016-03-17T16:27:48+08:00 ] ERR: (ThinkException) 非法操作:images
[ 2016-03-17T16:27:48+08:00 ] ERR: (ThinkException) 非法操作:images
[ 2016-03-17T16:27:48+08:00 ] ERR: (ThinkException) 非法操作:images
[ 2016-03-17T16:27:48+08:00 ] ERR: (ThinkException) 非法操作:images
[ 2016-03-17T16:27:48+08:00 ] ERR: (ThinkException) 非法操作:images
[ 2016-03-17T16:27:48+08:00 ] ERR: (ThinkException) 非法操作:images
[ 2016-03-17T16:27:48+08:00 ] ERR: (ThinkException) 非法操作:images
[ 2016-03-17T16:27:54+08:00 ] ERR: (ThinkException) 非法操作:images
[ 2016-03-17T16:27:54+08:00 ] ERR: (ThinkException) 非法操作:images
[ 2016-03-17T16:27:54+08:00 ] ERR: (ThinkException) 非法操作:images
[ 2016-03-17T16:27:54+08:00 ] ERR: (ThinkException) 非法操作:images
[ 2016-03-17T16:27:54+08:00 ] ERR: (ThinkException) 非法操作:images
[ 2016-03-17T16:27:54+08:00 ] ERR: (ThinkException) 非法操作:images
[ 2016-03-17T16:27:54+08:00 ] ERR: (ThinkException) 非法操作:images
[ 2016-03-17T16:27:54+08:00 ] ERR: (ThinkException) 非法操作:images
[ 2016-03-17T16:27:54+08:00 ] ERR: (ThinkException) 非法操作:images
[ 2016-03-17T16:27:55+08:00 ] ERR: (ThinkException) 非法操作:images
[ 2016-03-17T16:27:55+08:00 ] ERR: (ThinkException) 非法操作:images
[ 2016-03-17T16:27:55+08:00 ] ERR: (ThinkException) 非法操作:images
[ 2016-03-17T16:27:55+08:00 ] ERR: (ThinkException) 非法操作:images
[ 2016-03-17T16:27:55+08:00 ] ERR: (ThinkException) 非法操作:images
[ 2016-03-17T16:27:55+08:00 ] ERR: (ThinkException) 非法操作:images
[ 2016-03-17T16:30:21+08:00 ] ERR: (ThinkException) 非法操作:images
[ 2016-03-17T16:30:21+08:00 ] ERR: (ThinkException) 非法操作:images
[ 2016-03-17T16:30:21+08:00 ] ERR: (ThinkException) 非法操作:images
[ 2016-03-17T16:30:21+08:00 ] ERR: (ThinkException) 非法操作:images
[ 2016-03-17T16:30:21+08:00 ] ERR: (ThinkException) 非法操作:images
[ 2016-03-17T16:30:21+08:00 ] ERR: (ThinkException) 非法操作:images
[ 2016-03-17T16:30:21+08:00 ] ERR: (ThinkException) 非法操作:images
[ 2016-03-17T16:30:21+08:00 ] ERR: (ThinkException) 非法操作:images
[ 2016-03-17T16:30:21+08:00 ] ERR: (ThinkException) 非法操作:images
[ 2016-03-17T16:30:21+08:00 ] ERR: (ThinkException) 非法操作:images
[ 2016-03-17T16:30:21+08:00 ] ERR: (ThinkException) 非法操作:images
[ 2016-03-17T16:30:21+08:00 ] ERR: (ThinkException) 非法操作:images
[ 2016-03-17T16:30:21+08:00 ] ERR: (ThinkException) 非法操作:images
[ 2016-03-17T16:30:21+08:00 ] ERR: (ThinkException) 非法操作:images
[ 2016-03-17T16:30:21+08:00 ] ERR: (ThinkException) 非法操作:images
[ 2016-03-17T16:30:21+08:00 ] ERR: (ThinkException) 非法操作:images
[ 2016-03-17T16:30:21+08:00 ] ERR: (ThinkException) 非法操作:images
[ 2016-03-17T16:30:21+08:00 ] ERR: (ThinkException) 非法操作:images
[ 2016-03-17T16:30:21+08:00 ] ERR: (ThinkException) 非法操作:images
[ 2016-03-17T16:30:21+08:00 ] ERR: (ThinkException) 非法操作:images
[ 2016-03-17T16:31:24+08:00 ] ERR: (ThinkException) 非法操作:images
[ 2016-03-17T16:31:24+08:00 ] ERR: (ThinkException) 非法操作:images
[ 2016-03-17T16:31:24+08:00 ] ERR: (ThinkException) 非法操作:images
[ 2016-03-17T16:31:24+08:00 ] ERR: (ThinkException) 非法操作:images
[ 2016-03-17T16:31:24+08:00 ] ERR: (ThinkException) 非法操作:images
[ 2016-03-17T16:31:24+08:00 ] ERR: (ThinkException) 非法操作:images
[ 2016-03-17T16:31:24+08:00 ] ERR: (ThinkException) 非法操作:images
[ 2016-03-17T16:31:24+08:00 ] ERR: (ThinkException) 非法操作:images
[ 2016-03-17T16:31:24+08:00 ] ERR: (ThinkException) 非法操作:images
[ 2016-03-17T16:31:24+08:00 ] ERR: (ThinkException) 非法操作:images
[ 2016-03-17T16:31:27+08:00 ] ERR: (ThinkException) 非法操作:images
[ 2016-03-17T16:31:27+08:00 ] ERR: (ThinkException) 非法操作:images
[ 2016-03-17T16:31:27+08:00 ] ERR: (ThinkException) 非法操作:images
[ 2016-03-17T16:31:27+08:00 ] ERR: (ThinkException) 非法操作:images
[ 2016-03-17T16:31:27+08:00 ] ERR: (ThinkException) 非法操作:images
[ 2016-03-17T16:31:40+08:00 ] ERR: (ThinkException) 非法操作:images
[ 2016-03-17T16:31:40+08:00 ] ERR: (ThinkException) 非法操作:images
[ 2016-03-17T16:31:40+08:00 ] ERR: (ThinkException) 非法操作:images
[ 2016-03-17T16:31:40+08:00 ] ERR: (ThinkException) 非法操作:images
[ 2016-03-17T16:31:40+08:00 ] ERR: (ThinkException) 非法操作:images
[ 2016-03-17T16:31:58+08:00 ] ERR: (ThinkException) 非法操作:images
[ 2016-03-17T16:31:58+08:00 ] ERR: (ThinkException) 非法操作:images
[ 2016-03-17T16:31:58+08:00 ] ERR: (ThinkException) 非法操作:images
[ 2016-03-17T16:31:58+08:00 ] ERR: (ThinkException) 非法操作:images
[ 2016-03-17T16:31:58+08:00 ] ERR: (ThinkException) 非法操作:images
[ 2016-03-17T16:31:59+08:00 ] ERR: (ThinkException) 非法操作:images
[ 2016-03-17T16:31:59+08:00 ] ERR: (ThinkException) 非法操作:images
[ 2016-03-17T16:31:59+08:00 ] ERR: (ThinkException) 非法操作:images
[ 2016-03-17T16:31:59+08:00 ] ERR: (ThinkException) 非法操作:images
[ 2016-03-17T16:31:59+08:00 ] ERR: (ThinkException) 非法操作:images
[ 2016-03-17T16:31:59+08:00 ] ERR: (ThinkException) 非法操作:images
[ 2016-03-17T16:31:59+08:00 ] ERR: (ThinkException) 非法操作:images
[ 2016-03-17T16:31:59+08:00 ] ERR: (ThinkException) 非法操作:images
[ 2016-03-17T16:31:59+08:00 ] ERR: (ThinkException) 非法操作:images
[ 2016-03-17T16:31:59+08:00 ] ERR: (ThinkException) 非法操作:images
[ 2016-03-17T16:32:10+08:00 ] ERR: (ThinkException) 非法操作:images
[ 2016-03-17T16:32:10+08:00 ] ERR: (ThinkException) 非法操作:images
[ 2016-03-17T16:32:10+08:00 ] ERR: (ThinkException) 非法操作:images
[ 2016-03-17T16:32:10+08:00 ] ERR: (ThinkException) 非法操作:images
[ 2016-03-17T16:32:10+08:00 ] ERR: (ThinkException) 非法操作:images
[ 2016-03-17T16:32:11+08:00 ] ERR: (ThinkException) 非法操作:images
[ 2016-03-17T16:32:11+08:00 ] ERR: (ThinkException) 非法操作:images
[ 2016-03-17T16:32:11+08:00 ] ERR: (ThinkException) 非法操作:images
[ 2016-03-17T16:32:11+08:00 ] ERR: (ThinkException) 非法操作:images
[ 2016-03-17T16:32:11+08:00 ] ERR: (ThinkException) 非法操作:images
[ 2016-03-17T16:33:20+08:00 ] ERR: (ThinkException) 非法操作:images
[ 2016-03-17T16:33:20+08:00 ] ERR: (ThinkException) 非法操作:images
[ 2016-03-17T16:33:20+08:00 ] ERR: (ThinkException) 非法操作:images
[ 2016-03-17T16:33:20+08:00 ] ERR: (ThinkException) 非法操作:images
[ 2016-03-17T16:33:20+08:00 ] ERR: (ThinkException) 非法操作:images
[ 2016-03-17T16:33:20+08:00 ] ERR: (ThinkException) 非法操作:images
[ 2016-03-17T16:33:20+08:00 ] ERR: (ThinkException) 非法操作:images
[ 2016-03-17T16:33:20+08:00 ] ERR: (ThinkException) 非法操作:images
[ 2016-03-17T16:33:20+08:00 ] ERR: (ThinkException) 非法操作:images
[ 2016-03-17T16:33:20+08:00 ] ERR: (ThinkException) 非法操作:images
[ 2016-03-17T16:34:18+08:00 ] ERR: (ThinkException) 非法操作:images
[ 2016-03-17T16:34:18+08:00 ] ERR: (ThinkException) 非法操作:images
[ 2016-03-17T16:34:18+08:00 ] ERR: (ThinkException) 非法操作:images
[ 2016-03-17T16:34:18+08:00 ] ERR: (ThinkException) 非法操作:images
[ 2016-03-17T16:34:18+08:00 ] ERR: (ThinkException) 非法操作:images
[ 2016-03-17T16:34:18+08:00 ] ERR: (ThinkException) 非法操作:images
[ 2016-03-17T16:34:18+08:00 ] ERR: (ThinkException) 非法操作:images
[ 2016-03-17T16:34:18+08:00 ] ERR: (ThinkException) 非法操作:images
[ 2016-03-17T16:34:18+08:00 ] ERR: (ThinkException) 非法操作:images
[ 2016-03-17T16:34:18+08:00 ] ERR: (ThinkException) 非法操作:images
[ 2016-03-17T16:34:18+08:00 ] ERR: (ThinkException) 非法操作:images
[ 2016-03-17T16:34:18+08:00 ] ERR: (ThinkException) 非法操作:images
[ 2016-03-17T16:34:18+08:00 ] ERR: (ThinkException) 非法操作:images
[ 2016-03-17T16:34:18+08:00 ] ERR: (ThinkException) 非法操作:images
[ 2016-03-17T16:34:18+08:00 ] ERR: (ThinkException) 非法操作:images
[ 2016-03-17T16:34:19+08:00 ] ERR: (ThinkException) 非法操作:images
[ 2016-03-17T16:34:19+08:00 ] ERR: (ThinkException) 非法操作:images
[ 2016-03-17T16:34:19+08:00 ] ERR: (ThinkException) 非法操作:images
[ 2016-03-17T16:34:19+08:00 ] ERR: (ThinkException) 非法操作:images
[ 2016-03-17T16:34:19+08:00 ] ERR: (ThinkException) 非法操作:images
[ 2016-03-17T16:34:59+08:00 ] ERR: (ThinkException) 非法操作:images
[ 2016-03-17T16:34:59+08:00 ] ERR: (ThinkException) 非法操作:images
[ 2016-03-17T16:34:59+08:00 ] ERR: (ThinkException) 非法操作:images
[ 2016-03-17T16:34:59+08:00 ] ERR: (ThinkException) 非法操作:images
[ 2016-03-17T16:34:59+08:00 ] ERR: (ThinkException) 非法操作:images
[ 2016-03-17T16:34:59+08:00 ] ERR: (ThinkException) 非法操作:images
[ 2016-03-17T16:34:59+08:00 ] ERR: (ThinkException) 非法操作:images
[ 2016-03-17T16:34:59+08:00 ] ERR: (ThinkException) 非法操作:images
[ 2016-03-17T16:34:59+08:00 ] ERR: (ThinkException) 非法操作:images
[ 2016-03-17T16:34:59+08:00 ] ERR: (ThinkException) 非法操作:images
[ 2016-03-17T16:35:00+08:00 ] ERR: (ThinkException) 非法操作:images
[ 2016-03-17T16:35:00+08:00 ] ERR: (ThinkException) 非法操作:images
[ 2016-03-17T16:35:00+08:00 ] ERR: (ThinkException) 非法操作:images
[ 2016-03-17T16:35:00+08:00 ] ERR: (ThinkException) 非法操作:images
[ 2016-03-17T16:35:00+08:00 ] ERR: (ThinkException) 非法操作:images
[ 2016-03-17T16:35:45+08:00 ] ERR: (ThinkException) 非法操作:images
[ 2016-03-17T16:35:45+08:00 ] ERR: (ThinkException) 非法操作:images
[ 2016-03-17T16:35:45+08:00 ] ERR: (ThinkException) 非法操作:images
[ 2016-03-17T16:35:45+08:00 ] ERR: (ThinkException) 非法操作:images
[ 2016-03-17T16:35:45+08:00 ] ERR: (ThinkException) 非法操作:images
[ 2016-03-17T16:35:46+08:00 ] ERR: (ThinkException) 非法操作:images
[ 2016-03-17T16:35:46+08:00 ] ERR: (ThinkException) 非法操作:images
[ 2016-03-17T16:35:46+08:00 ] ERR: (ThinkException) 非法操作:images
[ 2016-03-17T16:35:46+08:00 ] ERR: (ThinkException) 非法操作:images
[ 2016-03-17T16:35:46+08:00 ] ERR: (ThinkException) 非法操作:images
[ 2016-03-17T16:35:46+08:00 ] ERR: (ThinkException) 非法操作:images
[ 2016-03-17T16:35:46+08:00 ] ERR: (ThinkException) 非法操作:images
[ 2016-03-17T16:35:46+08:00 ] ERR: (ThinkException) 非法操作:images
[ 2016-03-17T16:35:46+08:00 ] ERR: (ThinkException) 非法操作:images
[ 2016-03-17T16:35:46+08:00 ] ERR: (ThinkException) 非法操作:images
[ 2016-03-17T16:36:40+08:00 ] ERR: (ThinkException) 非法操作:images
[ 2016-03-17T16:36:40+08:00 ] ERR: (ThinkException) 非法操作:images
[ 2016-03-17T16:36:40+08:00 ] ERR: (ThinkException) 非法操作:images
[ 2016-03-17T16:36:40+08:00 ] ERR: (ThinkException) 非法操作:images
[ 2016-03-17T16:36:40+08:00 ] ERR: (ThinkException) 非法操作:images
[ 2016-03-17T16:36:51+08:00 ] ERR: (ThinkException) 非法操作:images
[ 2016-03-17T16:36:51+08:00 ] ERR: (ThinkException) 非法操作:images
[ 2016-03-17T16:36:51+08:00 ] ERR: (ThinkException) 非法操作:images
[ 2016-03-17T16:36:51+08:00 ] ERR: (ThinkException) 非法操作:images
[ 2016-03-17T16:36:51+08:00 ] ERR: (ThinkException) 非法操作:images
[ 2016-03-17T16:37:01+08:00 ] ERR: (ThinkException) 非法操作:images
[ 2016-03-17T16:37:01+08:00 ] ERR: (ThinkException) 非法操作:images
[ 2016-03-17T16:37:01+08:00 ] ERR: (ThinkException) 非法操作:images
[ 2016-03-17T16:37:01+08:00 ] ERR: (ThinkException) 非法操作:images
[ 2016-03-17T16:37:01+08:00 ] ERR: (ThinkException) 非法操作:images
[ 2016-03-17T16:37:02+08:00 ] ERR: (ThinkException) 非法操作:images
[ 2016-03-17T16:37:02+08:00 ] ERR: (ThinkException) 非法操作:images
[ 2016-03-17T16:37:02+08:00 ] ERR: (ThinkException) 非法操作:images
[ 2016-03-17T16:37:02+08:00 ] ERR: (ThinkException) 非法操作:images
[ 2016-03-17T16:37:02+08:00 ] ERR: (ThinkException) 非法操作:images
[ 2016-03-17T16:37:02+08:00 ] ERR: (ThinkException) 非法操作:images
[ 2016-03-17T16:37:02+08:00 ] ERR: (ThinkException) 非法操作:images
[ 2016-03-17T16:37:02+08:00 ] ERR: (ThinkException) 非法操作:images
[ 2016-03-17T16:37:02+08:00 ] ERR: (ThinkException) 非法操作:images
[ 2016-03-17T16:37:02+08:00 ] ERR: (ThinkException) 非法操作:images
[ 2016-03-17T16:37:13+08:00 ] ERR: (ThinkException) 非法操作:images
[ 2016-03-17T16:37:13+08:00 ] ERR: (ThinkException) 非法操作:images
[ 2016-03-17T16:37:13+08:00 ] ERR: (ThinkException) 非法操作:images
[ 2016-03-17T16:37:13+08:00 ] ERR: (ThinkException) 非法操作:images
[ 2016-03-17T16:37:13+08:00 ] ERR: (ThinkException) 非法操作:images
[ 2016-03-17T16:37:14+08:00 ] ERR: (ThinkException) 非法操作:images
[ 2016-03-17T16:37:14+08:00 ] ERR: (ThinkException) 非法操作:images
[ 2016-03-17T16:37:14+08:00 ] ERR: (ThinkException) 非法操作:images
[ 2016-03-17T16:37:14+08:00 ] ERR: (ThinkException) 非法操作:images
[ 2016-03-17T16:37:14+08:00 ] ERR: (ThinkException) 非法操作:images
[ 2016-03-17T16:37:14+08:00 ] ERR: (ThinkException) 非法操作:images
[ 2016-03-17T16:37:14+08:00 ] ERR: (ThinkException) 非法操作:images
[ 2016-03-17T16:37:14+08:00 ] ERR: (ThinkException) 非法操作:images
[ 2016-03-17T16:37:14+08:00 ] ERR: (ThinkException) 非法操作:images
[ 2016-03-17T16:37:14+08:00 ] ERR: (ThinkException) 非法操作:images
[ 2016-03-17T16:37:14+08:00 ] ERR: (ThinkException) 非法操作:images
[ 2016-03-17T16:37:14+08:00 ] ERR: (ThinkException) 非法操作:images
[ 2016-03-17T16:37:14+08:00 ] ERR: (ThinkException) 非法操作:images
[ 2016-03-17T16:37:14+08:00 ] ERR: (ThinkException) 非法操作:images
[ 2016-03-17T16:37:14+08:00 ] ERR: (ThinkException) 非法操作:images
[ 2016-03-17T16:37:14+08:00 ] ERR: (ThinkException) 非法操作:images
[ 2016-03-17T16:37:14+08:00 ] ERR: (ThinkException) 非法操作:images
[ 2016-03-17T16:37:14+08:00 ] ERR: (ThinkException) 非法操作:images
[ 2016-03-17T16:37:14+08:00 ] ERR: (ThinkException) 非法操作:images
[ 2016-03-17T16:37:14+08:00 ] ERR: (ThinkException) 非法操作:images
[ 2016-03-17T16:37:15+08:00 ] ERR: (ThinkException) 非法操作:images
[ 2016-03-17T16:37:15+08:00 ] ERR: (ThinkException) 非法操作:images
[ 2016-03-17T16:37:15+08:00 ] ERR: (ThinkException) 非法操作:images
[ 2016-03-17T16:37:15+08:00 ] ERR: (ThinkException) 非法操作:images
[ 2016-03-17T16:37:15+08:00 ] ERR: (ThinkException) 非法操作:images
[ 2016-03-17T16:38:06+08:00 ] ERR: (ThinkException) 非法操作:images
[ 2016-03-17T16:38:06+08:00 ] ERR: (ThinkException) 非法操作:images
[ 2016-03-17T16:38:06+08:00 ] ERR: (ThinkException) 非法操作:images
[ 2016-03-17T16:38:06+08:00 ] ERR: (ThinkException) 非法操作:images
[ 2016-03-17T16:38:06+08:00 ] ERR: (ThinkException) 非法操作:images
[ 2016-03-17T16:38:12+08:00 ] ERR: (ThinkException) 非法操作:images
[ 2016-03-17T16:38:12+08:00 ] ERR: (ThinkException) 非法操作:images
[ 2016-03-17T16:38:12+08:00 ] ERR: (ThinkException) 非法操作:images
[ 2016-03-17T16:38:12+08:00 ] ERR: (ThinkException) 非法操作:images
[ 2016-03-17T16:38:12+08:00 ] ERR: (ThinkException) 非法操作:images
[ 2016-03-17T16:38:28+08:00 ] ERR: (ThinkException) 非法操作:images
[ 2016-03-17T16:38:28+08:00 ] ERR: (ThinkException) 非法操作:images
[ 2016-03-17T16:38:28+08:00 ] ERR: (ThinkException) 非法操作:images
[ 2016-03-17T16:38:28+08:00 ] ERR: (ThinkException) 非法操作:images
[ 2016-03-17T16:38:28+08:00 ] ERR: (ThinkException) 非法操作:images
[ 2016-03-17T16:38:37+08:00 ] ERR: (ThinkException) 非法操作:images
[ 2016-03-17T16:38:37+08:00 ] ERR: (ThinkException) 非法操作:images
[ 2016-03-17T16:38:37+08:00 ] ERR: (ThinkException) 非法操作:images
[ 2016-03-17T16:38:37+08:00 ] ERR: (ThinkException) 非法操作:images
[ 2016-03-17T16:38:37+08:00 ] ERR: (ThinkException) 非法操作:images
[ 2016-03-17T16:39:04+08:00 ] ERR: (ThinkException) 非法操作:images
[ 2016-03-17T16:39:04+08:00 ] ERR: (ThinkException) 非法操作:images
[ 2016-03-17T16:39:04+08:00 ] ERR: (ThinkException) 非法操作:images
[ 2016-03-17T16:39:04+08:00 ] ERR: (ThinkException) 非法操作:images
[ 2016-03-17T16:39:04+08:00 ] ERR: (ThinkException) 非法操作:images
[ 2016-03-17T16:39:16+08:00 ] ERR: (ThinkException) 非法操作:images
[ 2016-03-17T16:39:16+08:00 ] ERR: (ThinkException) 非法操作:images
[ 2016-03-17T16:39:16+08:00 ] ERR: (ThinkException) 非法操作:images
[ 2016-03-17T16:39:16+08:00 ] ERR: (ThinkException) 非法操作:images
[ 2016-03-17T16:39:16+08:00 ] ERR: (ThinkException) 非法操作:images
[ 2016-03-17T16:39:31+08:00 ] ERR: (ThinkException) 非法操作:images
[ 2016-03-17T16:39:31+08:00 ] ERR: (ThinkException) 非法操作:images
[ 2016-03-17T16:39:31+08:00 ] ERR: (ThinkException) 非法操作:images
[ 2016-03-17T16:39:31+08:00 ] ERR: (ThinkException) 非法操作:images
[ 2016-03-17T16:39:31+08:00 ] ERR: (ThinkException) 非法操作:images
[ 2016-03-17T16:39:44+08:00 ] ERR: (ThinkException) 非法操作:images
[ 2016-03-17T16:39:44+08:00 ] ERR: (ThinkException) 非法操作:images
[ 2016-03-17T16:39:44+08:00 ] ERR: (ThinkException) 非法操作:images
[ 2016-03-17T16:39:44+08:00 ] ERR: (ThinkException) 非法操作:images
[ 2016-03-17T16:39:44+08:00 ] ERR: (ThinkException) 非法操作:images
[ 2016-03-17T16:39:59+08:00 ] ERR: (ThinkException) 非法操作:images
[ 2016-03-17T16:39:59+08:00 ] ERR: (ThinkException) 非法操作:images
[ 2016-03-17T16:39:59+08:00 ] ERR: (ThinkException) 非法操作:images
[ 2016-03-17T16:39:59+08:00 ] ERR: (ThinkException) 非法操作:images
[ 2016-03-17T16:39:59+08:00 ] ERR: (ThinkException) 非法操作:images
[ 2016-03-17T16:40:00+08:00 ] ERR: (ThinkException) 非法操作:images
[ 2016-03-17T16:40:00+08:00 ] ERR: (ThinkException) 非法操作:images
[ 2016-03-17T16:40:00+08:00 ] ERR: (ThinkException) 非法操作:images
[ 2016-03-17T16:40:00+08:00 ] ERR: (ThinkException) 非法操作:images
[ 2016-03-17T16:40:00+08:00 ] ERR: (ThinkException) 非法操作:images
[ 2016-03-17T16:40:00+08:00 ] ERR: (ThinkException) 非法操作:images
[ 2016-03-17T16:40:00+08:00 ] ERR: (ThinkException) 非法操作:images
[ 2016-03-17T16:40:00+08:00 ] ERR: (ThinkException) 非法操作:images
[ 2016-03-17T16:40:00+08:00 ] ERR: (ThinkException) 非法操作:images
[ 2016-03-17T16:40:00+08:00 ] ERR: (ThinkException) 非法操作:images
[ 2016-03-17T16:40:00+08:00 ] ERR: (ThinkException) 非法操作:images
[ 2016-03-17T16:40:00+08:00 ] ERR: (ThinkException) 非法操作:images
[ 2016-03-17T16:40:01+08:00 ] ERR: (ThinkException) 非法操作:images
[ 2016-03-17T16:40:01+08:00 ] ERR: (ThinkException) 非法操作:images
[ 2016-03-17T16:40:01+08:00 ] ERR: (ThinkException) 非法操作:images
[ 2016-03-17T16:40:16+08:00 ] ERR: (ThinkException) 非法操作:do_login1
[ 2016-03-17T16:40:42+08:00 ] ERR: (ThinkException) 非法操作:do_login1
[ 2016-03-17T16:40:43+08:00 ] ERR: (ThinkException) 非法操作:images
[ 2016-03-17T16:40:43+08:00 ] ERR: (ThinkException) 非法操作:images
[ 2016-03-17T16:40:43+08:00 ] ERR: (ThinkException) 非法操作:images
[ 2016-03-17T16:40:43+08:00 ] ERR: (ThinkException) 非法操作:images
[ 2016-03-17T16:40:43+08:00 ] ERR: (ThinkException) 非法操作:images
[ 2016-03-17T16:40:44+08:00 ] ERR: (ThinkException) 非法操作:images
[ 2016-03-17T16:40:44+08:00 ] ERR: (ThinkException) 非法操作:images
[ 2016-03-17T16:40:44+08:00 ] ERR: (ThinkException) 非法操作:images
[ 2016-03-17T16:40:44+08:00 ] ERR: (ThinkException) 非法操作:images
[ 2016-03-17T16:40:44+08:00 ] ERR: (ThinkException) 非法操作:images
[ 2016-03-17T16:40:44+08:00 ] ERR: (ThinkException) 非法操作:images
[ 2016-03-17T16:40:44+08:00 ] ERR: (ThinkException) 非法操作:images
[ 2016-03-17T16:40:44+08:00 ] ERR: (ThinkException) 非法操作:images
[ 2016-03-17T16:40:44+08:00 ] ERR: (ThinkException) 非法操作:images
[ 2016-03-17T16:40:44+08:00 ] ERR: (ThinkException) 非法操作:images
[ 2016-03-17T16:40:44+08:00 ] ERR: (ThinkException) 非法操作:images
[ 2016-03-17T16:40:44+08:00 ] ERR: (ThinkException) 非法操作:images
[ 2016-03-17T16:40:44+08:00 ] ERR: (ThinkException) 非法操作:images
[ 2016-03-17T16:40:44+08:00 ] ERR: (ThinkException) 非法操作:images
[ 2016-03-17T16:40:44+08:00 ] ERR: (ThinkException) 非法操作:images
[ 2016-03-17T16:40:44+08:00 ] ERR: (ThinkException) 非法操作:do_login_user
[ 2016-03-17T16:41:42+08:00 ] ERR: (ThinkException) 非法操作:images
[ 2016-03-17T16:41:42+08:00 ] ERR: (ThinkException) 非法操作:images
[ 2016-03-17T16:41:42+08:00 ] ERR: (ThinkException) 非法操作:images
[ 2016-03-17T16:41:42+08:00 ] ERR: (ThinkException) 非法操作:images
[ 2016-03-17T16:41:42+08:00 ] ERR: (ThinkException) 非法操作:images
[ 2016-03-17T16:42:58+08:00 ] ERR: (ThinkException) 非法操作:images
[ 2016-03-17T16:42:58+08:00 ] ERR: (ThinkException) 非法操作:images
[ 2016-03-17T16:42:58+08:00 ] ERR: (ThinkException) 非法操作:images
[ 2016-03-17T16:42:58+08:00 ] ERR: (ThinkException) 非法操作:images
[ 2016-03-17T16:42:58+08:00 ] ERR: (ThinkException) 非法操作:images
[ 2016-03-17T16:42:58+08:00 ] ERR: (ThinkException) 非法操作:images
[ 2016-03-17T16:42:58+08:00 ] ERR: (ThinkException) 非法操作:images
[ 2016-03-17T16:42:58+08:00 ] ERR: (ThinkException) 非法操作:images
[ 2016-03-17T16:42:58+08:00 ] ERR: (ThinkException) 非法操作:images
[ 2016-03-17T16:42:58+08:00 ] ERR: (ThinkException) 非法操作:images
[ 2016-03-17T16:43:02+08:00 ] ERR: (ThinkException) 非法操作:images
[ 2016-03-17T16:43:02+08:00 ] ERR: (ThinkException) 非法操作:images
[ 2016-03-17T16:43:02+08:00 ] ERR: (ThinkException) 非法操作:images
[ 2016-03-17T16:43:02+08:00 ] ERR: (ThinkException) 非法操作:images
[ 2016-03-17T16:43:02+08:00 ] ERR: (ThinkException) 非法操作:images
[ 2016-03-17T16:44:01+08:00 ] ERR: (ThinkException) 非法操作:images
[ 2016-03-17T16:44:01+08:00 ] ERR: (ThinkException) 非法操作:images
[ 2016-03-17T16:44:01+08:00 ] ERR: (ThinkException) 非法操作:images
[ 2016-03-17T16:44:01+08:00 ] ERR: (ThinkException) 非法操作:images
[ 2016-03-17T16:44:01+08:00 ] ERR: (ThinkException) 非法操作:images
[ 2016-03-17T16:44:01+08:00 ] ERR: (ThinkException) 非法操作:images
[ 2016-03-17T16:44:01+08:00 ] ERR: (ThinkException) 非法操作:images
[ 2016-03-17T16:44:01+08:00 ] ERR: (ThinkException) 非法操作:images
[ 2016-03-17T16:44:01+08:00 ] ERR: (ThinkException) 非法操作:images
[ 2016-03-17T16:44:01+08:00 ] ERR: (ThinkException) 非法操作:images
[ 2016-03-17T16:44:02+08:00 ] ERR: (ThinkException) 非法操作:images
[ 2016-03-17T16:44:02+08:00 ] ERR: (ThinkException) 非法操作:images
[ 2016-03-17T16:44:02+08:00 ] ERR: (ThinkException) 非法操作:images
[ 2016-03-17T16:44:02+08:00 ] ERR: (ThinkException) 非法操作:images
[ 2016-03-17T16:44:02+08:00 ] ERR: (ThinkException) 非法操作:images
[ 2016-03-17T16:44:04+08:00 ] ERR: (ThinkException) 无法加载模块:login_user
[ 2016-03-17T16:45:49+08:00 ] ERR: (ThinkException) 非法操作:images
[ 2016-03-17T16:45:49+08:00 ] ERR: (ThinkException) 非法操作:images
[ 2016-03-17T16:45:49+08:00 ] ERR: (ThinkException) 非法操作:images
[ 2016-03-17T16:45:49+08:00 ] ERR: (ThinkException) 非法操作:images
[ 2016-03-17T16:45:49+08:00 ] ERR: (ThinkException) 非法操作:images
[ 2016-03-17T16:45:50+08:00 ] ERR: (ThinkException) 非法操作:images
[ 2016-03-17T16:45:50+08:00 ] ERR: (ThinkException) 非法操作:images
[ 2016-03-17T16:45:50+08:00 ] ERR: (ThinkException) 非法操作:images
[ 2016-03-17T16:45:50+08:00 ] ERR: (ThinkException) 非法操作:images
[ 2016-03-17T16:45:50+08:00 ] ERR: (ThinkException) 非法操作:images
[ 2016-03-17T16:45:50+08:00 ] ERR: (ThinkException) 非法操作:images
[ 2016-03-17T16:45:50+08:00 ] ERR: (ThinkException) 非法操作:images
[ 2016-03-17T16:45:50+08:00 ] ERR: (ThinkException) 非法操作:images
[ 2016-03-17T16:45:50+08:00 ] ERR: (ThinkException) 非法操作:images
[ 2016-03-17T16:45:50+08:00 ] ERR: (ThinkException) 非法操作:images
[ 2016-03-17T16:45:50+08:00 ] ERR: (ThinkException) 非法操作:images
[ 2016-03-17T16:45:50+08:00 ] ERR: (ThinkException) 非法操作:images
[ 2016-03-17T16:45:50+08:00 ] ERR: (ThinkException) 非法操作:images
[ 2016-03-17T16:45:50+08:00 ] ERR: (ThinkException) 非法操作:images
[ 2016-03-17T16:45:50+08:00 ] ERR: (ThinkException) 非法操作:images
[ 2016-03-17T16:45:50+08:00 ] ERR: (ThinkException) 非法操作:images
[ 2016-03-17T16:45:50+08:00 ] ERR: (ThinkException) 非法操作:images
[ 2016-03-17T16:45:50+08:00 ] ERR: (ThinkException) 非法操作:images
[ 2016-03-17T16:45:50+08:00 ] ERR: (ThinkException) 非法操作:images
[ 2016-03-17T16:45:50+08:00 ] ERR: (ThinkException) 非法操作:images
[ 2016-03-17T16:45:51+08:00 ] ERR: (ThinkException) 非法操作:images
[ 2016-03-17T16:45:51+08:00 ] ERR: (ThinkException) 非法操作:images
[ 2016-03-17T16:45:51+08:00 ] ERR: (ThinkException) 非法操作:images
[ 2016-03-17T16:45:51+08:00 ] ERR: (ThinkException) 非法操作:images
[ 2016-03-17T16:45:51+08:00 ] ERR: (ThinkException) 非法操作:images
[ 2016-03-17T16:45:58+08:00 ] ERR: (ThinkException) 非法操作:images
[ 2016-03-17T16:45:58+08:00 ] ERR: (ThinkException) 非法操作:images
[ 2016-03-17T16:45:58+08:00 ] ERR: (ThinkException) 非法操作:images
[ 2016-03-17T16:45:58+08:00 ] ERR: (ThinkException) 非法操作:images
[ 2016-03-17T16:45:58+08:00 ] ERR: (ThinkException) 非法操作:images
[ 2016-03-17T16:50:07+08:00 ] ERR: (ThinkException) 非法操作:checkName
[ 2016-03-17T16:50:23+08:00 ] ERR: (ThinkException) 非法操作:checkName
[ 2016-03-17T16:50:36+08:00 ] ERR: (ThinkException) 非法操作:checkName
[ 2016-03-17T16:55:20+08:00 ] ERR: (ThinkException) 非法操作:ligin
[ 2016-03-17T16:55:39+08:00 ] ERR: (ThinkException) 非法操作:ligin
[ 2016-03-17T16:58:14+08:00 ] ERR: (ThinkException) 无法加载模块:images
[ 2016-03-17T16:58:14+08:00 ] ERR: (ThinkException) 无法加载模块:images
[ 2016-03-17T16:58:14+08:00 ] ERR: (ThinkException) 无法加载模块:images
[ 2016-03-17T16:58:14+08:00 ] ERR: (ThinkException) 无法加载模块:images
[ 2016-03-17T16:58:14+08:00 ] ERR: (ThinkException) 无法加载模块:images
[ 2016-03-17T17:04:58+08:00 ] ERR: (ThinkException) 非法操作:checkName
[ 2016-03-17T17:06:52+08:00 ] ERR: (ThinkException) 非法操作:style
[ 2016-03-17T17:06:52+08:00 ] ERR: (ThinkException) 非法操作:images
[ 2016-03-17T17:06:52+08:00 ] ERR: (ThinkException) 非法操作:images
[ 2016-03-17T17:06:52+08:00 ] ERR: (ThinkException) 非法操作:images
[ 2016-03-17T17:06:52+08:00 ] ERR: (ThinkException) 非法操作:style
[ 2016-03-17T17:06:52+08:00 ] ERR: (ThinkException) 非法操作:images
[ 2016-03-17T17:06:52+08:00 ] ERR: (ThinkException) 非法操作:images
[ 2016-03-17T17:06:54+08:00 ] ERR: (ThinkException) 非法操作:style
[ 2016-03-17T17:06:54+08:00 ] ERR: (ThinkException) 非法操作:images
[ 2016-03-17T17:06:54+08:00 ] ERR: (ThinkException) 非法操作:images
[ 2016-03-17T17:06:54+08:00 ] ERR: (ThinkException) 非法操作:images
[ 2016-03-17T17:06:54+08:00 ] ERR: (ThinkException) 非法操作:style
[ 2016-03-17T17:06:54+08:00 ] ERR: (ThinkException) 非法操作:images
[ 2016-03-17T17:06:54+08:00 ] ERR: (ThinkException) 非法操作:images
[ 2016-03-17T17:06:54+08:00 ] ERR: (ThinkException) 非法操作:style
[ 2016-03-17T17:06:54+08:00 ] ERR: (ThinkException) 非法操作:images
[ 2016-03-17T17:06:54+08:00 ] ERR: (ThinkException) 非法操作:images
[ 2016-03-17T17:06:54+08:00 ] ERR: (ThinkException) 非法操作:images
[ 2016-03-17T17:06:54+08:00 ] ERR: (ThinkException) 非法操作:images
[ 2016-03-17T17:06:54+08:00 ] ERR: (ThinkException) 非法操作:style
[ 2016-03-17T17:06:54+08:00 ] ERR: (ThinkException) 非法操作:images
[ 2016-03-17T17:55:40+08:00 ] ERR: (ThinkException) 非法操作:images
[ 2016-03-17T17:55:41+08:00 ] ERR: (ThinkException) 非法操作:images
[ 2016-03-17T17:55:41+08:00 ] ERR: (ThinkException) 非法操作:images
[ 2016-03-17T17:55:41+08:00 ] ERR: (ThinkException) 非法操作:images
[ 2016-03-17T17:55:41+08:00 ] ERR: (ThinkException) 非法操作:images
[ 2016-03-17T17:55:48+08:00 ] ERR: (ThinkException) 非法操作:checkName
[ 2016-03-17T18:56:02+08:00 ] ERR: (ThinkException) 非法操作:checkName
[ 2016-03-17T19:16:19+08:00 ] ERR: (ThinkException) 非法操作:checkName
[ 2016-03-17T20:26:42+08:00 ] ERR: (ThinkException) 非法操作:my简易版
