[ 2016-03-06T10:19:42+08:00 ] 0.0.0.0 /WebLaw/
INFO: [ app_begin ] --START--
INFO: Run ReadHtmlCache Behavior [ RunTime:0.001467s ]
INFO: [ app_begin ] --END-- [ RunTime:0.001609s ]
INFO: [ view_parse ] --START--
INFO: Run ParseTemplate Behavior [ RunTime:0.011832s ]
INFO: [ view_parse ] --END-- [ RunTime:0.012020s ]
INFO: [ view_filter ] --START--
INFO: Run ContentReplace Behavior [ RunTime:0.001215s ]
INFO: Run TokenBuild Behavior [ RunTime:0.001197s ]
INFO: Run WriteHtmlCache Behavior [ RunTime:0.001074s ]
INFO: Run ShowRuntime Behavior [ RunTime:0.001362s ]
INFO: [ view_filter ] --END-- [ RunTime:0.005184s ]
INFO: [ view_end ] --START--
INFO: Run ShowPageTrace Behavior [ RunTime:0.001452s ]
INFO: [ view_end ] --END-- [ RunTime:0.001595s ]

[ 2016-03-06T17:31:13+08:00 ] ERR: (ThinkException) 非法操作:do_login1
[ 2016-03-06T17:43:40+08:00 ] ERR: (ThinkException) 非法操作:user
[ 2016-03-06T17:47:07+08:00 ] ERR: (ThinkException) 非法操作:user
[ 2016-03-06T17:47:26+08:00 ] ERR: (ThinkException) 非法操作:admin
[ 2016-03-06T17:48:43+08:00 ] ERR: (ThinkException) 非法操作:admin
[ 2016-03-06T17:48:50+08:00 ] ERR: (ThinkException) 非法操作:login1
[ 2016-03-06T17:49:12+08:00 ] ERR: (ThinkException) 非法操作:login1
[ 2016-03-06T18:50:45+08:00 ] ERR: (ThinkException) 非法操作:do_login2
[ 2016-03-06T19:04:45+08:00 ] ERR: (ThinkException) 无法加载模块:Opeartion
[ 2016-03-06T22:01:43+08:00 ] ERR: (ThinkException) 无法加载模块:Regsiter
[ 2016-03-06T22:02:13+08:00 ] ERR: (ThinkException) 非法操作:__PUBLIC__
[ 2016-03-06T22:02:13+08:00 ] ERR: (ThinkException) 非法操作:__PUBLIC__
[ 2016-03-06T22:02:57+08:00 ] ERR: (ThinkException) 无法加载模块:Regsiter
[ 2016-03-06T23:57:11+08:00 ] ERR: (ThinkException) 无法加载模块:Opearation
