[ 2016-03-15T14:44:41+08:00 ] 0.0.0.0 /WebLaw/index.php/Index/checkName?username=c
INFO: [ app_begin ] --START--
INFO: Run ReadHtmlCache Behavior [ RunTime:0.001253s ]
INFO: [ app_begin ] --END-- [ RunTime:0.001420s ]
SQL: SHOW COLUMNS FROM `wl_user` [ RunTime:0.086785s ]
SQL: SELECT COUNT(*) AS tp_count FROM `wl_user` WHERE ( `username` = 'c' ) LIMIT 1   [ RunTime:0.001371s ]

[ 2016-03-15T14:44:43+08:00 ] 0.0.0.0 /WebLaw/index.php/Index/checkName?username=123
INFO: [ app_begin ] --START--
INFO: Run ReadHtmlCache Behavior [ RunTime:0.000869s ]
INFO: [ app_begin ] --END-- [ RunTime:0.000983s ]
SQL: SHOW COLUMNS FROM `wl_user` [ RunTime:0.042303s ]
SQL: SELECT COUNT(*) AS tp_count FROM `wl_user` WHERE ( `username` = '123' ) LIMIT 1   [ RunTime:0.000540s ]

[ 2016-03-15T14:44:46+08:00 ] 0.0.0.0 /WebLaw/index.php/Index/checkName?username=1231
INFO: [ app_begin ] --START--
INFO: Run ReadHtmlCache Behavior [ RunTime:0.000821s ]
INFO: [ app_begin ] --END-- [ RunTime:0.000938s ]
SQL: SHOW COLUMNS FROM `wl_user` [ RunTime:0.051353s ]
SQL: SELECT COUNT(*) AS tp_count FROM `wl_user` WHERE ( `username` = '1231' ) LIMIT 1   [ RunTime:0.000591s ]

[ 2016-03-15T14:45:03+08:00 ] 0.0.0.0 /WebLaw/index.php/Index/checkName?username=
INFO: [ app_begin ] --START--
INFO: Run ReadHtmlCache Behavior [ RunTime:0.001078s ]
INFO: [ app_begin ] --END-- [ RunTime:0.001240s ]
SQL: SHOW COLUMNS FROM `wl_user` [ RunTime:0.020563s ]
SQL: SELECT COUNT(*) AS tp_count FROM `wl_user` WHERE ( `username` = '' ) LIMIT 1   [ RunTime:0.000662s ]

[ 2016-03-15T14:46:55+08:00 ] 0.0.0.0 /WebLaw/index.php/Index/checkName?username=
INFO: [ app_begin ] --START--
INFO: Run ReadHtmlCache Behavior [ RunTime:0.000929s ]
INFO: [ app_begin ] --END-- [ RunTime:0.001098s ]
SQL: SHOW COLUMNS FROM `wl_user` [ RunTime:0.018297s ]
SQL: SELECT COUNT(*) AS tp_count FROM `wl_user` WHERE ( `username` = '' ) LIMIT 1   [ RunTime:0.000631s ]

[ 2016-03-15T14:46:58+08:00 ] ERR: (ThinkException) 非法操作:__PIBLIC__
[ 2016-03-15T14:46:58+08:00 ] ERR: (ThinkException) 非法操作:__PIBLIC__
[ 2016-03-15T14:46:58+08:00 ] ERR: (ThinkException) 非法操作:images
[ 2016-03-15T14:46:58+08:00 ] ERR: (ThinkException) 非法操作:images
[ 2016-03-15T14:47:15+08:00 ] ERR: (ThinkException) 非法操作:__PIBLIC__
[ 2016-03-15T14:48:00+08:00 ] ERR: (ThinkException) 非法操作:images
[ 2016-03-15T14:48:00+08:00 ] ERR: (ThinkException) 非法操作:images
[ 2016-03-15T14:49:21+08:00 ] ERR: (ThinkException) 非法操作:images
[ 2016-03-15T14:49:21+08:00 ] ERR: (ThinkException) 非法操作:images
[ 2016-03-15T14:49:22+08:00 ] ERR: (ThinkException) 非法操作:images
[ 2016-03-15T14:49:22+08:00 ] ERR: (ThinkException) 非法操作:images
[ 2016-03-15T14:49:36+08:00 ] ERR: (ThinkException) 非法操作:images
[ 2016-03-15T14:49:37+08:00 ] ERR: (ThinkException) 非法操作:images
[ 2016-03-15T14:49:37+08:00 ] ERR: (ThinkException) 非法操作:images
[ 2016-03-15T14:50:29+08:00 ] ERR: (ThinkException) 非法操作:images
[ 2016-03-15T14:50:29+08:00 ] ERR: (ThinkException) 非法操作:images
[ 2016-03-15T14:50:30+08:00 ] ERR: (ThinkException) 非法操作:images
[ 2016-03-15T14:50:30+08:00 ] ERR: (ThinkException) 非法操作:images
[ 2016-03-15T14:50:58+08:00 ] ERR: (ThinkException) 非法操作:images
[ 2016-03-15T14:50:59+08:00 ] ERR: (ThinkException) 非法操作:images
[ 2016-03-15T14:50:59+08:00 ] ERR: (ThinkException) 非法操作:images
[ 2016-03-15T14:50:59+08:00 ] ERR: (ThinkException) 非法操作:images
[ 2016-03-15T14:50:59+08:00 ] ERR: (ThinkException) 非法操作:images
[ 2016-03-15T14:51:13+08:00 ] ERR: (ThinkException) 非法操作:images
[ 2016-03-15T14:51:14+08:00 ] ERR: (ThinkException) 非法操作:images
[ 2016-03-15T14:51:14+08:00 ] ERR: (ThinkException) 非法操作:images
[ 2016-03-15T14:51:31+08:00 ] ERR: (ThinkException) 非法操作:images
[ 2016-03-15T14:51:31+08:00 ] ERR: (ThinkException) 非法操作:images
[ 2016-03-15T14:51:32+08:00 ] ERR: (ThinkException) 非法操作:images
[ 2016-03-15T14:51:32+08:00 ] ERR: (ThinkException) 非法操作:images
[ 2016-03-15T14:52:05+08:00 ] ERR: (ThinkException) 非法操作:images
[ 2016-03-15T14:52:06+08:00 ] ERR: (ThinkException) 非法操作:images
[ 2016-03-15T14:52:06+08:00 ] ERR: (ThinkException) 非法操作:images
[ 2016-03-15T14:53:55+08:00 ] ERR: (ThinkException) 非法操作:images
[ 2016-03-15T14:55:25+08:00 ] ERR: (ThinkException) 非法操作:images
[ 2016-03-15T14:55:26+08:00 ] ERR: (ThinkException) 非法操作:images
[ 2016-03-15T14:55:26+08:00 ] ERR: (ThinkException) 非法操作:images
[ 2016-03-15T14:55:26+08:00 ] ERR: (ThinkException) 非法操作:images
[ 2016-03-15T15:00:20+08:00 ] ERR: (ThinkException) 非法操作:images
[ 2016-03-15T15:00:22+08:00 ] ERR: (ThinkException) 非法操作:images
[ 2016-03-15T15:01:52+08:00 ] ERR: (ThinkException) 非法操作:images
[ 2016-03-15T15:01:53+08:00 ] ERR: (ThinkException) 非法操作:images
[ 2016-03-15T15:01:53+08:00 ] ERR: (ThinkException) 非法操作:images
[ 2016-03-15T15:01:53+08:00 ] ERR: (ThinkException) 非法操作:images
[ 2016-03-15T15:04:23+08:00 ] ERR: (ThinkException) 非法操作:images
[ 2016-03-15T18:47:10+08:00 ] 0.0.0.0 /WebLaw/index.php/Index/checkName?username=333
INFO: [ app_begin ] --START--
INFO: Run ReadHtmlCache Behavior [ RunTime:0.001125s ]
INFO: [ app_begin ] --END-- [ RunTime:0.001233s ]
SQL: SHOW COLUMNS FROM `wl_user` [ RunTime:0.017320s ]
SQL: SELECT COUNT(*) AS tp_count FROM `wl_user` WHERE ( `username` = '333' ) LIMIT 1   [ RunTime:0.000536s ]

[ 2016-03-15T19:26:01+08:00 ] 0.0.0.0 /WebLaw/index.php/Index/checkName?username=
INFO: [ app_begin ] --START--
INFO: Run ReadHtmlCache Behavior [ RunTime:0.000729s ]
INFO: [ app_begin ] --END-- [ RunTime:0.000817s ]
SQL: SHOW COLUMNS FROM `wl_user` [ RunTime:0.015252s ]
SQL: SELECT COUNT(*) AS tp_count FROM `wl_user` WHERE ( `username` = '' ) LIMIT 1   [ RunTime:0.000516s ]

[ 2016-03-15T21:38:43+08:00 ] 0.0.0.0 /WebLaw/index.php/Index/checkName?username=
INFO: [ app_begin ] --START--
INFO: Run ReadHtmlCache Behavior [ RunTime:0.001867s ]
INFO: [ app_begin ] --END-- [ RunTime:0.002133s ]
SQL: SHOW COLUMNS FROM `wl_user` [ RunTime:0.047102s ]
SQL: SELECT COUNT(*) AS tp_count FROM `wl_user` WHERE ( `username` = '' ) LIMIT 1   [ RunTime:0.000754s ]

[ 2016-03-15T21:40:58+08:00 ] 0.0.0.0 /WebLaw/index.php/Index/checkName?username=
INFO: [ app_begin ] --START--
INFO: Run ReadHtmlCache Behavior [ RunTime:0.001571s ]
INFO: [ app_begin ] --END-- [ RunTime:0.001776s ]
SQL: SHOW COLUMNS FROM `wl_user` [ RunTime:0.020048s ]
SQL: SELECT COUNT(*) AS tp_count FROM `wl_user` WHERE ( `username` = '' ) LIMIT 1   [ RunTime:0.000552s ]

[ 2016-03-15T21:41:33+08:00 ] 0.0.0.0 /WebLaw/index.php/Index/checkName?username=
INFO: [ app_begin ] --START--
INFO: Run ReadHtmlCache Behavior [ RunTime:0.001776s ]
INFO: [ app_begin ] --END-- [ RunTime:0.001930s ]
SQL: SHOW COLUMNS FROM `wl_user` [ RunTime:0.031824s ]
SQL: SELECT COUNT(*) AS tp_count FROM `wl_user` WHERE ( `username` = '' ) LIMIT 1   [ RunTime:0.000516s ]

[ 2016-03-15T21:42:09+08:00 ] 0.0.0.0 /WebLaw/index.php/Index/checkName?username=
INFO: [ app_begin ] --START--
INFO: Run ReadHtmlCache Behavior [ RunTime:0.001371s ]
INFO: [ app_begin ] --END-- [ RunTime:0.001530s ]
SQL: SHOW COLUMNS FROM `wl_user` [ RunTime:0.021300s ]
SQL: SELECT COUNT(*) AS tp_count FROM `wl_user` WHERE ( `username` = '' ) LIMIT 1   [ RunTime:0.000522s ]

[ 2016-03-15T21:42:56+08:00 ] 0.0.0.0 /WebLaw/index.php/Index/checkName?username=
INFO: [ app_begin ] --START--
INFO: Run ReadHtmlCache Behavior [ RunTime:0.001570s ]
INFO: [ app_begin ] --END-- [ RunTime:0.001769s ]
SQL: SHOW COLUMNS FROM `wl_user` [ RunTime:0.020202s ]
SQL: SELECT COUNT(*) AS tp_count FROM `wl_user` WHERE ( `username` = '' ) LIMIT 1   [ RunTime:0.000544s ]

[ 2016-03-15T21:43:09+08:00 ] 0.0.0.0 /WebLaw/index.php/Index/checkName?username=
INFO: [ app_begin ] --START--
INFO: Run ReadHtmlCache Behavior [ RunTime:0.001735s ]
INFO: [ app_begin ] --END-- [ RunTime:0.001963s ]
SQL: SHOW COLUMNS FROM `wl_user` [ RunTime:0.020237s ]
SQL: SELECT COUNT(*) AS tp_count FROM `wl_user` WHERE ( `username` = '' ) LIMIT 1   [ RunTime:0.000539s ]

[ 2016-03-15T21:43:37+08:00 ] 0.0.0.0 /WebLaw/index.php/Index/checkName?username=
INFO: [ app_begin ] --START--
INFO: Run ReadHtmlCache Behavior [ RunTime:0.002384s ]
INFO: [ app_begin ] --END-- [ RunTime:0.002615s ]
SQL: SHOW COLUMNS FROM `wl_user` [ RunTime:0.019284s ]
SQL: SELECT COUNT(*) AS tp_count FROM `wl_user` WHERE ( `username` = '' ) LIMIT 1   [ RunTime:0.000778s ]

[ 2016-03-15T21:44:55+08:00 ] 0.0.0.0 /WebLaw/index.php/Index/checkName?username=
INFO: [ app_begin ] --START--
INFO: Run ReadHtmlCache Behavior [ RunTime:0.001265s ]
INFO: [ app_begin ] --END-- [ RunTime:0.001422s ]
SQL: SHOW COLUMNS FROM `wl_user` [ RunTime:0.020059s ]
SQL: SELECT COUNT(*) AS tp_count FROM `wl_user` WHERE ( `username` = '' ) LIMIT 1   [ RunTime:0.000625s ]

[ 2016-03-15T21:49:57+08:00 ] 0.0.0.0 /WebLaw/index.php/Index/checkName?username=456
INFO: [ app_begin ] --START--
INFO: Run ReadHtmlCache Behavior [ RunTime:0.001728s ]
INFO: [ app_begin ] --END-- [ RunTime:0.001914s ]
SQL: SHOW COLUMNS FROM `wl_user` [ RunTime:0.026588s ]
SQL: SELECT COUNT(*) AS tp_count FROM `wl_user` WHERE ( `username` = '456' ) LIMIT 1   [ RunTime:0.000693s ]

[ 2016-03-15T21:50:46+08:00 ] 0.0.0.0 /WebLaw/index.php/Index/checkName?username=456
INFO: [ app_begin ] --START--
INFO: Run ReadHtmlCache Behavior [ RunTime:0.004471s ]
INFO: [ app_begin ] --END-- [ RunTime:0.004746s ]
SQL: SHOW COLUMNS FROM `wl_user` [ RunTime:0.019177s ]
SQL: SELECT COUNT(*) AS tp_count FROM `wl_user` WHERE ( `username` = '456' ) LIMIT 1   [ RunTime:0.000463s ]

[ 2016-03-15T21:52:25+08:00 ] 0.0.0.0 /WebLaw/index.php/Index/checkName?username=
INFO: [ app_begin ] --START--
INFO: Run ReadHtmlCache Behavior [ RunTime:0.001633s ]
INFO: [ app_begin ] --END-- [ RunTime:0.001876s ]
SQL: SHOW COLUMNS FROM `wl_user` [ RunTime:0.018187s ]
SQL: SELECT COUNT(*) AS tp_count FROM `wl_user` WHERE ( `username` = '' ) LIMIT 1   [ RunTime:0.000647s ]

[ 2016-03-15T22:50:31+08:00 ] ERR: (ThinkException) 非法操作:images
[ 2016-03-15T22:50:57+08:00 ] ERR: (ThinkException) 非法操作:images
[ 2016-03-15T22:50:58+08:00 ] ERR: (ThinkException) 非法操作:images
[ 2016-03-15T22:50:58+08:00 ] ERR: (ThinkException) 非法操作:images
[ 2016-03-15T22:51:30+08:00 ] ERR: (ThinkException) 非法操作:images
[ 2016-03-15T22:53:07+08:00 ] ERR: (ThinkException) 非法操作:images
[ 2016-03-15T22:57:08+08:00 ] 0.0.0.0 /WebLaw/index.php/Index/checkName?username=123
INFO: [ app_begin ] --START--
INFO: Run ReadHtmlCache Behavior [ RunTime:0.001481s ]
INFO: [ app_begin ] --END-- [ RunTime:0.001638s ]
SQL: SHOW COLUMNS FROM `wl_user` [ RunTime:0.015647s ]
SQL: SELECT COUNT(*) AS tp_count FROM `wl_user` WHERE ( `username` = '123' ) LIMIT 1   [ RunTime:0.000512s ]

[ 2016-03-15T22:57:12+08:00 ] 0.0.0.0 /WebLaw/index.php/Index/checkName?username=1
INFO: [ app_begin ] --START--
INFO: Run ReadHtmlCache Behavior [ RunTime:0.001120s ]
INFO: [ app_begin ] --END-- [ RunTime:0.001246s ]
SQL: SHOW COLUMNS FROM `wl_user` [ RunTime:0.040157s ]
SQL: SELECT COUNT(*) AS tp_count FROM `wl_user` WHERE ( `username` = '1' ) LIMIT 1   [ RunTime:0.000635s ]

[ 2016-03-15T22:57:19+08:00 ] 0.0.0.0 /WebLaw/index.php/Index/checkName?username=CJQ
INFO: [ app_begin ] --START--
INFO: Run ReadHtmlCache Behavior [ RunTime:0.003704s ]
INFO: [ app_begin ] --END-- [ RunTime:0.004150s ]
SQL: SHOW COLUMNS FROM `wl_user` [ RunTime:0.017174s ]
SQL: SELECT COUNT(*) AS tp_count FROM `wl_user` WHERE ( `username` = 'CJQ' ) LIMIT 1   [ RunTime:0.000491s ]

[ 2016-03-15T22:57:23+08:00 ] 0.0.0.0 /WebLaw/index.php/Index/checkName?username=%E9%99%88%E4%BD%B3%E7%90%AA
INFO: [ app_begin ] --START--
INFO: Run ReadHtmlCache Behavior [ RunTime:0.001523s ]
INFO: [ app_begin ] --END-- [ RunTime:0.001686s ]
SQL: SHOW COLUMNS FROM `wl_user` [ RunTime:0.019075s ]
SQL: SELECT COUNT(*) AS tp_count FROM `wl_user` WHERE ( `username` = '陈佳琪' ) LIMIT 1   [ RunTime:0.000526s ]

[ 2016-03-15T22:58:04+08:00 ] 0.0.0.0 /WebLaw/index.php/Index/checkName?username=123
INFO: [ app_begin ] --START--
INFO: Run ReadHtmlCache Behavior [ RunTime:0.001784s ]
INFO: [ app_begin ] --END-- [ RunTime:0.002196s ]
SQL: SHOW COLUMNS FROM `wl_user` [ RunTime:0.016209s ]
SQL: SELECT COUNT(*) AS tp_count FROM `wl_user` WHERE ( `username` = '123' ) LIMIT 1   [ RunTime:0.000503s ]

[ 2016-03-15T22:58:06+08:00 ] 0.0.0.0 /WebLaw/index.php/Index/checkName?username=456
INFO: [ app_begin ] --START--
INFO: Run ReadHtmlCache Behavior [ RunTime:0.000950s ]
INFO: [ app_begin ] --END-- [ RunTime:0.001092s ]
SQL: SHOW COLUMNS FROM `wl_user` [ RunTime:0.018260s ]
SQL: SELECT COUNT(*) AS tp_count FROM `wl_user` WHERE ( `username` = '456' ) LIMIT 1   [ RunTime:0.000658s ]

[ 2016-03-15T22:58:09+08:00 ] 0.0.0.0 /WebLaw/index.php/Index/checkName?username=4555
INFO: [ app_begin ] --START--
INFO: Run ReadHtmlCache Behavior [ RunTime:0.001093s ]
INFO: [ app_begin ] --END-- [ RunTime:0.001238s ]
SQL: SHOW COLUMNS FROM `wl_user` [ RunTime:0.018267s ]
SQL: SELECT COUNT(*) AS tp_count FROM `wl_user` WHERE ( `username` = '4555' ) LIMIT 1   [ RunTime:0.000528s ]

[ 2016-03-15T22:58:26+08:00 ] 0.0.0.0 /WebLaw/index.php/Index/checkName?username=4555
INFO: [ app_begin ] --START--
INFO: Run ReadHtmlCache Behavior [ RunTime:0.000693s ]
INFO: [ app_begin ] --END-- [ RunTime:0.000799s ]
SQL: SHOW COLUMNS FROM `wl_user` [ RunTime:0.017196s ]
SQL: SELECT COUNT(*) AS tp_count FROM `wl_user` WHERE ( `username` = '4555' ) LIMIT 1   [ RunTime:0.000530s ]

[ 2016-03-15T22:58:41+08:00 ] 0.0.0.0 /WebLaw/index.php/Index/checkName?username=4555
INFO: [ app_begin ] --START--
INFO: Run ReadHtmlCache Behavior [ RunTime:0.000730s ]
INFO: [ app_begin ] --END-- [ RunTime:0.000829s ]
SQL: SHOW COLUMNS FROM `wl_user` [ RunTime:0.014890s ]
SQL: SELECT COUNT(*) AS tp_count FROM `wl_user` WHERE ( `username` = '4555' ) LIMIT 1   [ RunTime:0.000457s ]

