[ 2016-03-07T09:59:13+08:00 ] ERR: (ThinkException) 非法操作:data
[ 2016-03-07T09:59:26+08:00 ] ERR: (ThinkException) 非法操作:data
[ 2016-03-07T09:59:55+08:00 ] 0.0.0.0 /WebLaw/index.php/Index/checkName?username=%E7%8E%A9%E7%8E%A9
INFO: [ app_begin ] --START--
INFO: Run ReadHtmlCache Behavior [ RunTime:0.000806s ]
INFO: [ app_begin ] --END-- [ RunTime:0.000927s ]

[ 2016-03-07T09:59:58+08:00 ] 0.0.0.0 /WebLaw/index.php/Index/checkName?username=%E6%88%91%E4%B8%BA
INFO: [ app_begin ] --START--
INFO: Run ReadHtmlCache Behavior [ RunTime:0.001765s ]
INFO: [ app_begin ] --END-- [ RunTime:0.002048s ]

[ 2016-03-07T10:00:00+08:00 ] 0.0.0.0 /WebLaw/index.php/Index/checkName?username=111
INFO: [ app_begin ] --START--
INFO: Run ReadHtmlCache Behavior [ RunTime:0.001506s ]
INFO: [ app_begin ] --END-- [ RunTime:0.001709s ]

[ 2016-03-07T10:00:52+08:00 ] 0.0.0.0 /WebLaw/index.php/Index/checkName?username=111
INFO: [ app_begin ] --START--
INFO: Run ReadHtmlCache Behavior [ RunTime:0.001086s ]
INFO: [ app_begin ] --END-- [ RunTime:0.001259s ]

[ 2016-03-07T10:00:56+08:00 ] 0.0.0.0 /WebLaw/index.php/Index/checkName?username=sdf
INFO: [ app_begin ] --START--
INFO: Run ReadHtmlCache Behavior [ RunTime:0.001190s ]
INFO: [ app_begin ] --END-- [ RunTime:0.001353s ]

[ 2016-03-07T10:00:59+08:00 ] 0.0.0.0 /WebLaw/index.php/Index/checkName?username=%E6%88%91%E9%97%AE
INFO: [ app_begin ] --START--
INFO: Run ReadHtmlCache Behavior [ RunTime:0.000762s ]
INFO: [ app_begin ] --END-- [ RunTime:0.000866s ]

[ 2016-03-07T10:01:05+08:00 ] 0.0.0.0 /WebLaw/index.php/Index/checkName?username=
INFO: [ app_begin ] --START--
INFO: Run ReadHtmlCache Behavior [ RunTime:0.000820s ]
INFO: [ app_begin ] --END-- [ RunTime:0.000968s ]

[ 2016-03-07T10:04:56+08:00 ] 0.0.0.0 /WebLaw/index.php/Index/checkName?username=qqq
INFO: [ app_begin ] --START--
INFO: Run ReadHtmlCache Behavior [ RunTime:0.000945s ]
INFO: [ app_begin ] --END-- [ RunTime:0.001070s ]
SQL: SHOW COLUMNS FROM `wl_user` [ RunTime:0.005099s ]
SQL: SELECT COUNT(*) AS tp_count FROM `wl_user` WHERE ( `username` = 'qqq' ) LIMIT 1   [ RunTime:0.064889s ]

[ 2016-03-07T10:05:00+08:00 ] 0.0.0.0 /WebLaw/index.php/Index/checkName?username=%E9%99%88%E4%BD%B3%E7%90%AA
INFO: [ app_begin ] --START--
INFO: Run ReadHtmlCache Behavior [ RunTime:0.000930s ]
INFO: [ app_begin ] --END-- [ RunTime:0.001051s ]
SQL: SHOW COLUMNS FROM `wl_user` [ RunTime:0.005340s ]
SQL: SELECT COUNT(*) AS tp_count FROM `wl_user` WHERE ( `username` = '陈佳琪' ) LIMIT 1   [ RunTime:0.000581s ]

[ 2016-03-07T10:11:02+08:00 ] 0.0.0.0 /WebLaw/index.php/Index/checkName?username=111
INFO: [ app_begin ] --START--
INFO: Run ReadHtmlCache Behavior [ RunTime:0.000666s ]
INFO: [ app_begin ] --END-- [ RunTime:0.000767s ]
SQL: SHOW COLUMNS FROM `wl_user` [ RunTime:0.004086s ]
SQL: SELECT COUNT(*) AS tp_count FROM `wl_user` WHERE ( `username` = '111' ) LIMIT 1   [ RunTime:0.000514s ]

[ 2016-03-07T10:11:08+08:00 ] 0.0.0.0 /WebLaw/index.php/Index/checkName?username=%E9%99%88%E4%BD%B3%E7%90%AA
INFO: [ app_begin ] --START--
INFO: Run ReadHtmlCache Behavior [ RunTime:0.000853s ]
INFO: [ app_begin ] --END-- [ RunTime:0.000947s ]
SQL: SHOW COLUMNS FROM `wl_user` [ RunTime:0.003685s ]
SQL: SELECT COUNT(*) AS tp_count FROM `wl_user` WHERE ( `username` = '陈佳琪' ) LIMIT 1   [ RunTime:0.000452s ]

[ 2016-03-07T10:11:12+08:00 ] 0.0.0.0 /WebLaw/index.php/Index/checkName?username=
INFO: [ app_begin ] --START--
INFO: Run ReadHtmlCache Behavior [ RunTime:0.000680s ]
INFO: [ app_begin ] --END-- [ RunTime:0.000778s ]
SQL: SHOW COLUMNS FROM `wl_user` [ RunTime:0.003648s ]
SQL: SELECT COUNT(*) AS tp_count FROM `wl_user` WHERE ( `username` = '' ) LIMIT 1   [ RunTime:0.000481s ]

[ 2016-03-07T10:11:14+08:00 ] 0.0.0.0 /WebLaw/index.php/Index/checkName?username=
INFO: [ app_begin ] --START--
INFO: Run ReadHtmlCache Behavior [ RunTime:0.001249s ]
INFO: [ app_begin ] --END-- [ RunTime:0.001438s ]
SQL: SHOW COLUMNS FROM `wl_user` [ RunTime:0.005263s ]
SQL: SELECT COUNT(*) AS tp_count FROM `wl_user` WHERE ( `username` = '' ) LIMIT 1   [ RunTime:0.000605s ]

[ 2016-03-07T10:11:34+08:00 ] 0.0.0.0 /WebLaw/index.php/Index/checkName?username=
INFO: [ app_begin ] --START--
INFO: Run ReadHtmlCache Behavior [ RunTime:0.000667s ]
INFO: [ app_begin ] --END-- [ RunTime:0.000750s ]
SQL: SHOW COLUMNS FROM `wl_user` [ RunTime:0.003745s ]
SQL: SELECT COUNT(*) AS tp_count FROM `wl_user` WHERE ( `username` = '' ) LIMIT 1   [ RunTime:0.000476s ]

[ 2016-03-07T10:11:36+08:00 ] 0.0.0.0 /WebLaw/index.php/Index/checkName?username=
INFO: [ app_begin ] --START--
INFO: Run ReadHtmlCache Behavior [ RunTime:0.000792s ]
INFO: [ app_begin ] --END-- [ RunTime:0.000938s ]
SQL: SHOW COLUMNS FROM `wl_user` [ RunTime:0.003725s ]
SQL: SELECT COUNT(*) AS tp_count FROM `wl_user` WHERE ( `username` = '' ) LIMIT 1   [ RunTime:0.000503s ]

[ 2016-03-07T10:11:37+08:00 ] 0.0.0.0 /WebLaw/index.php/Index/checkName?username=
INFO: [ app_begin ] --START--
INFO: Run ReadHtmlCache Behavior [ RunTime:0.000643s ]
INFO: [ app_begin ] --END-- [ RunTime:0.000728s ]
SQL: SHOW COLUMNS FROM `wl_user` [ RunTime:0.003839s ]
SQL: SELECT COUNT(*) AS tp_count FROM `wl_user` WHERE ( `username` = '' ) LIMIT 1   [ RunTime:0.000545s ]

[ 2016-03-07T10:11:37+08:00 ] 0.0.0.0 /WebLaw/index.php/Index/checkName?username=
INFO: [ app_begin ] --START--
INFO: Run ReadHtmlCache Behavior [ RunTime:0.000881s ]
INFO: [ app_begin ] --END-- [ RunTime:0.001007s ]
SQL: SHOW COLUMNS FROM `wl_user` [ RunTime:0.003678s ]
SQL: SELECT COUNT(*) AS tp_count FROM `wl_user` WHERE ( `username` = '' ) LIMIT 1   [ RunTime:0.000488s ]

[ 2016-03-07T10:12:03+08:00 ] 0.0.0.0 /WebLaw/index.php/Index/checkName?username=%E9%99%88%E4%BD%B3%E7%90%AA
INFO: [ app_begin ] --START--
INFO: Run ReadHtmlCache Behavior [ RunTime:0.000663s ]
INFO: [ app_begin ] --END-- [ RunTime:0.000749s ]
SQL: SHOW COLUMNS FROM `wl_user` [ RunTime:0.003916s ]
SQL: SELECT COUNT(*) AS tp_count FROM `wl_user` WHERE ( `username` = '陈佳琪' ) LIMIT 1   [ RunTime:0.000474s ]

[ 2016-03-07T10:12:05+08:00 ] 0.0.0.0 /WebLaw/index.php/Index/checkName?username=111
INFO: [ app_begin ] --START--
INFO: Run ReadHtmlCache Behavior [ RunTime:0.000632s ]
INFO: [ app_begin ] --END-- [ RunTime:0.000717s ]
SQL: SHOW COLUMNS FROM `wl_user` [ RunTime:0.004000s ]
SQL: SELECT COUNT(*) AS tp_count FROM `wl_user` WHERE ( `username` = '111' ) LIMIT 1   [ RunTime:0.000677s ]

[ 2016-03-07T10:12:07+08:00 ] 0.0.0.0 /WebLaw/index.php/Index/checkName?username=111
INFO: [ app_begin ] --START--
INFO: Run ReadHtmlCache Behavior [ RunTime:0.001082s ]
INFO: [ app_begin ] --END-- [ RunTime:0.001241s ]
SQL: SHOW COLUMNS FROM `wl_user` [ RunTime:0.005447s ]
SQL: SELECT COUNT(*) AS tp_count FROM `wl_user` WHERE ( `username` = '111' ) LIMIT 1   [ RunTime:0.000654s ]

[ 2016-03-07T10:14:38+08:00 ] 0.0.0.0 /WebLaw/index.php/Index/checkName?username=333
INFO: [ app_begin ] --START--
INFO: Run ReadHtmlCache Behavior [ RunTime:0.000689s ]
INFO: [ app_begin ] --END-- [ RunTime:0.000776s ]
SQL: SHOW COLUMNS FROM `wl_user` [ RunTime:0.004994s ]
SQL: SELECT COUNT(*) AS tp_count FROM `wl_user` WHERE ( `username` = '333' ) LIMIT 1   [ RunTime:0.000449s ]

[ 2016-03-07T10:14:45+08:00 ] 0.0.0.0 /WebLaw/index.php/Index/checkName?username=%E9%99%88%E4%BD%B3%E7%90%AA
INFO: [ app_begin ] --START--
INFO: Run ReadHtmlCache Behavior [ RunTime:0.000685s ]
INFO: [ app_begin ] --END-- [ RunTime:0.000792s ]
SQL: SHOW COLUMNS FROM `wl_user` [ RunTime:0.003804s ]
SQL: SELECT COUNT(*) AS tp_count FROM `wl_user` WHERE ( `username` = '陈佳琪' ) LIMIT 1   [ RunTime:0.000485s ]

[ 2016-03-07T10:14:50+08:00 ] 0.0.0.0 /WebLaw/index.php/Index/checkName?username=%E9%99%88%E4%BD%B3%E7%90%AA
INFO: [ app_begin ] --START--
INFO: Run ReadHtmlCache Behavior [ RunTime:0.000663s ]
INFO: [ app_begin ] --END-- [ RunTime:0.000757s ]
SQL: SHOW COLUMNS FROM `wl_user` [ RunTime:0.004484s ]
SQL: SELECT COUNT(*) AS tp_count FROM `wl_user` WHERE ( `username` = '陈佳琪' ) LIMIT 1   [ RunTime:0.000475s ]

[ 2016-03-07T10:14:50+08:00 ] 0.0.0.0 /WebLaw/index.php/Index/checkName?username=%E9%99%88%E4%BD%B3%E7%90%AA
INFO: [ app_begin ] --START--
INFO: Run ReadHtmlCache Behavior [ RunTime:0.000919s ]
INFO: [ app_begin ] --END-- [ RunTime:0.001052s ]
SQL: SHOW COLUMNS FROM `wl_user` [ RunTime:0.005146s ]
SQL: SELECT COUNT(*) AS tp_count FROM `wl_user` WHERE ( `username` = '陈佳琪' ) LIMIT 1   [ RunTime:0.000550s ]

[ 2016-03-07T10:14:52+08:00 ] 0.0.0.0 /WebLaw/index.php/Index/checkName?username=111
INFO: [ app_begin ] --START--
INFO: Run ReadHtmlCache Behavior [ RunTime:0.000639s ]
INFO: [ app_begin ] --END-- [ RunTime:0.000728s ]
SQL: SHOW COLUMNS FROM `wl_user` [ RunTime:0.003529s ]
SQL: SELECT COUNT(*) AS tp_count FROM `wl_user` WHERE ( `username` = '111' ) LIMIT 1   [ RunTime:0.000480s ]

[ 2016-03-07T10:14:54+08:00 ] 0.0.0.0 /WebLaw/index.php/Index/checkName?username=111
INFO: [ app_begin ] --START--
INFO: Run ReadHtmlCache Behavior [ RunTime:0.000678s ]
INFO: [ app_begin ] --END-- [ RunTime:0.000766s ]
SQL: SHOW COLUMNS FROM `wl_user` [ RunTime:0.003889s ]
SQL: SELECT COUNT(*) AS tp_count FROM `wl_user` WHERE ( `username` = '111' ) LIMIT 1   [ RunTime:0.000447s ]

[ 2016-03-07T10:16:10+08:00 ] 0.0.0.0 /WebLaw/index.php/Index/checkName?username=%E9%99%88%E4%BD%B3%E7%90%AA
INFO: [ app_begin ] --START--
INFO: Run ReadHtmlCache Behavior [ RunTime:0.000860s ]
INFO: [ app_begin ] --END-- [ RunTime:0.001005s ]
SQL: SHOW COLUMNS FROM `wl_user` [ RunTime:0.005943s ]
SQL: SELECT COUNT(*) AS tp_count FROM `wl_user` WHERE ( `username` = '陈佳琪' ) LIMIT 1   [ RunTime:0.000654s ]

[ 2016-03-07T10:16:13+08:00 ] 0.0.0.0 /WebLaw/index.php/Index/checkName?username=111
INFO: [ app_begin ] --START--
INFO: Run ReadHtmlCache Behavior [ RunTime:0.000634s ]
INFO: [ app_begin ] --END-- [ RunTime:0.000724s ]
SQL: SHOW COLUMNS FROM `wl_user` [ RunTime:0.006994s ]
SQL: SELECT COUNT(*) AS tp_count FROM `wl_user` WHERE ( `username` = '111' ) LIMIT 1   [ RunTime:0.000544s ]

[ 2016-03-07T10:17:12+08:00 ] 0.0.0.0 /WebLaw/index.php/Index/checkName?username=111
INFO: [ app_begin ] --START--
INFO: Run ReadHtmlCache Behavior [ RunTime:0.000802s ]
INFO: [ app_begin ] --END-- [ RunTime:0.000962s ]
SQL: SHOW COLUMNS FROM `wl_user` [ RunTime:0.004459s ]
SQL: SELECT COUNT(*) AS tp_count FROM `wl_user` WHERE ( `username` = '111' ) LIMIT 1   [ RunTime:0.000473s ]

[ 2016-03-07T10:17:20+08:00 ] 0.0.0.0 /WebLaw/index.php/Index/checkName?username=111%E9%99%88%E4%BD%B3%E7%90%AA
INFO: [ app_begin ] --START--
INFO: Run ReadHtmlCache Behavior [ RunTime:0.000605s ]
INFO: [ app_begin ] --END-- [ RunTime:0.000699s ]
SQL: SHOW COLUMNS FROM `wl_user` [ RunTime:0.003897s ]
SQL: SELECT COUNT(*) AS tp_count FROM `wl_user` WHERE ( `username` = '111陈佳琪' ) LIMIT 1   [ RunTime:0.000471s ]

[ 2016-03-07T10:17:24+08:00 ] 0.0.0.0 /WebLaw/index.php/Index/checkName?username=%E9%99%88%E4%BD%B3%E7%90%AA
INFO: [ app_begin ] --START--
INFO: Run ReadHtmlCache Behavior [ RunTime:0.000584s ]
INFO: [ app_begin ] --END-- [ RunTime:0.000670s ]
SQL: SHOW COLUMNS FROM `wl_user` [ RunTime:0.004399s ]
SQL: SELECT COUNT(*) AS tp_count FROM `wl_user` WHERE ( `username` = '陈佳琪' ) LIMIT 1   [ RunTime:0.000518s ]

[ 2016-03-07T10:18:55+08:00 ] 0.0.0.0 /WebLaw/index.php/Index/checkName?username=%E9%99%88%E4%BD%B3%E7%90%AA
INFO: [ app_begin ] --START--
INFO: Run ReadHtmlCache Behavior [ RunTime:0.000842s ]
INFO: [ app_begin ] --END-- [ RunTime:0.000965s ]
SQL: SHOW COLUMNS FROM `wl_user` [ RunTime:0.005008s ]
SQL: SELECT COUNT(*) AS tp_count FROM `wl_user` WHERE ( `username` = '陈佳琪' ) LIMIT 1   [ RunTime:0.000555s ]

[ 2016-03-07T10:19:54+08:00 ] 0.0.0.0 /WebLaw/index.php/Index/checkName?username=111
INFO: [ app_begin ] --START--
INFO: Run ReadHtmlCache Behavior [ RunTime:0.000653s ]
INFO: [ app_begin ] --END-- [ RunTime:0.000742s ]
SQL: SHOW COLUMNS FROM `wl_user` [ RunTime:0.017868s ]
SQL: SELECT COUNT(*) AS tp_count FROM `wl_user` WHERE ( `username` = '111' ) LIMIT 1   [ RunTime:0.000495s ]

[ 2016-03-07T10:19:57+08:00 ] 0.0.0.0 /WebLaw/index.php/Index/checkName?username=cjq+
INFO: [ app_begin ] --START--
INFO: Run ReadHtmlCache Behavior [ RunTime:0.000654s ]
INFO: [ app_begin ] --END-- [ RunTime:0.000758s ]
SQL: SHOW COLUMNS FROM `wl_user` [ RunTime:0.003369s ]
SQL: SELECT COUNT(*) AS tp_count FROM `wl_user` WHERE ( `username` = 'cjq ' ) LIMIT 1   [ RunTime:0.000462s ]

[ 2016-03-07T10:20:02+08:00 ] 0.0.0.0 /WebLaw/index.php/Index/checkName?username=cjq
INFO: [ app_begin ] --START--
INFO: Run ReadHtmlCache Behavior [ RunTime:0.001005s ]
INFO: [ app_begin ] --END-- [ RunTime:0.001143s ]
SQL: SHOW COLUMNS FROM `wl_user` [ RunTime:0.003731s ]
SQL: SELECT COUNT(*) AS tp_count FROM `wl_user` WHERE ( `username` = 'cjq' ) LIMIT 1   [ RunTime:0.000418s ]

[ 2016-03-07T10:20:05+08:00 ] 0.0.0.0 /WebLaw/index.php/Index/checkName?username=%E9%99%88%E4%BD%B3%E7%90%AA
INFO: [ app_begin ] --START--
INFO: Run ReadHtmlCache Behavior [ RunTime:0.000812s ]
INFO: [ app_begin ] --END-- [ RunTime:0.000934s ]
SQL: SHOW COLUMNS FROM `wl_user` [ RunTime:0.003698s ]
SQL: SELECT COUNT(*) AS tp_count FROM `wl_user` WHERE ( `username` = '陈佳琪' ) LIMIT 1   [ RunTime:0.000551s ]

[ 2016-03-07T10:20:07+08:00 ] 0.0.0.0 /WebLaw/index.php/Index/checkName?username=111
INFO: [ app_begin ] --START--
INFO: Run ReadHtmlCache Behavior [ RunTime:0.001038s ]
INFO: [ app_begin ] --END-- [ RunTime:0.001201s ]
SQL: SHOW COLUMNS FROM `wl_user` [ RunTime:0.003837s ]
SQL: SELECT COUNT(*) AS tp_count FROM `wl_user` WHERE ( `username` = '111' ) LIMIT 1   [ RunTime:0.000554s ]

[ 2016-03-07T10:23:08+08:00 ] 0.0.0.0 /WebLaw/index.php/Index/checkName?username=cjq
INFO: [ app_begin ] --START--
INFO: Run ReadHtmlCache Behavior [ RunTime:0.000581s ]
INFO: [ app_begin ] --END-- [ RunTime:0.000668s ]
SQL: SHOW COLUMNS FROM `wl_user` [ RunTime:0.003781s ]
SQL: SELECT COUNT(*) AS tp_count FROM `wl_user` WHERE ( `username` = 'cjq' ) LIMIT 1   [ RunTime:0.000492s ]

[ 2016-03-07T10:23:11+08:00 ] 0.0.0.0 /WebLaw/index.php/Index/checkName?username=%E9%99%88%E4%BD%B3%E7%90%AA
INFO: [ app_begin ] --START--
INFO: Run ReadHtmlCache Behavior [ RunTime:0.000829s ]
INFO: [ app_begin ] --END-- [ RunTime:0.000932s ]
SQL: SHOW COLUMNS FROM `wl_user` [ RunTime:0.004571s ]
SQL: SELECT COUNT(*) AS tp_count FROM `wl_user` WHERE ( `username` = '陈佳琪' ) LIMIT 1   [ RunTime:0.000537s ]

[ 2016-03-07T10:23:22+08:00 ] 0.0.0.0 /WebLaw/index.php/Index/checkName?username=%E9%99%88%E4%BD%B3%E7%90%AA
INFO: [ app_begin ] --START--
INFO: Run ReadHtmlCache Behavior [ RunTime:0.000979s ]
INFO: [ app_begin ] --END-- [ RunTime:0.001111s ]
SQL: SHOW COLUMNS FROM `wl_user` [ RunTime:0.004505s ]
SQL: SELECT COUNT(*) AS tp_count FROM `wl_user` WHERE ( `username` = '陈佳琪' ) LIMIT 1   [ RunTime:0.000509s ]

[ 2016-03-07T10:24:03+08:00 ] 0.0.0.0 /WebLaw/index.php/Index/checkName?username=123
INFO: [ app_begin ] --START--
INFO: Run ReadHtmlCache Behavior [ RunTime:0.003963s ]
INFO: [ app_begin ] --END-- [ RunTime:0.004483s ]
SQL: SHOW COLUMNS FROM `wl_user` [ RunTime:0.003667s ]
SQL: SELECT COUNT(*) AS tp_count FROM `wl_user` WHERE ( `username` = '123' ) LIMIT 1   [ RunTime:0.000424s ]

[ 2016-03-07T10:24:46+08:00 ] 0.0.0.0 /WebLaw/index.php/Index/checkName?username=123
INFO: [ app_begin ] --START--
INFO: Run ReadHtmlCache Behavior [ RunTime:0.000924s ]
INFO: [ app_begin ] --END-- [ RunTime:0.001017s ]
SQL: SHOW COLUMNS FROM `wl_user` [ RunTime:0.151924s ]
SQL: SELECT COUNT(*) AS tp_count FROM `wl_user` WHERE ( `username` = '123' ) LIMIT 1   [ RunTime:0.000967s ]

[ 2016-03-07T10:26:27+08:00 ] 0.0.0.0 /WebLaw/index.php/Index/checkName?username=123
INFO: [ app_begin ] --START--
INFO: Run ReadHtmlCache Behavior [ RunTime:0.000703s ]
INFO: [ app_begin ] --END-- [ RunTime:0.000796s ]
SQL: SHOW COLUMNS FROM `wl_user` [ RunTime:0.009508s ]
SQL: SELECT COUNT(*) AS tp_count FROM `wl_user` WHERE ( `username` = '123' ) LIMIT 1   [ RunTime:0.000596s ]

[ 2016-03-07T10:26:29+08:00 ] 0.0.0.0 /WebLaw/index.php/Index/checkName?username=123
INFO: [ app_begin ] --START--
INFO: Run ReadHtmlCache Behavior [ RunTime:0.001049s ]
INFO: [ app_begin ] --END-- [ RunTime:0.001193s ]
SQL: SHOW COLUMNS FROM `wl_user` [ RunTime:0.004029s ]
SQL: SELECT COUNT(*) AS tp_count FROM `wl_user` WHERE ( `username` = '123' ) LIMIT 1   [ RunTime:0.000528s ]

[ 2016-03-07T10:27:02+08:00 ] 0.0.0.0 /WebLaw/index.php/Index/checkName?username=123
INFO: [ app_begin ] --START--
INFO: Run ReadHtmlCache Behavior [ RunTime:0.000650s ]
INFO: [ app_begin ] --END-- [ RunTime:0.000739s ]
SQL: SHOW COLUMNS FROM `wl_user` [ RunTime:0.003881s ]
SQL: SELECT COUNT(*) AS tp_count FROM `wl_user` WHERE ( `username` = '123' ) LIMIT 1   [ RunTime:0.000582s ]

[ 2016-03-07T10:27:03+08:00 ] 0.0.0.0 /WebLaw/index.php/Index/checkName?username=123123
INFO: [ app_begin ] --START--
INFO: Run ReadHtmlCache Behavior [ RunTime:0.000746s ]
INFO: [ app_begin ] --END-- [ RunTime:0.000861s ]
SQL: SHOW COLUMNS FROM `wl_user` [ RunTime:0.003692s ]
SQL: SELECT COUNT(*) AS tp_count FROM `wl_user` WHERE ( `username` = '123123' ) LIMIT 1   [ RunTime:0.000492s ]

[ 2016-03-07T10:27:06+08:00 ] 0.0.0.0 /WebLaw/index.php/Index/checkName?username=123
INFO: [ app_begin ] --START--
INFO: Run ReadHtmlCache Behavior [ RunTime:0.001125s ]
INFO: [ app_begin ] --END-- [ RunTime:0.001290s ]
SQL: SHOW COLUMNS FROM `wl_user` [ RunTime:0.003847s ]
SQL: SELECT COUNT(*) AS tp_count FROM `wl_user` WHERE ( `username` = '123' ) LIMIT 1   [ RunTime:0.000455s ]

[ 2016-03-07T10:27:08+08:00 ] 0.0.0.0 /WebLaw/index.php/Index/checkName?username=123123
INFO: [ app_begin ] --START--
INFO: Run ReadHtmlCache Behavior [ RunTime:0.001129s ]
INFO: [ app_begin ] --END-- [ RunTime:0.001277s ]
SQL: SHOW COLUMNS FROM `wl_user` [ RunTime:0.353498s ]
SQL: SELECT COUNT(*) AS tp_count FROM `wl_user` WHERE ( `username` = '123123' ) LIMIT 1   [ RunTime:0.000788s ]

[ 2016-03-07T10:40:28+08:00 ] 0.0.0.0 /WebLaw/index.php/Index/checkName?username=123
INFO: [ app_begin ] --START--
INFO: Run ReadHtmlCache Behavior [ RunTime:0.000743s ]
INFO: [ app_begin ] --END-- [ RunTime:0.000830s ]
SQL: SHOW COLUMNS FROM `wl_user` [ RunTime:0.193340s ]
SQL: SELECT COUNT(*) AS tp_count FROM `wl_user` WHERE ( `username` = '123' ) LIMIT 1   [ RunTime:0.000645s ]

[ 2016-03-07T10:40:31+08:00 ] 0.0.0.0 /WebLaw/index.php/Index/checkName?username=111
INFO: [ app_begin ] --START--
INFO: Run ReadHtmlCache Behavior [ RunTime:0.000926s ]
INFO: [ app_begin ] --END-- [ RunTime:0.001074s ]
SQL: SHOW COLUMNS FROM `wl_user` [ RunTime:0.004787s ]
SQL: SELECT COUNT(*) AS tp_count FROM `wl_user` WHERE ( `username` = '111' ) LIMIT 1   [ RunTime:0.000449s ]

[ 2016-03-07T10:46:14+08:00 ] 0.0.0.0 /WebLaw/index.php/Index/checkName?username=111
INFO: [ app_begin ] --START--
INFO: Run ReadHtmlCache Behavior [ RunTime:0.001399s ]
INFO: [ app_begin ] --END-- [ RunTime:0.001533s ]
SQL: SHOW COLUMNS FROM `wl_user` [ RunTime:0.003718s ]
SQL: SELECT COUNT(*) AS tp_count FROM `wl_user` WHERE ( `username` = '111' ) LIMIT 1   [ RunTime:0.000470s ]

[ 2016-03-07T11:06:32+08:00 ] 0.0.0.0 /WebLaw/index.php/Index/checkName?username=cjq
INFO: [ app_begin ] --START--
INFO: Run ReadHtmlCache Behavior [ RunTime:0.001602s ]
INFO: [ app_begin ] --END-- [ RunTime:0.001743s ]
SQL: SHOW COLUMNS FROM `wl_user` [ RunTime:0.018110s ]
SQL: SELECT COUNT(*) AS tp_count FROM `wl_user` WHERE ( `username` = 'cjq' ) LIMIT 1   [ RunTime:0.000629s ]

[ 2016-03-07T11:06:35+08:00 ] 0.0.0.0 /WebLaw/index.php/Index/checkName?username=%E9%99%88%E4%BD%B3%E7%90%AA
INFO: [ app_begin ] --START--
INFO: Run ReadHtmlCache Behavior [ RunTime:0.001378s ]
INFO: [ app_begin ] --END-- [ RunTime:0.001517s ]
SQL: SHOW COLUMNS FROM `wl_user` [ RunTime:0.003791s ]
SQL: SELECT COUNT(*) AS tp_count FROM `wl_user` WHERE ( `username` = '陈佳琪' ) LIMIT 1   [ RunTime:0.000554s ]

[ 2016-03-07T11:06:37+08:00 ] 0.0.0.0 /WebLaw/index.php/Index/checkName?username=111
INFO: [ app_begin ] --START--
INFO: Run ReadHtmlCache Behavior [ RunTime:0.000897s ]
INFO: [ app_begin ] --END-- [ RunTime:0.000986s ]
SQL: SHOW COLUMNS FROM `wl_user` [ RunTime:0.004539s ]
SQL: SELECT COUNT(*) AS tp_count FROM `wl_user` WHERE ( `username` = '111' ) LIMIT 1   [ RunTime:0.000455s ]

[ 2016-03-07T11:06:38+08:00 ] 0.0.0.0 /WebLaw/index.php/Index/checkName?username=111
INFO: [ app_begin ] --START--
INFO: Run ReadHtmlCache Behavior [ RunTime:0.000966s ]
INFO: [ app_begin ] --END-- [ RunTime:0.001068s ]
SQL: SHOW COLUMNS FROM `wl_user` [ RunTime:0.003764s ]
SQL: SELECT COUNT(*) AS tp_count FROM `wl_user` WHERE ( `username` = '111' ) LIMIT 1   [ RunTime:0.000438s ]

[ 2016-03-07T11:06:41+08:00 ] 0.0.0.0 /WebLaw/index.php/Index/checkName?username=111
INFO: [ app_begin ] --START--
INFO: Run ReadHtmlCache Behavior [ RunTime:0.001023s ]
INFO: [ app_begin ] --END-- [ RunTime:0.001123s ]
SQL: SHOW COLUMNS FROM `wl_user` [ RunTime:0.110721s ]
SQL: SELECT COUNT(*) AS tp_count FROM `wl_user` WHERE ( `username` = '111' ) LIMIT 1   [ RunTime:0.000560s ]

[ 2016-03-07T11:07:17+08:00 ] 0.0.0.0 /WebLaw/index.php/Index/checkName?username=%E9%99%88%E4%BD%B3%E7%90%AA
INFO: [ app_begin ] --START--
INFO: Run ReadHtmlCache Behavior [ RunTime:0.001128s ]
INFO: [ app_begin ] --END-- [ RunTime:0.001304s ]
SQL: SHOW COLUMNS FROM `wl_user` [ RunTime:0.015442s ]
SQL: SELECT COUNT(*) AS tp_count FROM `wl_user` WHERE ( `username` = '陈佳琪' ) LIMIT 1   [ RunTime:0.000504s ]

[ 2016-03-07T11:07:19+08:00 ] 0.0.0.0 /WebLaw/index.php/Index/checkName?username=111
INFO: [ app_begin ] --START--
INFO: Run ReadHtmlCache Behavior [ RunTime:0.000649s ]
INFO: [ app_begin ] --END-- [ RunTime:0.000746s ]
SQL: SHOW COLUMNS FROM `wl_user` [ RunTime:0.028600s ]
SQL: SELECT COUNT(*) AS tp_count FROM `wl_user` WHERE ( `username` = '111' ) LIMIT 1   [ RunTime:0.000510s ]

[ 2016-03-07T11:22:51+08:00 ] 0.0.0.0 /WebLaw/index.php/Index/checkName?username=%E9%99%88%E4%BD%B3%E7%90%AA
INFO: [ app_begin ] --START--
INFO: Run ReadHtmlCache Behavior [ RunTime:0.000956s ]
INFO: [ app_begin ] --END-- [ RunTime:0.001085s ]
SQL: SHOW COLUMNS FROM `wl_user` [ RunTime:0.075402s ]
SQL: SELECT COUNT(*) AS tp_count FROM `wl_user` WHERE ( `username` = '陈佳琪' ) LIMIT 1   [ RunTime:0.000746s ]

[ 2016-03-07T11:23:05+08:00 ] 0.0.0.0 /WebLaw/index.php/Index/checkName?username=%E9%99%88%E4%BD%B3%E7%90%AA
INFO: [ app_begin ] --START--
INFO: Run ReadHtmlCache Behavior [ RunTime:0.000841s ]
INFO: [ app_begin ] --END-- [ RunTime:0.000930s ]
SQL: SHOW COLUMNS FROM `wl_user` [ RunTime:0.005035s ]
SQL: SELECT COUNT(*) AS tp_count FROM `wl_user` WHERE ( `username` = '陈佳琪' ) LIMIT 1   [ RunTime:0.000656s ]

[ 2016-03-07T11:23:15+08:00 ] 0.0.0.0 /WebLaw/index.php/Index/checkName?username=123
INFO: [ app_begin ] --START--
INFO: Run ReadHtmlCache Behavior [ RunTime:0.000942s ]
INFO: [ app_begin ] --END-- [ RunTime:0.001050s ]
SQL: SHOW COLUMNS FROM `wl_user` [ RunTime:0.003934s ]
SQL: SELECT COUNT(*) AS tp_count FROM `wl_user` WHERE ( `username` = '123' ) LIMIT 1   [ RunTime:0.000462s ]

[ 2016-03-07T11:23:45+08:00 ] 0.0.0.0 /WebLaw/index.php/Index/checkName?username=123
INFO: [ app_begin ] --START--
INFO: Run ReadHtmlCache Behavior [ RunTime:0.000850s ]
INFO: [ app_begin ] --END-- [ RunTime:0.000981s ]
SQL: SHOW COLUMNS FROM `wl_user` [ RunTime:0.003567s ]
SQL: SELECT COUNT(*) AS tp_count FROM `wl_user` WHERE ( `username` = '123' ) LIMIT 1   [ RunTime:0.000433s ]

[ 2016-03-07T11:23:48+08:00 ] 0.0.0.0 /WebLaw/index.php/Index/checkName?username=123
INFO: [ app_begin ] --START--
INFO: Run ReadHtmlCache Behavior [ RunTime:0.000678s ]
INFO: [ app_begin ] --END-- [ RunTime:0.000794s ]
SQL: SHOW COLUMNS FROM `wl_user` [ RunTime:0.003887s ]
SQL: SELECT COUNT(*) AS tp_count FROM `wl_user` WHERE ( `username` = '123' ) LIMIT 1   [ RunTime:0.000492s ]

[ 2016-03-07T11:23:52+08:00 ] 0.0.0.0 /WebLaw/index.php/Index/checkName?username=%E8%B6%85%E7%BA%A7
INFO: [ app_begin ] --START--
INFO: Run ReadHtmlCache Behavior [ RunTime:0.000808s ]
INFO: [ app_begin ] --END-- [ RunTime:0.000940s ]
SQL: SHOW COLUMNS FROM `wl_user` [ RunTime:0.005202s ]
SQL: SELECT COUNT(*) AS tp_count FROM `wl_user` WHERE ( `username` = '超级' ) LIMIT 1   [ RunTime:0.000632s ]

[ 2016-03-07T11:23:54+08:00 ] 0.0.0.0 /WebLaw/index.php/Index/checkName?username=%E9%99%88%E4%BD%B3%E7%90%AA
INFO: [ app_begin ] --START--
INFO: Run ReadHtmlCache Behavior [ RunTime:0.000721s ]
INFO: [ app_begin ] --END-- [ RunTime:0.000817s ]
SQL: SHOW COLUMNS FROM `wl_user` [ RunTime:0.003842s ]
SQL: SELECT COUNT(*) AS tp_count FROM `wl_user` WHERE ( `username` = '陈佳琪' ) LIMIT 1   [ RunTime:0.000491s ]

[ 2016-03-07T11:23:56+08:00 ] 0.0.0.0 /WebLaw/index.php/Index/checkName?username=123
INFO: [ app_begin ] --START--
INFO: Run ReadHtmlCache Behavior [ RunTime:0.000970s ]
INFO: [ app_begin ] --END-- [ RunTime:0.001127s ]
SQL: SHOW COLUMNS FROM `wl_user` [ RunTime:0.006075s ]
SQL: SELECT COUNT(*) AS tp_count FROM `wl_user` WHERE ( `username` = '123' ) LIMIT 1   [ RunTime:0.000712s ]

[ 2016-03-07T11:24:02+08:00 ] 0.0.0.0 /WebLaw/index.php/Index/checkName?username=111
INFO: [ app_begin ] --START--
INFO: Run ReadHtmlCache Behavior [ RunTime:0.000899s ]
INFO: [ app_begin ] --END-- [ RunTime:0.001059s ]
SQL: SHOW COLUMNS FROM `wl_user` [ RunTime:0.005145s ]
SQL: SELECT COUNT(*) AS tp_count FROM `wl_user` WHERE ( `username` = '111' ) LIMIT 1   [ RunTime:0.000493s ]

[ 2016-03-07T14:59:25+08:00 ] 0.0.0.0 /WebLaw/index.php/Index/checkName?username=text
INFO: [ app_begin ] --START--
INFO: Run ReadHtmlCache Behavior [ RunTime:0.000810s ]
INFO: [ app_begin ] --END-- [ RunTime:0.000940s ]
SQL: SHOW COLUMNS FROM `wl_user` [ RunTime:0.034674s ]
SQL: SELECT COUNT(*) AS tp_count FROM `wl_user` WHERE ( `username` = 'text' ) LIMIT 1   [ RunTime:0.000635s ]

[ 2016-03-07T15:02:13+08:00 ] 0.0.0.0 /WebLaw/index.php/Index/checkName?username=111
INFO: [ app_begin ] --START--
INFO: Run ReadHtmlCache Behavior [ RunTime:0.001136s ]
INFO: [ app_begin ] --END-- [ RunTime:0.001273s ]
SQL: SHOW COLUMNS FROM `wl_user` [ RunTime:0.003687s ]
SQL: SELECT COUNT(*) AS tp_count FROM `wl_user` WHERE ( `username` = '111' ) LIMIT 1   [ RunTime:0.000436s ]

[ 2016-03-07T15:19:41+08:00 ] ERR: (ThinkException) 非法操作:Opearation
[ 2016-03-07T15:19:58+08:00 ] ERR: (ThinkException) 非法操作:Opeartion
[ 2016-03-07T15:22:49+08:00 ] ERR: (ThinkException) 无法加载模块:Operation
[ 2016-03-07T15:22:56+08:00 ] ERR: (ThinkException) 无法加载模块:Opertion
[ 2016-03-07T22:12:28+08:00 ] ERR: (ThinkException) 非法操作:zixun
[ 2016-03-07T22:31:54+08:00 ] ERR: (ThinkException) 非法操作:2008
